[2026-03-30T05:36:55.328+0000] {processor.py:161} INFO - Started process (PID=133) to work on /home/airflow/.local/lib/python3.12/site-packages/airflow/example_dags/example_task_group_decorator.py
[2026-03-30T05:36:55.360+0000] {processor.py:830} INFO - Processing file /home/airflow/.local/lib/python3.12/site-packages/airflow/example_dags/example_task_group_decorator.py for tasks to queue
[2026-03-30T05:36:55.368+0000] {logging_mixin.py:188} INFO - [2026-03-30T05:36:55.367+0000] {dagbag.py:545} INFO - Filling up the DagBag from /home/airflow/.local/lib/python3.12/site-packages/airflow/example_dags/example_task_group_decorator.py
[2026-03-30T05:36:55.519+0000] {processor.py:840} INFO - DAG(s) 'example_task_group_decorator' retrieved from /home/airflow/.local/lib/python3.12/site-packages/airflow/example_dags/example_task_group_decorator.py
[2026-03-30T05:36:56.321+0000] {logging_mixin.py:188} INFO - [2026-03-30T05:36:56.316+0000] {dag.py:3089} INFO - Sync 1 DAGs
[2026-03-30T05:36:56.458+0000] {logging_mixin.py:188} INFO - [2026-03-30T05:36:56.457+0000] {dag.py:3947} INFO - Setting next_dagrun for example_task_group_decorator to 2026-03-29 00:00:00+00:00, run_after=2026-03-30 00:00:00+00:00
[2026-03-30T05:36:56.826+0000] {processor.py:183} INFO - Processing /home/airflow/.local/lib/python3.12/site-packages/airflow/example_dags/example_task_group_decorator.py took 1.534 seconds
[2026-03-30T05:37:40.971+0000] {processor.py:161} INFO - Started process (PID=199) to work on /home/airflow/.local/lib/python3.12/site-packages/airflow/example_dags/example_task_group_decorator.py
[2026-03-30T05:37:40.975+0000] {processor.py:830} INFO - Processing file /home/airflow/.local/lib/python3.12/site-packages/airflow/example_dags/example_task_group_decorator.py for tasks to queue
[2026-03-30T05:37:40.984+0000] {logging_mixin.py:188} INFO - [2026-03-30T05:37:40.983+0000] {dagbag.py:545} INFO - Filling up the DagBag from /home/airflow/.local/lib/python3.12/site-packages/airflow/example_dags/example_task_group_decorator.py
[2026-03-30T05:37:41.020+0000] {processor.py:840} INFO - DAG(s) 'example_task_group_decorator' retrieved from /home/airflow/.local/lib/python3.12/site-packages/airflow/example_dags/example_task_group_decorator.py
[2026-03-30T05:37:41.081+0000] {logging_mixin.py:188} INFO - [2026-03-30T05:37:41.078+0000] {dag.py:3089} INFO - Sync 1 DAGs
[2026-03-30T05:37:41.138+0000] {logging_mixin.py:188} INFO - [2026-03-30T05:37:41.137+0000] {dag.py:3947} INFO - Setting next_dagrun for example_task_group_decorator to 2026-03-29 00:00:00+00:00, run_after=2026-03-30 00:00:00+00:00
[2026-03-30T05:37:41.185+0000] {processor.py:183} INFO - Processing /home/airflow/.local/lib/python3.12/site-packages/airflow/example_dags/example_task_group_decorator.py took 0.226 seconds
[2026-03-30T05:38:22.211+0000] {processor.py:161} INFO - Started process (PID=263) to work on /home/airflow/.local/lib/python3.12/site-packages/airflow/example_dags/example_task_group_decorator.py
[2026-03-30T05:38:22.213+0000] {processor.py:830} INFO - Processing file /home/airflow/.local/lib/python3.12/site-packages/airflow/example_dags/example_task_group_decorator.py for tasks to queue
[2026-03-30T05:38:22.217+0000] {logging_mixin.py:188} INFO - [2026-03-30T05:38:22.216+0000] {dagbag.py:545} INFO - Filling up the DagBag from /home/airflow/.local/lib/python3.12/site-packages/airflow/example_dags/example_task_group_decorator.py
[2026-03-30T05:38:22.284+0000] {processor.py:840} INFO - DAG(s) 'example_task_group_decorator' retrieved from /home/airflow/.local/lib/python3.12/site-packages/airflow/example_dags/example_task_group_decorator.py
[2026-03-30T05:38:22.378+0000] {logging_mixin.py:188} INFO - [2026-03-30T05:38:22.377+0000] {dag.py:3089} INFO - Sync 1 DAGs
[2026-03-30T05:38:22.433+0000] {logging_mixin.py:188} INFO - [2026-03-30T05:38:22.433+0000] {dag.py:3947} INFO - Setting next_dagrun for example_task_group_decorator to 2026-03-29 00:00:00+00:00, run_after=2026-03-30 00:00:00+00:00
[2026-03-30T05:38:22.484+0000] {processor.py:183} INFO - Processing /home/airflow/.local/lib/python3.12/site-packages/airflow/example_dags/example_task_group_decorator.py took 0.293 seconds
[2026-03-30T05:40:31.380+0000] {processor.py:161} INFO - Started process (PID=344) to work on /home/airflow/.local/lib/python3.12/site-packages/airflow/example_dags/example_task_group_decorator.py
[2026-03-30T05:40:31.413+0000] {processor.py:830} INFO - Processing file /home/airflow/.local/lib/python3.12/site-packages/airflow/example_dags/example_task_group_decorator.py for tasks to queue
[2026-03-30T05:40:31.696+0000] {logging_mixin.py:188} INFO - [2026-03-30T05:40:31.686+0000] {dagbag.py:545} INFO - Filling up the DagBag from /home/airflow/.local/lib/python3.12/site-packages/airflow/example_dags/example_task_group_decorator.py
[2026-03-30T05:40:32.753+0000] {processor.py:840} INFO - DAG(s) 'example_task_group_decorator' retrieved from /home/airflow/.local/lib/python3.12/site-packages/airflow/example_dags/example_task_group_decorator.py
[2026-03-30T05:40:35.128+0000] {logging_mixin.py:188} INFO - [2026-03-30T05:40:35.125+0000] {dag.py:3089} INFO - Sync 1 DAGs
[2026-03-30T05:40:35.783+0000] {logging_mixin.py:188} INFO - [2026-03-30T05:40:35.779+0000] {dag.py:3947} INFO - Setting next_dagrun for example_task_group_decorator to 2026-03-29 00:00:00+00:00, run_after=2026-03-30 00:00:00+00:00
[2026-03-30T05:40:42.113+0000] {processor.py:183} INFO - Processing /home/airflow/.local/lib/python3.12/site-packages/airflow/example_dags/example_task_group_decorator.py took 10.916 seconds
[2026-03-30T05:55:02.541+0000] {processor.py:161} INFO - Started process (PID=548) to work on /home/airflow/.local/lib/python3.12/site-packages/airflow/example_dags/example_task_group_decorator.py
[2026-03-30T05:55:02.656+0000] {processor.py:830} INFO - Processing file /home/airflow/.local/lib/python3.12/site-packages/airflow/example_dags/example_task_group_decorator.py for tasks to queue
[2026-03-30T05:55:02.839+0000] {logging_mixin.py:188} INFO - [2026-03-30T05:55:02.811+0000] {dagbag.py:545} INFO - Filling up the DagBag from /home/airflow/.local/lib/python3.12/site-packages/airflow/example_dags/example_task_group_decorator.py
[2026-03-30T05:55:04.205+0000] {processor.py:840} INFO - DAG(s) 'example_task_group_decorator' retrieved from /home/airflow/.local/lib/python3.12/site-packages/airflow/example_dags/example_task_group_decorator.py
[2026-03-30T05:55:06.828+0000] {logging_mixin.py:188} INFO - [2026-03-30T05:55:06.728+0000] {dag.py:3089} INFO - Sync 1 DAGs
[2026-03-30T05:55:09.176+0000] {logging_mixin.py:188} INFO - [2026-03-30T05:55:08.846+0000] {dag.py:3947} INFO - Setting next_dagrun for example_task_group_decorator to 2026-03-29 00:00:00+00:00, run_after=2026-03-30 00:00:00+00:00
[2026-03-30T05:55:29.639+0000] {processor.py:183} INFO - Processing /home/airflow/.local/lib/python3.12/site-packages/airflow/example_dags/example_task_group_decorator.py took 28.249 seconds
[2026-03-30T06:12:09.481+0000] {processor.py:161} INFO - Started process (PID=110) to work on /home/airflow/.local/lib/python3.12/site-packages/airflow/example_dags/example_task_group_decorator.py
[2026-03-30T06:12:09.483+0000] {processor.py:830} INFO - Processing file /home/airflow/.local/lib/python3.12/site-packages/airflow/example_dags/example_task_group_decorator.py for tasks to queue
[2026-03-30T06:12:09.487+0000] {logging_mixin.py:188} INFO - [2026-03-30T06:12:09.486+0000] {dagbag.py:545} INFO - Filling up the DagBag from /home/airflow/.local/lib/python3.12/site-packages/airflow/example_dags/example_task_group_decorator.py
[2026-03-30T06:12:09.513+0000] {processor.py:840} INFO - DAG(s) 'example_task_group_decorator' retrieved from /home/airflow/.local/lib/python3.12/site-packages/airflow/example_dags/example_task_group_decorator.py
[2026-03-30T06:12:09.686+0000] {logging_mixin.py:188} INFO - [2026-03-30T06:12:09.685+0000] {dag.py:3089} INFO - Sync 1 DAGs
[2026-03-30T06:12:09.715+0000] {logging_mixin.py:188} INFO - [2026-03-30T06:12:09.714+0000] {dag.py:3947} INFO - Setting next_dagrun for example_task_group_decorator to 2026-03-29 00:00:00+00:00, run_after=2026-03-30 00:00:00+00:00
[2026-03-30T06:12:09.755+0000] {processor.py:183} INFO - Processing /home/airflow/.local/lib/python3.12/site-packages/airflow/example_dags/example_task_group_decorator.py took 0.290 seconds
