[2026-03-30T05:35:24.986+0000] {processor.py:161} INFO - Started process (PID=78) to work on /home/airflow/.local/lib/python3.12/site-packages/airflow/example_dags/example_xcom.py
[2026-03-30T05:35:24.997+0000] {processor.py:830} INFO - Processing file /home/airflow/.local/lib/python3.12/site-packages/airflow/example_dags/example_xcom.py for tasks to queue
[2026-03-30T05:35:25.013+0000] {logging_mixin.py:188} INFO - [2026-03-30T05:35:25.012+0000] {dagbag.py:545} INFO - Filling up the DagBag from /home/airflow/.local/lib/python3.12/site-packages/airflow/example_dags/example_xcom.py
[2026-03-30T05:35:25.113+0000] {processor.py:840} INFO - DAG(s) 'example_xcom' retrieved from /home/airflow/.local/lib/python3.12/site-packages/airflow/example_dags/example_xcom.py
[2026-03-30T05:35:26.416+0000] {logging_mixin.py:188} INFO - [2026-03-30T05:35:26.413+0000] {dag.py:3089} INFO - Sync 1 DAGs
[2026-03-30T05:35:26.615+0000] {logging_mixin.py:188} INFO - [2026-03-30T05:35:26.613+0000] {dag.py:3947} INFO - Setting next_dagrun for example_xcom to 2021-01-01 00:00:00+00:00, run_after=2021-01-01 00:00:00+00:00
[2026-03-30T05:35:26.775+0000] {processor.py:183} INFO - Processing /home/airflow/.local/lib/python3.12/site-packages/airflow/example_dags/example_xcom.py took 1.826 seconds
[2026-03-30T05:37:01.287+0000] {processor.py:161} INFO - Started process (PID=146) to work on /home/airflow/.local/lib/python3.12/site-packages/airflow/example_dags/example_xcom.py
[2026-03-30T05:37:01.305+0000] {processor.py:830} INFO - Processing file /home/airflow/.local/lib/python3.12/site-packages/airflow/example_dags/example_xcom.py for tasks to queue
[2026-03-30T05:37:01.334+0000] {logging_mixin.py:188} INFO - [2026-03-30T05:37:01.331+0000] {dagbag.py:545} INFO - Filling up the DagBag from /home/airflow/.local/lib/python3.12/site-packages/airflow/example_dags/example_xcom.py
[2026-03-30T05:37:01.506+0000] {processor.py:840} INFO - DAG(s) 'example_xcom' retrieved from /home/airflow/.local/lib/python3.12/site-packages/airflow/example_dags/example_xcom.py
[2026-03-30T05:37:02.806+0000] {logging_mixin.py:188} INFO - [2026-03-30T05:37:02.804+0000] {dag.py:3089} INFO - Sync 1 DAGs
[2026-03-30T05:37:02.980+0000] {logging_mixin.py:188} INFO - [2026-03-30T05:37:02.976+0000] {dag.py:3947} INFO - Setting next_dagrun for example_xcom to 2021-01-01 00:00:00+00:00, run_after=2021-01-01 00:00:00+00:00
[2026-03-30T05:37:03.116+0000] {processor.py:183} INFO - Processing /home/airflow/.local/lib/python3.12/site-packages/airflow/example_dags/example_xcom.py took 1.992 seconds
[2026-03-30T05:37:35.665+0000] {processor.py:161} INFO - Started process (PID=182) to work on /home/airflow/.local/lib/python3.12/site-packages/airflow/example_dags/example_xcom.py
[2026-03-30T05:37:35.683+0000] {processor.py:830} INFO - Processing file /home/airflow/.local/lib/python3.12/site-packages/airflow/example_dags/example_xcom.py for tasks to queue
[2026-03-30T05:37:35.691+0000] {logging_mixin.py:188} INFO - [2026-03-30T05:37:35.690+0000] {dagbag.py:545} INFO - Filling up the DagBag from /home/airflow/.local/lib/python3.12/site-packages/airflow/example_dags/example_xcom.py
[2026-03-30T05:37:35.874+0000] {processor.py:840} INFO - DAG(s) 'example_xcom' retrieved from /home/airflow/.local/lib/python3.12/site-packages/airflow/example_dags/example_xcom.py
[2026-03-30T05:37:36.054+0000] {logging_mixin.py:188} INFO - [2026-03-30T05:37:36.053+0000] {dag.py:3089} INFO - Sync 1 DAGs
[2026-03-30T05:37:36.130+0000] {logging_mixin.py:188} INFO - [2026-03-30T05:37:36.129+0000] {dag.py:3947} INFO - Setting next_dagrun for example_xcom to 2021-01-01 00:00:00+00:00, run_after=2021-01-01 00:00:00+00:00
[2026-03-30T05:37:36.186+0000] {processor.py:183} INFO - Processing /home/airflow/.local/lib/python3.12/site-packages/airflow/example_dags/example_xcom.py took 0.542 seconds
[2026-03-30T05:38:12.379+0000] {processor.py:161} INFO - Started process (PID=237) to work on /home/airflow/.local/lib/python3.12/site-packages/airflow/example_dags/example_xcom.py
[2026-03-30T05:38:12.382+0000] {processor.py:830} INFO - Processing file /home/airflow/.local/lib/python3.12/site-packages/airflow/example_dags/example_xcom.py for tasks to queue
[2026-03-30T05:38:12.392+0000] {logging_mixin.py:188} INFO - [2026-03-30T05:38:12.389+0000] {dagbag.py:545} INFO - Filling up the DagBag from /home/airflow/.local/lib/python3.12/site-packages/airflow/example_dags/example_xcom.py
[2026-03-30T05:38:12.445+0000] {processor.py:840} INFO - DAG(s) 'example_xcom' retrieved from /home/airflow/.local/lib/python3.12/site-packages/airflow/example_dags/example_xcom.py
[2026-03-30T05:38:12.616+0000] {logging_mixin.py:188} INFO - [2026-03-30T05:38:12.616+0000] {dag.py:3089} INFO - Sync 1 DAGs
[2026-03-30T05:38:12.931+0000] {logging_mixin.py:188} INFO - [2026-03-30T05:38:12.928+0000] {dag.py:3947} INFO - Setting next_dagrun for example_xcom to 2021-01-01 00:00:00+00:00, run_after=2021-01-01 00:00:00+00:00
[2026-03-30T05:38:13.050+0000] {processor.py:183} INFO - Processing /home/airflow/.local/lib/python3.12/site-packages/airflow/example_dags/example_xcom.py took 0.695 seconds
[2026-03-30T05:38:51.420+0000] {processor.py:161} INFO - Started process (PID=294) to work on /home/airflow/.local/lib/python3.12/site-packages/airflow/example_dags/example_xcom.py
[2026-03-30T05:38:51.430+0000] {processor.py:830} INFO - Processing file /home/airflow/.local/lib/python3.12/site-packages/airflow/example_dags/example_xcom.py for tasks to queue
[2026-03-30T05:38:51.448+0000] {logging_mixin.py:188} INFO - [2026-03-30T05:38:51.436+0000] {dagbag.py:545} INFO - Filling up the DagBag from /home/airflow/.local/lib/python3.12/site-packages/airflow/example_dags/example_xcom.py
[2026-03-30T05:38:51.496+0000] {processor.py:840} INFO - DAG(s) 'example_xcom' retrieved from /home/airflow/.local/lib/python3.12/site-packages/airflow/example_dags/example_xcom.py
[2026-03-30T05:38:51.693+0000] {logging_mixin.py:188} INFO - [2026-03-30T05:38:51.692+0000] {dag.py:3089} INFO - Sync 1 DAGs
[2026-03-30T05:38:51.817+0000] {logging_mixin.py:188} INFO - [2026-03-30T05:38:51.816+0000] {dag.py:3947} INFO - Setting next_dagrun for example_xcom to 2021-01-01 00:00:00+00:00, run_after=2021-01-01 00:00:00+00:00
[2026-03-30T05:38:51.967+0000] {processor.py:183} INFO - Processing /home/airflow/.local/lib/python3.12/site-packages/airflow/example_dags/example_xcom.py took 0.568 seconds
[2026-03-30T05:40:58.854+0000] {processor.py:161} INFO - Started process (PID=355) to work on /home/airflow/.local/lib/python3.12/site-packages/airflow/example_dags/example_xcom.py
[2026-03-30T05:40:58.885+0000] {processor.py:830} INFO - Processing file /home/airflow/.local/lib/python3.12/site-packages/airflow/example_dags/example_xcom.py for tasks to queue
[2026-03-30T05:40:59.004+0000] {logging_mixin.py:188} INFO - [2026-03-30T05:40:58.970+0000] {dagbag.py:545} INFO - Filling up the DagBag from /home/airflow/.local/lib/python3.12/site-packages/airflow/example_dags/example_xcom.py
[2026-03-30T05:40:59.721+0000] {processor.py:840} INFO - DAG(s) 'example_xcom' retrieved from /home/airflow/.local/lib/python3.12/site-packages/airflow/example_dags/example_xcom.py
[2026-03-30T05:41:01.881+0000] {logging_mixin.py:188} INFO - [2026-03-30T05:41:01.870+0000] {dag.py:3089} INFO - Sync 1 DAGs
[2026-03-30T05:41:03.390+0000] {logging_mixin.py:188} INFO - [2026-03-30T05:41:03.382+0000] {dag.py:3947} INFO - Setting next_dagrun for example_xcom to 2021-01-01 00:00:00+00:00, run_after=2021-01-01 00:00:00+00:00
[2026-03-30T05:41:05.073+0000] {processor.py:183} INFO - Processing /home/airflow/.local/lib/python3.12/site-packages/airflow/example_dags/example_xcom.py took 8.623 seconds
[2026-03-30T05:46:37.906+0000] {processor.py:161} INFO - Started process (PID=453) to work on /home/airflow/.local/lib/python3.12/site-packages/airflow/example_dags/example_xcom.py
[2026-03-30T05:46:38.424+0000] {processor.py:830} INFO - Processing file /home/airflow/.local/lib/python3.12/site-packages/airflow/example_dags/example_xcom.py for tasks to queue
[2026-03-30T05:46:38.911+0000] {logging_mixin.py:188} INFO - [2026-03-30T05:46:38.899+0000] {dagbag.py:545} INFO - Filling up the DagBag from /home/airflow/.local/lib/python3.12/site-packages/airflow/example_dags/example_xcom.py
[2026-03-30T05:46:42.498+0000] {processor.py:840} INFO - DAG(s) 'example_xcom' retrieved from /home/airflow/.local/lib/python3.12/site-packages/airflow/example_dags/example_xcom.py
[2026-03-30T05:46:46.115+0000] {logging_mixin.py:188} INFO - [2026-03-30T05:46:45.729+0000] {dag.py:3089} INFO - Sync 1 DAGs
[2026-03-30T05:46:50.099+0000] {logging_mixin.py:188} INFO - [2026-03-30T05:46:49.904+0000] {dag.py:3947} INFO - Setting next_dagrun for example_xcom to 2021-01-01 00:00:00+00:00, run_after=2021-01-01 00:00:00+00:00
[2026-03-30T05:46:51.746+0000] {processor.py:183} INFO - Processing /home/airflow/.local/lib/python3.12/site-packages/airflow/example_dags/example_xcom.py took 14.771 seconds
[2026-03-30T05:56:18.818+0000] {processor.py:161} INFO - Started process (PID=560) to work on /home/airflow/.local/lib/python3.12/site-packages/airflow/example_dags/example_xcom.py
[2026-03-30T05:56:19.275+0000] {processor.py:830} INFO - Processing file /home/airflow/.local/lib/python3.12/site-packages/airflow/example_dags/example_xcom.py for tasks to queue
[2026-03-30T05:56:19.498+0000] {logging_mixin.py:188} INFO - [2026-03-30T05:56:19.391+0000] {dagbag.py:545} INFO - Filling up the DagBag from /home/airflow/.local/lib/python3.12/site-packages/airflow/example_dags/example_xcom.py
[2026-03-30T05:56:20.644+0000] {processor.py:840} INFO - DAG(s) 'example_xcom' retrieved from /home/airflow/.local/lib/python3.12/site-packages/airflow/example_dags/example_xcom.py
[2026-03-30T05:56:24.061+0000] {logging_mixin.py:188} INFO - [2026-03-30T05:56:23.858+0000] {dag.py:3089} INFO - Sync 1 DAGs
[2026-03-30T05:56:28.754+0000] {logging_mixin.py:188} INFO - [2026-03-30T05:56:28.112+0000] {dag.py:3947} INFO - Setting next_dagrun for example_xcom to 2021-01-01 00:00:00+00:00, run_after=2021-01-01 00:00:00+00:00
[2026-03-30T05:56:41.208+0000] {processor.py:183} INFO - Processing /home/airflow/.local/lib/python3.12/site-packages/airflow/example_dags/example_xcom.py took 25.152 seconds
[2026-03-30T06:05:47.142+0000] {processor.py:161} INFO - Started process (PID=681) to work on /home/airflow/.local/lib/python3.12/site-packages/airflow/example_dags/example_xcom.py
[2026-03-30T06:05:47.279+0000] {processor.py:830} INFO - Processing file /home/airflow/.local/lib/python3.12/site-packages/airflow/example_dags/example_xcom.py for tasks to queue
[2026-03-30T06:05:47.324+0000] {logging_mixin.py:188} INFO - [2026-03-30T06:05:47.308+0000] {dagbag.py:545} INFO - Filling up the DagBag from /home/airflow/.local/lib/python3.12/site-packages/airflow/example_dags/example_xcom.py
[2026-03-30T06:05:48.075+0000] {processor.py:840} INFO - DAG(s) 'example_xcom' retrieved from /home/airflow/.local/lib/python3.12/site-packages/airflow/example_dags/example_xcom.py
[2026-03-30T06:05:50.357+0000] {logging_mixin.py:188} INFO - [2026-03-30T06:05:50.306+0000] {dag.py:3089} INFO - Sync 1 DAGs
[2026-03-30T06:05:51.934+0000] {logging_mixin.py:188} INFO - [2026-03-30T06:05:51.888+0000] {dag.py:3947} INFO - Setting next_dagrun for example_xcom to 2021-01-01 00:00:00+00:00, run_after=2021-01-01 00:00:00+00:00
[2026-03-30T06:05:52.744+0000] {processor.py:183} INFO - Processing /home/airflow/.local/lib/python3.12/site-packages/airflow/example_dags/example_xcom.py took 6.338 seconds
[2026-03-30T06:11:54.213+0000] {processor.py:161} INFO - Started process (PID=66) to work on /home/airflow/.local/lib/python3.12/site-packages/airflow/example_dags/example_xcom.py
[2026-03-30T06:11:54.218+0000] {processor.py:830} INFO - Processing file /home/airflow/.local/lib/python3.12/site-packages/airflow/example_dags/example_xcom.py for tasks to queue
[2026-03-30T06:11:54.232+0000] {logging_mixin.py:188} INFO - [2026-03-30T06:11:54.230+0000] {dagbag.py:545} INFO - Filling up the DagBag from /home/airflow/.local/lib/python3.12/site-packages/airflow/example_dags/example_xcom.py
[2026-03-30T06:11:54.290+0000] {processor.py:840} INFO - DAG(s) 'example_xcom' retrieved from /home/airflow/.local/lib/python3.12/site-packages/airflow/example_dags/example_xcom.py
[2026-03-30T06:11:54.811+0000] {logging_mixin.py:188} INFO - [2026-03-30T06:11:54.810+0000] {dag.py:3089} INFO - Sync 1 DAGs
[2026-03-30T06:11:54.898+0000] {logging_mixin.py:188} INFO - [2026-03-30T06:11:54.897+0000] {dag.py:3947} INFO - Setting next_dagrun for example_xcom to 2021-01-01 00:00:00+00:00, run_after=2021-01-01 00:00:00+00:00
[2026-03-30T06:11:54.959+0000] {processor.py:183} INFO - Processing /home/airflow/.local/lib/python3.12/site-packages/airflow/example_dags/example_xcom.py took 0.766 seconds
[2026-03-30T06:12:25.750+0000] {processor.py:161} INFO - Started process (PID=124) to work on /home/airflow/.local/lib/python3.12/site-packages/airflow/example_dags/example_xcom.py
[2026-03-30T06:12:26.260+0000] {processor.py:830} INFO - Processing file /home/airflow/.local/lib/python3.12/site-packages/airflow/example_dags/example_xcom.py for tasks to queue
