[2026-03-30T05:35:32.457+0000] {processor.py:161} INFO - Started process (PID=84) to work on /home/airflow/.local/lib/python3.12/site-packages/airflow/example_dags/example_short_circuit_decorator.py
[2026-03-30T05:35:32.497+0000] {processor.py:830} INFO - Processing file /home/airflow/.local/lib/python3.12/site-packages/airflow/example_dags/example_short_circuit_decorator.py for tasks to queue
[2026-03-30T05:35:32.720+0000] {logging_mixin.py:188} INFO - [2026-03-30T05:35:32.713+0000] {dagbag.py:545} INFO - Filling up the DagBag from /home/airflow/.local/lib/python3.12/site-packages/airflow/example_dags/example_short_circuit_decorator.py
[2026-03-30T05:35:32.955+0000] {processor.py:840} INFO - DAG(s) 'example_short_circuit_decorator' retrieved from /home/airflow/.local/lib/python3.12/site-packages/airflow/example_dags/example_short_circuit_decorator.py
[2026-03-30T05:35:34.194+0000] {logging_mixin.py:188} INFO - [2026-03-30T05:35:34.192+0000] {dag.py:3089} INFO - Sync 1 DAGs
[2026-03-30T05:35:34.419+0000] {logging_mixin.py:188} INFO - [2026-03-30T05:35:34.419+0000] {dag.py:3947} INFO - Setting next_dagrun for example_short_circuit_decorator to 2026-03-29 00:00:00+00:00, run_after=2026-03-30 00:00:00+00:00
[2026-03-30T05:35:34.657+0000] {processor.py:183} INFO - Processing /home/airflow/.local/lib/python3.12/site-packages/airflow/example_dags/example_short_circuit_decorator.py took 2.944 seconds
[2026-03-30T05:37:15.358+0000] {processor.py:161} INFO - Started process (PID=153) to work on /home/airflow/.local/lib/python3.12/site-packages/airflow/example_dags/example_short_circuit_decorator.py
[2026-03-30T05:37:15.417+0000] {processor.py:830} INFO - Processing file /home/airflow/.local/lib/python3.12/site-packages/airflow/example_dags/example_short_circuit_decorator.py for tasks to queue
[2026-03-30T05:37:15.618+0000] {logging_mixin.py:188} INFO - [2026-03-30T05:37:15.610+0000] {dagbag.py:545} INFO - Filling up the DagBag from /home/airflow/.local/lib/python3.12/site-packages/airflow/example_dags/example_short_circuit_decorator.py
[2026-03-30T05:37:15.773+0000] {processor.py:840} INFO - DAG(s) 'example_short_circuit_decorator' retrieved from /home/airflow/.local/lib/python3.12/site-packages/airflow/example_dags/example_short_circuit_decorator.py
[2026-03-30T05:37:16.125+0000] {logging_mixin.py:188} INFO - [2026-03-30T05:37:16.124+0000] {dag.py:3089} INFO - Sync 1 DAGs
[2026-03-30T05:37:16.421+0000] {logging_mixin.py:188} INFO - [2026-03-30T05:37:16.421+0000] {dag.py:3947} INFO - Setting next_dagrun for example_short_circuit_decorator to 2026-03-29 00:00:00+00:00, run_after=2026-03-30 00:00:00+00:00
[2026-03-30T05:37:17.007+0000] {processor.py:183} INFO - Processing /home/airflow/.local/lib/python3.12/site-packages/airflow/example_dags/example_short_circuit_decorator.py took 2.207 seconds
[2026-03-30T05:37:47.641+0000] {processor.py:161} INFO - Started process (PID=209) to work on /home/airflow/.local/lib/python3.12/site-packages/airflow/example_dags/example_short_circuit_decorator.py
[2026-03-30T05:37:47.654+0000] {processor.py:830} INFO - Processing file /home/airflow/.local/lib/python3.12/site-packages/airflow/example_dags/example_short_circuit_decorator.py for tasks to queue
[2026-03-30T05:37:47.667+0000] {logging_mixin.py:188} INFO - [2026-03-30T05:37:47.666+0000] {dagbag.py:545} INFO - Filling up the DagBag from /home/airflow/.local/lib/python3.12/site-packages/airflow/example_dags/example_short_circuit_decorator.py
[2026-03-30T05:37:47.724+0000] {processor.py:840} INFO - DAG(s) 'example_short_circuit_decorator' retrieved from /home/airflow/.local/lib/python3.12/site-packages/airflow/example_dags/example_short_circuit_decorator.py
[2026-03-30T05:37:47.830+0000] {logging_mixin.py:188} INFO - [2026-03-30T05:37:47.829+0000] {dag.py:3089} INFO - Sync 1 DAGs
[2026-03-30T05:37:47.899+0000] {logging_mixin.py:188} INFO - [2026-03-30T05:37:47.898+0000] {dag.py:3947} INFO - Setting next_dagrun for example_short_circuit_decorator to 2026-03-29 00:00:00+00:00, run_after=2026-03-30 00:00:00+00:00
[2026-03-30T05:37:47.969+0000] {processor.py:183} INFO - Processing /home/airflow/.local/lib/python3.12/site-packages/airflow/example_dags/example_short_circuit_decorator.py took 0.348 seconds
[2026-03-30T05:38:21.608+0000] {processor.py:161} INFO - Started process (PID=260) to work on /home/airflow/.local/lib/python3.12/site-packages/airflow/example_dags/example_short_circuit_decorator.py
[2026-03-30T05:38:21.610+0000] {processor.py:830} INFO - Processing file /home/airflow/.local/lib/python3.12/site-packages/airflow/example_dags/example_short_circuit_decorator.py for tasks to queue
[2026-03-30T05:38:21.615+0000] {logging_mixin.py:188} INFO - [2026-03-30T05:38:21.614+0000] {dagbag.py:545} INFO - Filling up the DagBag from /home/airflow/.local/lib/python3.12/site-packages/airflow/example_dags/example_short_circuit_decorator.py
[2026-03-30T05:38:21.637+0000] {processor.py:840} INFO - DAG(s) 'example_short_circuit_decorator' retrieved from /home/airflow/.local/lib/python3.12/site-packages/airflow/example_dags/example_short_circuit_decorator.py
[2026-03-30T05:38:21.695+0000] {logging_mixin.py:188} INFO - [2026-03-30T05:38:21.695+0000] {dag.py:3089} INFO - Sync 1 DAGs
[2026-03-30T05:38:21.754+0000] {logging_mixin.py:188} INFO - [2026-03-30T05:38:21.754+0000] {dag.py:3947} INFO - Setting next_dagrun for example_short_circuit_decorator to 2026-03-29 00:00:00+00:00, run_after=2026-03-30 00:00:00+00:00
[2026-03-30T05:38:21.822+0000] {processor.py:183} INFO - Processing /home/airflow/.local/lib/python3.12/site-packages/airflow/example_dags/example_short_circuit_decorator.py took 0.224 seconds
[2026-03-30T05:39:30.195+0000] {processor.py:161} INFO - Started process (PID=311) to work on /home/airflow/.local/lib/python3.12/site-packages/airflow/example_dags/example_short_circuit_decorator.py
[2026-03-30T05:39:30.210+0000] {processor.py:830} INFO - Processing file /home/airflow/.local/lib/python3.12/site-packages/airflow/example_dags/example_short_circuit_decorator.py for tasks to queue
[2026-03-30T05:39:30.284+0000] {logging_mixin.py:188} INFO - [2026-03-30T05:39:30.281+0000] {dagbag.py:545} INFO - Filling up the DagBag from /home/airflow/.local/lib/python3.12/site-packages/airflow/example_dags/example_short_circuit_decorator.py
[2026-03-30T05:39:30.902+0000] {processor.py:840} INFO - DAG(s) 'example_short_circuit_decorator' retrieved from /home/airflow/.local/lib/python3.12/site-packages/airflow/example_dags/example_short_circuit_decorator.py
[2026-03-30T05:39:31.838+0000] {logging_mixin.py:188} INFO - [2026-03-30T05:39:31.836+0000] {dag.py:3089} INFO - Sync 1 DAGs
[2026-03-30T05:39:32.863+0000] {logging_mixin.py:188} INFO - [2026-03-30T05:39:32.858+0000] {dag.py:3947} INFO - Setting next_dagrun for example_short_circuit_decorator to 2026-03-29 00:00:00+00:00, run_after=2026-03-30 00:00:00+00:00
[2026-03-30T05:39:33.482+0000] {processor.py:183} INFO - Processing /home/airflow/.local/lib/python3.12/site-packages/airflow/example_dags/example_short_circuit_decorator.py took 3.359 seconds
[2026-03-30T05:41:56.219+0000] {processor.py:161} INFO - Started process (PID=367) to work on /home/airflow/.local/lib/python3.12/site-packages/airflow/example_dags/example_short_circuit_decorator.py
[2026-03-30T05:41:56.260+0000] {processor.py:830} INFO - Processing file /home/airflow/.local/lib/python3.12/site-packages/airflow/example_dags/example_short_circuit_decorator.py for tasks to queue
[2026-03-30T05:41:56.465+0000] {logging_mixin.py:188} INFO - [2026-03-30T05:41:56.462+0000] {dagbag.py:545} INFO - Filling up the DagBag from /home/airflow/.local/lib/python3.12/site-packages/airflow/example_dags/example_short_circuit_decorator.py
[2026-03-30T05:41:56.933+0000] {processor.py:840} INFO - DAG(s) 'example_short_circuit_decorator' retrieved from /home/airflow/.local/lib/python3.12/site-packages/airflow/example_dags/example_short_circuit_decorator.py
[2026-03-30T05:41:59.866+0000] {logging_mixin.py:188} INFO - [2026-03-30T05:41:59.864+0000] {dag.py:3089} INFO - Sync 1 DAGs
[2026-03-30T05:42:01.194+0000] {logging_mixin.py:188} INFO - [2026-03-30T05:42:01.005+0000] {dag.py:3947} INFO - Setting next_dagrun for example_short_circuit_decorator to 2026-03-29 00:00:00+00:00, run_after=2026-03-30 00:00:00+00:00
[2026-03-30T05:42:10.573+0000] {processor.py:183} INFO - Processing /home/airflow/.local/lib/python3.12/site-packages/airflow/example_dags/example_short_circuit_decorator.py took 14.691 seconds
[2026-03-30T05:47:41.183+0000] {processor.py:161} INFO - Started process (PID=465) to work on /home/airflow/.local/lib/python3.12/site-packages/airflow/example_dags/example_short_circuit_decorator.py
[2026-03-30T05:47:41.281+0000] {processor.py:830} INFO - Processing file /home/airflow/.local/lib/python3.12/site-packages/airflow/example_dags/example_short_circuit_decorator.py for tasks to queue
[2026-03-30T05:47:42.268+0000] {logging_mixin.py:188} INFO - [2026-03-30T05:47:42.120+0000] {dagbag.py:545} INFO - Filling up the DagBag from /home/airflow/.local/lib/python3.12/site-packages/airflow/example_dags/example_short_circuit_decorator.py
[2026-03-30T05:47:43.533+0000] {processor.py:840} INFO - DAG(s) 'example_short_circuit_decorator' retrieved from /home/airflow/.local/lib/python3.12/site-packages/airflow/example_dags/example_short_circuit_decorator.py
[2026-03-30T05:47:53.375+0000] {logging_mixin.py:188} INFO - [2026-03-30T05:47:53.329+0000] {dag.py:3089} INFO - Sync 1 DAGs
[2026-03-30T05:47:59.011+0000] {logging_mixin.py:188} INFO - [2026-03-30T05:47:58.966+0000] {dag.py:3947} INFO - Setting next_dagrun for example_short_circuit_decorator to 2026-03-29 00:00:00+00:00, run_after=2026-03-30 00:00:00+00:00
[2026-03-30T05:48:02.834+0000] {processor.py:183} INFO - Processing /home/airflow/.local/lib/python3.12/site-packages/airflow/example_dags/example_short_circuit_decorator.py took 22.872 seconds
[2026-03-30T05:58:22.697+0000] {processor.py:161} INFO - Started process (PID=585) to work on /home/airflow/.local/lib/python3.12/site-packages/airflow/example_dags/example_short_circuit_decorator.py
[2026-03-30T05:58:22.746+0000] {processor.py:830} INFO - Processing file /home/airflow/.local/lib/python3.12/site-packages/airflow/example_dags/example_short_circuit_decorator.py for tasks to queue
[2026-03-30T05:58:22.804+0000] {logging_mixin.py:188} INFO - [2026-03-30T05:58:22.770+0000] {dagbag.py:545} INFO - Filling up the DagBag from /home/airflow/.local/lib/python3.12/site-packages/airflow/example_dags/example_short_circuit_decorator.py
[2026-03-30T05:58:24.663+0000] {processor.py:840} INFO - DAG(s) 'example_short_circuit_decorator' retrieved from /home/airflow/.local/lib/python3.12/site-packages/airflow/example_dags/example_short_circuit_decorator.py
[2026-03-30T05:58:30.769+0000] {logging_mixin.py:188} INFO - [2026-03-30T05:58:30.722+0000] {dag.py:3089} INFO - Sync 1 DAGs
[2026-03-30T05:58:44.714+0000] {logging_mixin.py:188} INFO - [2026-03-30T05:58:44.513+0000] {dag.py:3947} INFO - Setting next_dagrun for example_short_circuit_decorator to 2026-03-29 00:00:00+00:00, run_after=2026-03-30 00:00:00+00:00
[2026-03-30T05:58:49.730+0000] {processor.py:183} INFO - Processing /home/airflow/.local/lib/python3.12/site-packages/airflow/example_dags/example_short_circuit_decorator.py took 27.422 seconds
[2026-03-30T06:06:48.274+0000] {processor.py:161} INFO - Started process (PID=699) to work on /home/airflow/.local/lib/python3.12/site-packages/airflow/example_dags/example_short_circuit_decorator.py
[2026-03-30T06:06:49.717+0000] {processor.py:830} INFO - Processing file /home/airflow/.local/lib/python3.12/site-packages/airflow/example_dags/example_short_circuit_decorator.py for tasks to queue
[2026-03-30T06:06:50.473+0000] {logging_mixin.py:188} INFO - [2026-03-30T06:06:50.432+0000] {dagbag.py:545} INFO - Filling up the DagBag from /home/airflow/.local/lib/python3.12/site-packages/airflow/example_dags/example_short_circuit_decorator.py
[2026-03-30T06:06:50.901+0000] {processor.py:840} INFO - DAG(s) 'example_short_circuit_decorator' retrieved from /home/airflow/.local/lib/python3.12/site-packages/airflow/example_dags/example_short_circuit_decorator.py
[2026-03-30T06:06:52.086+0000] {logging_mixin.py:188} INFO - [2026-03-30T06:06:52.069+0000] {dag.py:3089} INFO - Sync 1 DAGs
[2026-03-30T06:06:52.867+0000] {logging_mixin.py:188} INFO - [2026-03-30T06:06:52.816+0000] {dag.py:3947} INFO - Setting next_dagrun for example_short_circuit_decorator to 2026-03-29 00:00:00+00:00, run_after=2026-03-30 00:00:00+00:00
[2026-03-30T06:06:53.374+0000] {processor.py:183} INFO - Processing /home/airflow/.local/lib/python3.12/site-packages/airflow/example_dags/example_short_circuit_decorator.py took 6.066 seconds
[2026-03-30T06:11:57.059+0000] {processor.py:161} INFO - Started process (PID=72) to work on /home/airflow/.local/lib/python3.12/site-packages/airflow/example_dags/example_short_circuit_decorator.py
[2026-03-30T06:11:57.061+0000] {processor.py:830} INFO - Processing file /home/airflow/.local/lib/python3.12/site-packages/airflow/example_dags/example_short_circuit_decorator.py for tasks to queue
[2026-03-30T06:11:57.065+0000] {logging_mixin.py:188} INFO - [2026-03-30T06:11:57.064+0000] {dagbag.py:545} INFO - Filling up the DagBag from /home/airflow/.local/lib/python3.12/site-packages/airflow/example_dags/example_short_circuit_decorator.py
[2026-03-30T06:11:57.088+0000] {processor.py:840} INFO - DAG(s) 'example_short_circuit_decorator' retrieved from /home/airflow/.local/lib/python3.12/site-packages/airflow/example_dags/example_short_circuit_decorator.py
[2026-03-30T06:11:57.688+0000] {logging_mixin.py:188} INFO - [2026-03-30T06:11:57.685+0000] {dag.py:3089} INFO - Sync 1 DAGs
[2026-03-30T06:11:57.783+0000] {logging_mixin.py:188} INFO - [2026-03-30T06:11:57.783+0000] {dag.py:3947} INFO - Setting next_dagrun for example_short_circuit_decorator to 2026-03-29 00:00:00+00:00, run_after=2026-03-30 00:00:00+00:00
[2026-03-30T06:11:57.863+0000] {processor.py:183} INFO - Processing /home/airflow/.local/lib/python3.12/site-packages/airflow/example_dags/example_short_circuit_decorator.py took 0.820 seconds
