[2026-03-30T05:35:27.349+0000] {processor.py:161} INFO - Started process (PID=80) to work on /home/airflow/.local/lib/python3.12/site-packages/airflow/example_dags/example_branch_day_of_week_operator.py
[2026-03-30T05:35:27.355+0000] {processor.py:830} INFO - Processing file /home/airflow/.local/lib/python3.12/site-packages/airflow/example_dags/example_branch_day_of_week_operator.py for tasks to queue
[2026-03-30T05:35:27.373+0000] {logging_mixin.py:188} INFO - [2026-03-30T05:35:27.372+0000] {dagbag.py:545} INFO - Filling up the DagBag from /home/airflow/.local/lib/python3.12/site-packages/airflow/example_dags/example_branch_day_of_week_operator.py
[2026-03-30T05:35:27.486+0000] {processor.py:840} INFO - DAG(s) 'example_weekday_branch_operator' retrieved from /home/airflow/.local/lib/python3.12/site-packages/airflow/example_dags/example_branch_day_of_week_operator.py
[2026-03-30T05:35:27.980+0000] {logging_mixin.py:188} INFO - [2026-03-30T05:35:27.980+0000] {dag.py:3089} INFO - Sync 1 DAGs
[2026-03-30T05:35:28.223+0000] {logging_mixin.py:188} INFO - [2026-03-30T05:35:28.221+0000] {dag.py:3947} INFO - Setting next_dagrun for example_weekday_branch_operator to 2026-03-29 00:00:00+00:00, run_after=2026-03-30 00:00:00+00:00
[2026-03-30T05:35:28.363+0000] {processor.py:183} INFO - Processing /home/airflow/.local/lib/python3.12/site-packages/airflow/example_dags/example_branch_day_of_week_operator.py took 1.041 seconds
[2026-03-30T05:37:08.380+0000] {processor.py:161} INFO - Started process (PID=149) to work on /home/airflow/.local/lib/python3.12/site-packages/airflow/example_dags/example_branch_day_of_week_operator.py
[2026-03-30T05:37:08.395+0000] {processor.py:830} INFO - Processing file /home/airflow/.local/lib/python3.12/site-packages/airflow/example_dags/example_branch_day_of_week_operator.py for tasks to queue
[2026-03-30T05:37:08.423+0000] {logging_mixin.py:188} INFO - [2026-03-30T05:37:08.421+0000] {dagbag.py:545} INFO - Filling up the DagBag from /home/airflow/.local/lib/python3.12/site-packages/airflow/example_dags/example_branch_day_of_week_operator.py
[2026-03-30T05:37:08.540+0000] {processor.py:840} INFO - DAG(s) 'example_weekday_branch_operator' retrieved from /home/airflow/.local/lib/python3.12/site-packages/airflow/example_dags/example_branch_day_of_week_operator.py
[2026-03-30T05:37:08.792+0000] {logging_mixin.py:188} INFO - [2026-03-30T05:37:08.792+0000] {dag.py:3089} INFO - Sync 1 DAGs
[2026-03-30T05:37:08.914+0000] {logging_mixin.py:188} INFO - [2026-03-30T05:37:08.913+0000] {dag.py:3947} INFO - Setting next_dagrun for example_weekday_branch_operator to 2026-03-29 00:00:00+00:00, run_after=2026-03-30 00:00:00+00:00
[2026-03-30T05:37:09.034+0000] {processor.py:183} INFO - Processing /home/airflow/.local/lib/python3.12/site-packages/airflow/example_dags/example_branch_day_of_week_operator.py took 0.893 seconds
[2026-03-30T05:37:41.452+0000] {processor.py:161} INFO - Started process (PID=205) to work on /home/airflow/.local/lib/python3.12/site-packages/airflow/example_dags/example_branch_day_of_week_operator.py
[2026-03-30T05:37:41.455+0000] {processor.py:830} INFO - Processing file /home/airflow/.local/lib/python3.12/site-packages/airflow/example_dags/example_branch_day_of_week_operator.py for tasks to queue
[2026-03-30T05:37:41.460+0000] {logging_mixin.py:188} INFO - [2026-03-30T05:37:41.460+0000] {dagbag.py:545} INFO - Filling up the DagBag from /home/airflow/.local/lib/python3.12/site-packages/airflow/example_dags/example_branch_day_of_week_operator.py
[2026-03-30T05:37:41.491+0000] {processor.py:840} INFO - DAG(s) 'example_weekday_branch_operator' retrieved from /home/airflow/.local/lib/python3.12/site-packages/airflow/example_dags/example_branch_day_of_week_operator.py
[2026-03-30T05:37:41.603+0000] {logging_mixin.py:188} INFO - [2026-03-30T05:37:41.602+0000] {dag.py:3089} INFO - Sync 1 DAGs
[2026-03-30T05:37:41.684+0000] {logging_mixin.py:188} INFO - [2026-03-30T05:37:41.684+0000] {dag.py:3947} INFO - Setting next_dagrun for example_weekday_branch_operator to 2026-03-29 00:00:00+00:00, run_after=2026-03-30 00:00:00+00:00
[2026-03-30T05:37:41.831+0000] {processor.py:183} INFO - Processing /home/airflow/.local/lib/python3.12/site-packages/airflow/example_dags/example_branch_day_of_week_operator.py took 0.399 seconds
[2026-03-30T05:38:20.753+0000] {processor.py:161} INFO - Started process (PID=256) to work on /home/airflow/.local/lib/python3.12/site-packages/airflow/example_dags/example_branch_day_of_week_operator.py
[2026-03-30T05:38:20.756+0000] {processor.py:830} INFO - Processing file /home/airflow/.local/lib/python3.12/site-packages/airflow/example_dags/example_branch_day_of_week_operator.py for tasks to queue
[2026-03-30T05:38:20.767+0000] {logging_mixin.py:188} INFO - [2026-03-30T05:38:20.766+0000] {dagbag.py:545} INFO - Filling up the DagBag from /home/airflow/.local/lib/python3.12/site-packages/airflow/example_dags/example_branch_day_of_week_operator.py
[2026-03-30T05:38:20.787+0000] {processor.py:840} INFO - DAG(s) 'example_weekday_branch_operator' retrieved from /home/airflow/.local/lib/python3.12/site-packages/airflow/example_dags/example_branch_day_of_week_operator.py
[2026-03-30T05:38:20.837+0000] {logging_mixin.py:188} INFO - [2026-03-30T05:38:20.836+0000] {dag.py:3089} INFO - Sync 1 DAGs
[2026-03-30T05:38:20.901+0000] {logging_mixin.py:188} INFO - [2026-03-30T05:38:20.900+0000] {dag.py:3947} INFO - Setting next_dagrun for example_weekday_branch_operator to 2026-03-29 00:00:00+00:00, run_after=2026-03-30 00:00:00+00:00
[2026-03-30T05:38:20.946+0000] {processor.py:183} INFO - Processing /home/airflow/.local/lib/python3.12/site-packages/airflow/example_dags/example_branch_day_of_week_operator.py took 0.207 seconds
[2026-03-30T05:39:22.969+0000] {processor.py:161} INFO - Started process (PID=307) to work on /home/airflow/.local/lib/python3.12/site-packages/airflow/example_dags/example_branch_day_of_week_operator.py
[2026-03-30T05:39:23.000+0000] {processor.py:830} INFO - Processing file /home/airflow/.local/lib/python3.12/site-packages/airflow/example_dags/example_branch_day_of_week_operator.py for tasks to queue
[2026-03-30T05:39:23.367+0000] {logging_mixin.py:188} INFO - [2026-03-30T05:39:23.366+0000] {dagbag.py:545} INFO - Filling up the DagBag from /home/airflow/.local/lib/python3.12/site-packages/airflow/example_dags/example_branch_day_of_week_operator.py
[2026-03-30T05:39:23.676+0000] {processor.py:840} INFO - DAG(s) 'example_weekday_branch_operator' retrieved from /home/airflow/.local/lib/python3.12/site-packages/airflow/example_dags/example_branch_day_of_week_operator.py
[2026-03-30T05:39:24.594+0000] {logging_mixin.py:188} INFO - [2026-03-30T05:39:24.592+0000] {dag.py:3089} INFO - Sync 1 DAGs
[2026-03-30T05:39:25.272+0000] {logging_mixin.py:188} INFO - [2026-03-30T05:39:25.267+0000] {dag.py:3947} INFO - Setting next_dagrun for example_weekday_branch_operator to 2026-03-29 00:00:00+00:00, run_after=2026-03-30 00:00:00+00:00
[2026-03-30T05:39:25.667+0000] {processor.py:183} INFO - Processing /home/airflow/.local/lib/python3.12/site-packages/airflow/example_dags/example_branch_day_of_week_operator.py took 3.189 seconds
[2026-03-30T05:41:11.376+0000] {processor.py:161} INFO - Started process (PID=357) to work on /home/airflow/.local/lib/python3.12/site-packages/airflow/example_dags/example_branch_day_of_week_operator.py
[2026-03-30T05:41:12.541+0000] {processor.py:830} INFO - Processing file /home/airflow/.local/lib/python3.12/site-packages/airflow/example_dags/example_branch_day_of_week_operator.py for tasks to queue
[2026-03-30T05:41:13.090+0000] {logging_mixin.py:188} INFO - [2026-03-30T05:41:12.890+0000] {dagbag.py:545} INFO - Filling up the DagBag from /home/airflow/.local/lib/python3.12/site-packages/airflow/example_dags/example_branch_day_of_week_operator.py
[2026-03-30T05:41:18.437+0000] {processor.py:840} INFO - DAG(s) 'example_weekday_branch_operator' retrieved from /home/airflow/.local/lib/python3.12/site-packages/airflow/example_dags/example_branch_day_of_week_operator.py
[2026-03-30T05:41:39.047+0000] {logging_mixin.py:188} INFO - [2026-03-30T05:41:38.964+0000] {dag.py:3089} INFO - Sync 1 DAGs
[2026-03-30T05:41:41.768+0000] {logging_mixin.py:188} INFO - [2026-03-30T05:41:41.760+0000] {dag.py:3947} INFO - Setting next_dagrun for example_weekday_branch_operator to 2026-03-29 00:00:00+00:00, run_after=2026-03-30 00:00:00+00:00
[2026-03-30T05:41:42.481+0000] {processor.py:183} INFO - Processing /home/airflow/.local/lib/python3.12/site-packages/airflow/example_dags/example_branch_day_of_week_operator.py took 35.981 seconds
[2026-03-30T05:46:56.857+0000] {processor.py:161} INFO - Started process (PID=455) to work on /home/airflow/.local/lib/python3.12/site-packages/airflow/example_dags/example_branch_day_of_week_operator.py
[2026-03-30T05:46:57.109+0000] {processor.py:830} INFO - Processing file /home/airflow/.local/lib/python3.12/site-packages/airflow/example_dags/example_branch_day_of_week_operator.py for tasks to queue
[2026-03-30T05:46:57.350+0000] {logging_mixin.py:188} INFO - [2026-03-30T05:46:57.296+0000] {dagbag.py:545} INFO - Filling up the DagBag from /home/airflow/.local/lib/python3.12/site-packages/airflow/example_dags/example_branch_day_of_week_operator.py
[2026-03-30T05:47:00.148+0000] {processor.py:840} INFO - DAG(s) 'example_weekday_branch_operator' retrieved from /home/airflow/.local/lib/python3.12/site-packages/airflow/example_dags/example_branch_day_of_week_operator.py
[2026-03-30T05:47:11.995+0000] {logging_mixin.py:188} INFO - [2026-03-30T05:47:11.987+0000] {dag.py:3089} INFO - Sync 1 DAGs
[2026-03-30T05:47:16.841+0000] {logging_mixin.py:188} INFO - [2026-03-30T05:47:16.772+0000] {dag.py:3947} INFO - Setting next_dagrun for example_weekday_branch_operator to 2026-03-29 00:00:00+00:00, run_after=2026-03-30 00:00:00+00:00
[2026-03-30T05:47:19.134+0000] {processor.py:183} INFO - Processing /home/airflow/.local/lib/python3.12/site-packages/airflow/example_dags/example_branch_day_of_week_operator.py took 22.546 seconds
[2026-03-30T05:56:42.967+0000] {processor.py:161} INFO - Started process (PID=568) to work on /home/airflow/.local/lib/python3.12/site-packages/airflow/example_dags/example_branch_day_of_week_operator.py
[2026-03-30T05:56:43.043+0000] {processor.py:830} INFO - Processing file /home/airflow/.local/lib/python3.12/site-packages/airflow/example_dags/example_branch_day_of_week_operator.py for tasks to queue
[2026-03-30T05:56:43.095+0000] {logging_mixin.py:188} INFO - [2026-03-30T05:56:43.074+0000] {dagbag.py:545} INFO - Filling up the DagBag from /home/airflow/.local/lib/python3.12/site-packages/airflow/example_dags/example_branch_day_of_week_operator.py
[2026-03-30T05:56:46.411+0000] {processor.py:840} INFO - DAG(s) 'example_weekday_branch_operator' retrieved from /home/airflow/.local/lib/python3.12/site-packages/airflow/example_dags/example_branch_day_of_week_operator.py
[2026-03-30T05:56:53.728+0000] {logging_mixin.py:188} INFO - [2026-03-30T05:56:53.246+0000] {dag.py:3089} INFO - Sync 1 DAGs
[2026-03-30T05:57:11.605+0000] {logging_mixin.py:188} INFO - [2026-03-30T05:57:11.406+0000] {dag.py:3947} INFO - Setting next_dagrun for example_weekday_branch_operator to 2026-03-29 00:00:00+00:00, run_after=2026-03-30 00:00:00+00:00
[2026-03-30T05:57:19.677+0000] {processor.py:183} INFO - Processing /home/airflow/.local/lib/python3.12/site-packages/airflow/example_dags/example_branch_day_of_week_operator.py took 38.819 seconds
[2026-03-30T06:06:08.043+0000] {processor.py:161} INFO - Started process (PID=689) to work on /home/airflow/.local/lib/python3.12/site-packages/airflow/example_dags/example_branch_day_of_week_operator.py
[2026-03-30T06:06:08.277+0000] {processor.py:830} INFO - Processing file /home/airflow/.local/lib/python3.12/site-packages/airflow/example_dags/example_branch_day_of_week_operator.py for tasks to queue
[2026-03-30T06:06:08.611+0000] {logging_mixin.py:188} INFO - [2026-03-30T06:06:08.551+0000] {dagbag.py:545} INFO - Filling up the DagBag from /home/airflow/.local/lib/python3.12/site-packages/airflow/example_dags/example_branch_day_of_week_operator.py
[2026-03-30T06:06:09.820+0000] {processor.py:840} INFO - DAG(s) 'example_weekday_branch_operator' retrieved from /home/airflow/.local/lib/python3.12/site-packages/airflow/example_dags/example_branch_day_of_week_operator.py
[2026-03-30T06:06:11.777+0000] {logging_mixin.py:188} INFO - [2026-03-30T06:06:11.578+0000] {dag.py:3089} INFO - Sync 1 DAGs
[2026-03-30T06:06:15.452+0000] {logging_mixin.py:188} INFO - [2026-03-30T06:06:15.427+0000] {dag.py:3947} INFO - Setting next_dagrun for example_weekday_branch_operator to 2026-03-29 00:00:00+00:00, run_after=2026-03-30 00:00:00+00:00
[2026-03-30T06:06:15.940+0000] {processor.py:183} INFO - Processing /home/airflow/.local/lib/python3.12/site-packages/airflow/example_dags/example_branch_day_of_week_operator.py took 9.647 seconds
[2026-03-30T06:11:55.493+0000] {processor.py:161} INFO - Started process (PID=68) to work on /home/airflow/.local/lib/python3.12/site-packages/airflow/example_dags/example_branch_day_of_week_operator.py
[2026-03-30T06:11:55.498+0000] {processor.py:830} INFO - Processing file /home/airflow/.local/lib/python3.12/site-packages/airflow/example_dags/example_branch_day_of_week_operator.py for tasks to queue
[2026-03-30T06:11:55.518+0000] {logging_mixin.py:188} INFO - [2026-03-30T06:11:55.517+0000] {dagbag.py:545} INFO - Filling up the DagBag from /home/airflow/.local/lib/python3.12/site-packages/airflow/example_dags/example_branch_day_of_week_operator.py
[2026-03-30T06:11:55.557+0000] {processor.py:840} INFO - DAG(s) 'example_weekday_branch_operator' retrieved from /home/airflow/.local/lib/python3.12/site-packages/airflow/example_dags/example_branch_day_of_week_operator.py
[2026-03-30T06:11:55.998+0000] {logging_mixin.py:188} INFO - [2026-03-30T06:11:55.997+0000] {dag.py:3089} INFO - Sync 1 DAGs
[2026-03-30T06:11:56.061+0000] {logging_mixin.py:188} INFO - [2026-03-30T06:11:56.060+0000] {dag.py:3947} INFO - Setting next_dagrun for example_weekday_branch_operator to 2026-03-29 00:00:00+00:00, run_after=2026-03-30 00:00:00+00:00
[2026-03-30T06:11:56.119+0000] {processor.py:183} INFO - Processing /home/airflow/.local/lib/python3.12/site-packages/airflow/example_dags/example_branch_day_of_week_operator.py took 0.646 seconds
