[2026-03-30T05:35:40.981+0000] {processor.py:161} INFO - Started process (PID=90) to work on /home/airflow/.local/lib/python3.12/site-packages/airflow/example_dags/example_sensor_decorator.py
[2026-03-30T05:35:40.997+0000] {processor.py:830} INFO - Processing file /home/airflow/.local/lib/python3.12/site-packages/airflow/example_dags/example_sensor_decorator.py for tasks to queue
[2026-03-30T05:35:41.048+0000] {logging_mixin.py:188} INFO - [2026-03-30T05:35:41.036+0000] {dagbag.py:545} INFO - Filling up the DagBag from /home/airflow/.local/lib/python3.12/site-packages/airflow/example_dags/example_sensor_decorator.py
[2026-03-30T05:35:41.216+0000] {processor.py:840} INFO - DAG(s) 'example_sensor_decorator' retrieved from /home/airflow/.local/lib/python3.12/site-packages/airflow/example_dags/example_sensor_decorator.py
[2026-03-30T05:35:43.248+0000] {logging_mixin.py:188} INFO - [2026-03-30T05:35:43.247+0000] {dag.py:3089} INFO - Sync 1 DAGs
[2026-03-30T05:35:43.320+0000] {logging_mixin.py:188} INFO - [2026-03-30T05:35:43.319+0000] {dag.py:3947} INFO - Setting next_dagrun for example_sensor_decorator to None, run_after=None
[2026-03-30T05:35:43.444+0000] {processor.py:183} INFO - Processing /home/airflow/.local/lib/python3.12/site-packages/airflow/example_dags/example_sensor_decorator.py took 3.088 seconds
[2026-03-30T05:37:25.905+0000] {processor.py:161} INFO - Started process (PID=159) to work on /home/airflow/.local/lib/python3.12/site-packages/airflow/example_dags/example_sensor_decorator.py
[2026-03-30T05:37:25.943+0000] {processor.py:830} INFO - Processing file /home/airflow/.local/lib/python3.12/site-packages/airflow/example_dags/example_sensor_decorator.py for tasks to queue
[2026-03-30T05:37:25.977+0000] {logging_mixin.py:188} INFO - [2026-03-30T05:37:25.976+0000] {dagbag.py:545} INFO - Filling up the DagBag from /home/airflow/.local/lib/python3.12/site-packages/airflow/example_dags/example_sensor_decorator.py
[2026-03-30T05:37:26.069+0000] {processor.py:840} INFO - DAG(s) 'example_sensor_decorator' retrieved from /home/airflow/.local/lib/python3.12/site-packages/airflow/example_dags/example_sensor_decorator.py
[2026-03-30T05:37:26.242+0000] {logging_mixin.py:188} INFO - [2026-03-30T05:37:26.241+0000] {dag.py:3089} INFO - Sync 1 DAGs
[2026-03-30T05:37:26.305+0000] {logging_mixin.py:188} INFO - [2026-03-30T05:37:26.304+0000] {dag.py:3947} INFO - Setting next_dagrun for example_sensor_decorator to None, run_after=None
[2026-03-30T05:37:26.418+0000] {processor.py:183} INFO - Processing /home/airflow/.local/lib/python3.12/site-packages/airflow/example_dags/example_sensor_decorator.py took 0.787 seconds
[2026-03-30T05:37:57.584+0000] {processor.py:161} INFO - Started process (PID=215) to work on /home/airflow/.local/lib/python3.12/site-packages/airflow/example_dags/example_sensor_decorator.py
[2026-03-30T05:37:57.621+0000] {processor.py:830} INFO - Processing file /home/airflow/.local/lib/python3.12/site-packages/airflow/example_dags/example_sensor_decorator.py for tasks to queue
[2026-03-30T05:37:57.719+0000] {logging_mixin.py:188} INFO - [2026-03-30T05:37:57.699+0000] {dagbag.py:545} INFO - Filling up the DagBag from /home/airflow/.local/lib/python3.12/site-packages/airflow/example_dags/example_sensor_decorator.py
[2026-03-30T05:37:57.812+0000] {processor.py:840} INFO - DAG(s) 'example_sensor_decorator' retrieved from /home/airflow/.local/lib/python3.12/site-packages/airflow/example_dags/example_sensor_decorator.py
[2026-03-30T05:37:58.268+0000] {logging_mixin.py:188} INFO - [2026-03-30T05:37:58.267+0000] {dag.py:3089} INFO - Sync 1 DAGs
[2026-03-30T05:37:58.360+0000] {logging_mixin.py:188} INFO - [2026-03-30T05:37:58.358+0000] {dag.py:3947} INFO - Setting next_dagrun for example_sensor_decorator to None, run_after=None
[2026-03-30T05:37:58.505+0000] {processor.py:183} INFO - Processing /home/airflow/.local/lib/python3.12/site-packages/airflow/example_dags/example_sensor_decorator.py took 1.022 seconds
[2026-03-30T05:38:29.297+0000] {processor.py:161} INFO - Started process (PID=273) to work on /home/airflow/.local/lib/python3.12/site-packages/airflow/example_dags/example_sensor_decorator.py
[2026-03-30T05:38:29.314+0000] {processor.py:830} INFO - Processing file /home/airflow/.local/lib/python3.12/site-packages/airflow/example_dags/example_sensor_decorator.py for tasks to queue
[2026-03-30T05:38:29.337+0000] {logging_mixin.py:188} INFO - [2026-03-30T05:38:29.336+0000] {dagbag.py:545} INFO - Filling up the DagBag from /home/airflow/.local/lib/python3.12/site-packages/airflow/example_dags/example_sensor_decorator.py
[2026-03-30T05:38:29.454+0000] {processor.py:840} INFO - DAG(s) 'example_sensor_decorator' retrieved from /home/airflow/.local/lib/python3.12/site-packages/airflow/example_dags/example_sensor_decorator.py
[2026-03-30T05:38:29.685+0000] {logging_mixin.py:188} INFO - [2026-03-30T05:38:29.682+0000] {dag.py:3089} INFO - Sync 1 DAGs
[2026-03-30T05:38:29.756+0000] {logging_mixin.py:188} INFO - [2026-03-30T05:38:29.755+0000] {dag.py:3947} INFO - Setting next_dagrun for example_sensor_decorator to None, run_after=None
[2026-03-30T05:38:30.001+0000] {processor.py:183} INFO - Processing /home/airflow/.local/lib/python3.12/site-packages/airflow/example_dags/example_sensor_decorator.py took 0.721 seconds
[2026-03-30T05:39:44.350+0000] {processor.py:161} INFO - Started process (PID=317) to work on /home/airflow/.local/lib/python3.12/site-packages/airflow/example_dags/example_sensor_decorator.py
[2026-03-30T05:39:44.366+0000] {processor.py:830} INFO - Processing file /home/airflow/.local/lib/python3.12/site-packages/airflow/example_dags/example_sensor_decorator.py for tasks to queue
[2026-03-30T05:39:44.391+0000] {logging_mixin.py:188} INFO - [2026-03-30T05:39:44.384+0000] {dagbag.py:545} INFO - Filling up the DagBag from /home/airflow/.local/lib/python3.12/site-packages/airflow/example_dags/example_sensor_decorator.py
[2026-03-30T05:39:44.463+0000] {processor.py:840} INFO - DAG(s) 'example_sensor_decorator' retrieved from /home/airflow/.local/lib/python3.12/site-packages/airflow/example_dags/example_sensor_decorator.py
[2026-03-30T05:39:44.942+0000] {logging_mixin.py:188} INFO - [2026-03-30T05:39:44.941+0000] {dag.py:3089} INFO - Sync 1 DAGs
[2026-03-30T05:39:45.085+0000] {logging_mixin.py:188} INFO - [2026-03-30T05:39:45.085+0000] {dag.py:3947} INFO - Setting next_dagrun for example_sensor_decorator to None, run_after=None
[2026-03-30T05:39:45.350+0000] {processor.py:183} INFO - Processing /home/airflow/.local/lib/python3.12/site-packages/airflow/example_dags/example_sensor_decorator.py took 1.131 seconds
[2026-03-30T05:42:35.317+0000] {processor.py:161} INFO - Started process (PID=379) to work on /home/airflow/.local/lib/python3.12/site-packages/airflow/example_dags/example_sensor_decorator.py
[2026-03-30T05:42:35.586+0000] {processor.py:830} INFO - Processing file /home/airflow/.local/lib/python3.12/site-packages/airflow/example_dags/example_sensor_decorator.py for tasks to queue
[2026-03-30T05:42:35.733+0000] {logging_mixin.py:188} INFO - [2026-03-30T05:42:35.714+0000] {dagbag.py:545} INFO - Filling up the DagBag from /home/airflow/.local/lib/python3.12/site-packages/airflow/example_dags/example_sensor_decorator.py
[2026-03-30T05:42:40.698+0000] {processor.py:840} INFO - DAG(s) 'example_sensor_decorator' retrieved from /home/airflow/.local/lib/python3.12/site-packages/airflow/example_dags/example_sensor_decorator.py
[2026-03-30T05:42:42.830+0000] {logging_mixin.py:188} INFO - [2026-03-30T05:42:42.812+0000] {dag.py:3089} INFO - Sync 1 DAGs
[2026-03-30T05:42:43.938+0000] {logging_mixin.py:188} INFO - [2026-03-30T05:42:43.832+0000] {dag.py:3947} INFO - Setting next_dagrun for example_sensor_decorator to None, run_after=None
[2026-03-30T05:42:53.460+0000] {processor.py:183} INFO - Processing /home/airflow/.local/lib/python3.12/site-packages/airflow/example_dags/example_sensor_decorator.py took 18.590 seconds
[2026-03-30T05:48:38.419+0000] {processor.py:161} INFO - Started process (PID=483) to work on /home/airflow/.local/lib/python3.12/site-packages/airflow/example_dags/example_sensor_decorator.py
[2026-03-30T05:48:38.625+0000] {processor.py:830} INFO - Processing file /home/airflow/.local/lib/python3.12/site-packages/airflow/example_dags/example_sensor_decorator.py for tasks to queue
[2026-03-30T05:48:39.525+0000] {logging_mixin.py:188} INFO - [2026-03-30T05:48:39.091+0000] {dagbag.py:545} INFO - Filling up the DagBag from /home/airflow/.local/lib/python3.12/site-packages/airflow/example_dags/example_sensor_decorator.py
[2026-03-30T05:48:40.732+0000] {processor.py:840} INFO - DAG(s) 'example_sensor_decorator' retrieved from /home/airflow/.local/lib/python3.12/site-packages/airflow/example_dags/example_sensor_decorator.py
[2026-03-30T05:48:48.223+0000] {logging_mixin.py:188} INFO - [2026-03-30T05:48:48.094+0000] {dag.py:3089} INFO - Sync 1 DAGs
[2026-03-30T05:48:49.042+0000] {logging_mixin.py:188} INFO - [2026-03-30T05:48:49.035+0000] {dag.py:3947} INFO - Setting next_dagrun for example_sensor_decorator to None, run_after=None
[2026-03-30T05:48:53.405+0000] {processor.py:183} INFO - Processing /home/airflow/.local/lib/python3.12/site-packages/airflow/example_dags/example_sensor_decorator.py took 15.257 seconds
[2026-03-30T06:00:52.023+0000] {processor.py:161} INFO - Started process (PID=610) to work on /home/airflow/.local/lib/python3.12/site-packages/airflow/example_dags/example_sensor_decorator.py
[2026-03-30T06:00:52.206+0000] {processor.py:830} INFO - Processing file /home/airflow/.local/lib/python3.12/site-packages/airflow/example_dags/example_sensor_decorator.py for tasks to queue
[2026-03-30T06:00:52.423+0000] {logging_mixin.py:188} INFO - [2026-03-30T06:00:52.309+0000] {dagbag.py:545} INFO - Filling up the DagBag from /home/airflow/.local/lib/python3.12/site-packages/airflow/example_dags/example_sensor_decorator.py
[2026-03-30T06:00:54.158+0000] {processor.py:840} INFO - DAG(s) 'example_sensor_decorator' retrieved from /home/airflow/.local/lib/python3.12/site-packages/airflow/example_dags/example_sensor_decorator.py
[2026-03-30T06:00:56.110+0000] {logging_mixin.py:188} INFO - [2026-03-30T06:00:56.079+0000] {dag.py:3089} INFO - Sync 1 DAGs
[2026-03-30T06:00:58.478+0000] {logging_mixin.py:188} INFO - [2026-03-30T06:00:58.362+0000] {dag.py:3947} INFO - Setting next_dagrun for example_sensor_decorator to None, run_after=None
[2026-03-30T06:01:05.005+0000] {processor.py:183} INFO - Processing /home/airflow/.local/lib/python3.12/site-packages/airflow/example_dags/example_sensor_decorator.py took 14.194 seconds
[2026-03-30T06:07:31.739+0000] {processor.py:161} INFO - Started process (PID=711) to work on /home/airflow/.local/lib/python3.12/site-packages/airflow/example_dags/example_sensor_decorator.py
[2026-03-30T06:07:31.760+0000] {processor.py:830} INFO - Processing file /home/airflow/.local/lib/python3.12/site-packages/airflow/example_dags/example_sensor_decorator.py for tasks to queue
[2026-03-30T06:07:31.782+0000] {logging_mixin.py:188} INFO - [2026-03-30T06:07:31.773+0000] {dagbag.py:545} INFO - Filling up the DagBag from /home/airflow/.local/lib/python3.12/site-packages/airflow/example_dags/example_sensor_decorator.py
[2026-03-30T06:07:32.145+0000] {processor.py:840} INFO - DAG(s) 'example_sensor_decorator' retrieved from /home/airflow/.local/lib/python3.12/site-packages/airflow/example_dags/example_sensor_decorator.py
[2026-03-30T06:07:33.104+0000] {logging_mixin.py:188} INFO - [2026-03-30T06:07:33.096+0000] {dag.py:3089} INFO - Sync 1 DAGs
[2026-03-30T06:07:33.417+0000] {logging_mixin.py:188} INFO - [2026-03-30T06:07:33.415+0000] {dag.py:3947} INFO - Setting next_dagrun for example_sensor_decorator to None, run_after=None
[2026-03-30T06:07:34.387+0000] {processor.py:183} INFO - Processing /home/airflow/.local/lib/python3.12/site-packages/airflow/example_dags/example_sensor_decorator.py took 2.801 seconds
[2026-03-30T06:11:59.543+0000] {processor.py:161} INFO - Started process (PID=78) to work on /home/airflow/.local/lib/python3.12/site-packages/airflow/example_dags/example_sensor_decorator.py
[2026-03-30T06:11:59.555+0000] {processor.py:830} INFO - Processing file /home/airflow/.local/lib/python3.12/site-packages/airflow/example_dags/example_sensor_decorator.py for tasks to queue
[2026-03-30T06:11:59.567+0000] {logging_mixin.py:188} INFO - [2026-03-30T06:11:59.565+0000] {dagbag.py:545} INFO - Filling up the DagBag from /home/airflow/.local/lib/python3.12/site-packages/airflow/example_dags/example_sensor_decorator.py
[2026-03-30T06:11:59.590+0000] {processor.py:840} INFO - DAG(s) 'example_sensor_decorator' retrieved from /home/airflow/.local/lib/python3.12/site-packages/airflow/example_dags/example_sensor_decorator.py
[2026-03-30T06:11:59.907+0000] {logging_mixin.py:188} INFO - [2026-03-30T06:11:59.904+0000] {dag.py:3089} INFO - Sync 1 DAGs
[2026-03-30T06:11:59.947+0000] {logging_mixin.py:188} INFO - [2026-03-30T06:11:59.945+0000] {dag.py:3947} INFO - Setting next_dagrun for example_sensor_decorator to None, run_after=None
[2026-03-30T06:12:00.031+0000] {processor.py:183} INFO - Processing /home/airflow/.local/lib/python3.12/site-packages/airflow/example_dags/example_sensor_decorator.py took 0.515 seconds
