[2026-03-30T05:35:35.706+0000] {processor.py:161} INFO - Started process (PID=87) to work on /home/airflow/.local/lib/python3.12/site-packages/airflow/example_dags/example_setup_teardown.py
[2026-03-30T05:35:35.793+0000] {processor.py:830} INFO - Processing file /home/airflow/.local/lib/python3.12/site-packages/airflow/example_dags/example_setup_teardown.py for tasks to queue
[2026-03-30T05:35:35.864+0000] {logging_mixin.py:188} INFO - [2026-03-30T05:35:35.862+0000] {dagbag.py:545} INFO - Filling up the DagBag from /home/airflow/.local/lib/python3.12/site-packages/airflow/example_dags/example_setup_teardown.py
[2026-03-30T05:35:36.020+0000] {processor.py:840} INFO - DAG(s) 'example_setup_teardown' retrieved from /home/airflow/.local/lib/python3.12/site-packages/airflow/example_dags/example_setup_teardown.py
[2026-03-30T05:35:38.300+0000] {logging_mixin.py:188} INFO - [2026-03-30T05:35:38.298+0000] {dag.py:3089} INFO - Sync 1 DAGs
[2026-03-30T05:35:38.431+0000] {logging_mixin.py:188} INFO - [2026-03-30T05:35:38.431+0000] {dag.py:3947} INFO - Setting next_dagrun for example_setup_teardown to 2026-03-29 00:00:00+00:00, run_after=2026-03-30 00:00:00+00:00
[2026-03-30T05:35:38.655+0000] {processor.py:183} INFO - Processing /home/airflow/.local/lib/python3.12/site-packages/airflow/example_dags/example_setup_teardown.py took 3.239 seconds
[2026-03-30T05:37:20.441+0000] {processor.py:161} INFO - Started process (PID=156) to work on /home/airflow/.local/lib/python3.12/site-packages/airflow/example_dags/example_setup_teardown.py
[2026-03-30T05:37:20.447+0000] {processor.py:830} INFO - Processing file /home/airflow/.local/lib/python3.12/site-packages/airflow/example_dags/example_setup_teardown.py for tasks to queue
[2026-03-30T05:37:20.458+0000] {logging_mixin.py:188} INFO - [2026-03-30T05:37:20.457+0000] {dagbag.py:545} INFO - Filling up the DagBag from /home/airflow/.local/lib/python3.12/site-packages/airflow/example_dags/example_setup_teardown.py
[2026-03-30T05:37:20.488+0000] {processor.py:840} INFO - DAG(s) 'example_setup_teardown' retrieved from /home/airflow/.local/lib/python3.12/site-packages/airflow/example_dags/example_setup_teardown.py
[2026-03-30T05:37:21.135+0000] {logging_mixin.py:188} INFO - [2026-03-30T05:37:21.133+0000] {dag.py:3089} INFO - Sync 1 DAGs
[2026-03-30T05:37:21.365+0000] {logging_mixin.py:188} INFO - [2026-03-30T05:37:21.365+0000] {dag.py:3947} INFO - Setting next_dagrun for example_setup_teardown to 2026-03-29 00:00:00+00:00, run_after=2026-03-30 00:00:00+00:00
[2026-03-30T05:37:21.504+0000] {processor.py:183} INFO - Processing /home/airflow/.local/lib/python3.12/site-packages/airflow/example_dags/example_setup_teardown.py took 1.113 seconds
[2026-03-30T05:37:53.660+0000] {processor.py:161} INFO - Started process (PID=212) to work on /home/airflow/.local/lib/python3.12/site-packages/airflow/example_dags/example_setup_teardown.py
[2026-03-30T05:37:53.665+0000] {processor.py:830} INFO - Processing file /home/airflow/.local/lib/python3.12/site-packages/airflow/example_dags/example_setup_teardown.py for tasks to queue
[2026-03-30T05:37:53.684+0000] {logging_mixin.py:188} INFO - [2026-03-30T05:37:53.678+0000] {dagbag.py:545} INFO - Filling up the DagBag from /home/airflow/.local/lib/python3.12/site-packages/airflow/example_dags/example_setup_teardown.py
[2026-03-30T05:37:53.745+0000] {processor.py:840} INFO - DAG(s) 'example_setup_teardown' retrieved from /home/airflow/.local/lib/python3.12/site-packages/airflow/example_dags/example_setup_teardown.py
[2026-03-30T05:37:54.165+0000] {logging_mixin.py:188} INFO - [2026-03-30T05:37:54.163+0000] {dag.py:3089} INFO - Sync 1 DAGs
[2026-03-30T05:37:54.390+0000] {logging_mixin.py:188} INFO - [2026-03-30T05:37:54.388+0000] {dag.py:3947} INFO - Setting next_dagrun for example_setup_teardown to 2026-03-29 00:00:00+00:00, run_after=2026-03-30 00:00:00+00:00
[2026-03-30T05:37:54.488+0000] {processor.py:183} INFO - Processing /home/airflow/.local/lib/python3.12/site-packages/airflow/example_dags/example_setup_teardown.py took 0.848 seconds
[2026-03-30T05:38:25.712+0000] {processor.py:161} INFO - Started process (PID=270) to work on /home/airflow/.local/lib/python3.12/site-packages/airflow/example_dags/example_setup_teardown.py
[2026-03-30T05:38:25.722+0000] {processor.py:830} INFO - Processing file /home/airflow/.local/lib/python3.12/site-packages/airflow/example_dags/example_setup_teardown.py for tasks to queue
[2026-03-30T05:38:25.755+0000] {logging_mixin.py:188} INFO - [2026-03-30T05:38:25.747+0000] {dagbag.py:545} INFO - Filling up the DagBag from /home/airflow/.local/lib/python3.12/site-packages/airflow/example_dags/example_setup_teardown.py
[2026-03-30T05:38:25.831+0000] {processor.py:840} INFO - DAG(s) 'example_setup_teardown' retrieved from /home/airflow/.local/lib/python3.12/site-packages/airflow/example_dags/example_setup_teardown.py
[2026-03-30T05:38:25.943+0000] {logging_mixin.py:188} INFO - [2026-03-30T05:38:25.942+0000] {dag.py:3089} INFO - Sync 1 DAGs
[2026-03-30T05:38:26.043+0000] {logging_mixin.py:188} INFO - [2026-03-30T05:38:26.043+0000] {dag.py:3947} INFO - Setting next_dagrun for example_setup_teardown to 2026-03-29 00:00:00+00:00, run_after=2026-03-30 00:00:00+00:00
[2026-03-30T05:38:26.110+0000] {processor.py:183} INFO - Processing /home/airflow/.local/lib/python3.12/site-packages/airflow/example_dags/example_setup_teardown.py took 0.454 seconds
[2026-03-30T05:39:40.393+0000] {processor.py:161} INFO - Started process (PID=314) to work on /home/airflow/.local/lib/python3.12/site-packages/airflow/example_dags/example_setup_teardown.py
[2026-03-30T05:39:40.405+0000] {processor.py:830} INFO - Processing file /home/airflow/.local/lib/python3.12/site-packages/airflow/example_dags/example_setup_teardown.py for tasks to queue
[2026-03-30T05:39:40.472+0000] {logging_mixin.py:188} INFO - [2026-03-30T05:39:40.469+0000] {dagbag.py:545} INFO - Filling up the DagBag from /home/airflow/.local/lib/python3.12/site-packages/airflow/example_dags/example_setup_teardown.py
[2026-03-30T05:39:40.635+0000] {processor.py:840} INFO - DAG(s) 'example_setup_teardown' retrieved from /home/airflow/.local/lib/python3.12/site-packages/airflow/example_dags/example_setup_teardown.py
[2026-03-30T05:39:42.667+0000] {logging_mixin.py:188} INFO - [2026-03-30T05:39:42.663+0000] {dag.py:3089} INFO - Sync 1 DAGs
[2026-03-30T05:39:43.819+0000] {logging_mixin.py:188} INFO - [2026-03-30T05:39:43.813+0000] {dag.py:3947} INFO - Setting next_dagrun for example_setup_teardown to 2026-03-29 00:00:00+00:00, run_after=2026-03-30 00:00:00+00:00
[2026-03-30T05:39:43.960+0000] {processor.py:183} INFO - Processing /home/airflow/.local/lib/python3.12/site-packages/airflow/example_dags/example_setup_teardown.py took 3.599 seconds
[2026-03-30T05:42:18.602+0000] {processor.py:161} INFO - Started process (PID=376) to work on /home/airflow/.local/lib/python3.12/site-packages/airflow/example_dags/example_setup_teardown.py
[2026-03-30T05:42:18.767+0000] {processor.py:830} INFO - Processing file /home/airflow/.local/lib/python3.12/site-packages/airflow/example_dags/example_setup_teardown.py for tasks to queue
[2026-03-30T05:42:19.117+0000] {logging_mixin.py:188} INFO - [2026-03-30T05:42:19.102+0000] {dagbag.py:545} INFO - Filling up the DagBag from /home/airflow/.local/lib/python3.12/site-packages/airflow/example_dags/example_setup_teardown.py
[2026-03-30T05:42:21.629+0000] {processor.py:840} INFO - DAG(s) 'example_setup_teardown' retrieved from /home/airflow/.local/lib/python3.12/site-packages/airflow/example_dags/example_setup_teardown.py
[2026-03-30T05:42:26.535+0000] {logging_mixin.py:188} INFO - [2026-03-30T05:42:26.496+0000] {dag.py:3089} INFO - Sync 1 DAGs
[2026-03-30T05:42:31.667+0000] {logging_mixin.py:188} INFO - [2026-03-30T05:42:31.664+0000] {dag.py:3947} INFO - Setting next_dagrun for example_setup_teardown to 2026-03-29 00:00:00+00:00, run_after=2026-03-30 00:00:00+00:00
[2026-03-30T05:42:32.646+0000] {processor.py:183} INFO - Processing /home/airflow/.local/lib/python3.12/site-packages/airflow/example_dags/example_setup_teardown.py took 14.817 seconds
[2026-03-30T05:48:05.669+0000] {processor.py:161} INFO - Started process (PID=474) to work on /home/airflow/.local/lib/python3.12/site-packages/airflow/example_dags/example_setup_teardown.py
[2026-03-30T05:48:05.706+0000] {processor.py:830} INFO - Processing file /home/airflow/.local/lib/python3.12/site-packages/airflow/example_dags/example_setup_teardown.py for tasks to queue
[2026-03-30T05:48:05.827+0000] {logging_mixin.py:188} INFO - [2026-03-30T05:48:05.810+0000] {dagbag.py:545} INFO - Filling up the DagBag from /home/airflow/.local/lib/python3.12/site-packages/airflow/example_dags/example_setup_teardown.py
[2026-03-30T05:48:06.795+0000] {processor.py:840} INFO - DAG(s) 'example_setup_teardown' retrieved from /home/airflow/.local/lib/python3.12/site-packages/airflow/example_dags/example_setup_teardown.py
[2026-03-30T05:48:10.664+0000] {logging_mixin.py:188} INFO - [2026-03-30T05:48:10.160+0000] {dag.py:3089} INFO - Sync 1 DAGs
[2026-03-30T05:48:20.380+0000] {logging_mixin.py:188} INFO - [2026-03-30T05:48:20.352+0000] {dag.py:3947} INFO - Setting next_dagrun for example_setup_teardown to 2026-03-29 00:00:00+00:00, run_after=2026-03-30 00:00:00+00:00
[2026-03-30T05:48:22.310+0000] {processor.py:183} INFO - Processing /home/airflow/.local/lib/python3.12/site-packages/airflow/example_dags/example_setup_teardown.py took 16.953 seconds
[2026-03-30T06:00:03.330+0000] {processor.py:161} INFO - Started process (PID=601) to work on /home/airflow/.local/lib/python3.12/site-packages/airflow/example_dags/example_setup_teardown.py
[2026-03-30T06:00:04.037+0000] {processor.py:830} INFO - Processing file /home/airflow/.local/lib/python3.12/site-packages/airflow/example_dags/example_setup_teardown.py for tasks to queue
[2026-03-30T06:00:04.488+0000] {logging_mixin.py:188} INFO - [2026-03-30T06:00:04.340+0000] {dagbag.py:545} INFO - Filling up the DagBag from /home/airflow/.local/lib/python3.12/site-packages/airflow/example_dags/example_setup_teardown.py
[2026-03-30T06:00:08.215+0000] {processor.py:840} INFO - DAG(s) 'example_setup_teardown' retrieved from /home/airflow/.local/lib/python3.12/site-packages/airflow/example_dags/example_setup_teardown.py
[2026-03-30T06:00:46.447+0000] {logging_mixin.py:188} INFO - [2026-03-30T06:00:46.193+0000] {dag.py:3089} INFO - Sync 1 DAGs
[2026-03-30T06:07:15.250+0000] {processor.py:161} INFO - Started process (PID=708) to work on /home/airflow/.local/lib/python3.12/site-packages/airflow/example_dags/example_setup_teardown.py
[2026-03-30T06:07:16.594+0000] {processor.py:830} INFO - Processing file /home/airflow/.local/lib/python3.12/site-packages/airflow/example_dags/example_setup_teardown.py for tasks to queue
[2026-03-30T06:07:17.677+0000] {logging_mixin.py:188} INFO - [2026-03-30T06:07:17.626+0000] {dagbag.py:545} INFO - Filling up the DagBag from /home/airflow/.local/lib/python3.12/site-packages/airflow/example_dags/example_setup_teardown.py
[2026-03-30T06:07:20.647+0000] {processor.py:840} INFO - DAG(s) 'example_setup_teardown' retrieved from /home/airflow/.local/lib/python3.12/site-packages/airflow/example_dags/example_setup_teardown.py
[2026-03-30T06:07:26.353+0000] {logging_mixin.py:188} INFO - [2026-03-30T06:07:26.313+0000] {dag.py:3089} INFO - Sync 1 DAGs
[2026-03-30T06:07:27.430+0000] {logging_mixin.py:188} INFO - [2026-03-30T06:07:27.421+0000] {dag.py:3947} INFO - Setting next_dagrun for example_setup_teardown to 2026-03-29 00:00:00+00:00, run_after=2026-03-30 00:00:00+00:00
[2026-03-30T06:07:29.451+0000] {processor.py:183} INFO - Processing /home/airflow/.local/lib/python3.12/site-packages/airflow/example_dags/example_setup_teardown.py took 14.437 seconds
[2026-03-30T06:11:58.168+0000] {processor.py:161} INFO - Started process (PID=75) to work on /home/airflow/.local/lib/python3.12/site-packages/airflow/example_dags/example_setup_teardown.py
[2026-03-30T06:11:58.173+0000] {processor.py:830} INFO - Processing file /home/airflow/.local/lib/python3.12/site-packages/airflow/example_dags/example_setup_teardown.py for tasks to queue
[2026-03-30T06:11:58.180+0000] {logging_mixin.py:188} INFO - [2026-03-30T06:11:58.179+0000] {dagbag.py:545} INFO - Filling up the DagBag from /home/airflow/.local/lib/python3.12/site-packages/airflow/example_dags/example_setup_teardown.py
[2026-03-30T06:11:58.207+0000] {processor.py:840} INFO - DAG(s) 'example_setup_teardown' retrieved from /home/airflow/.local/lib/python3.12/site-packages/airflow/example_dags/example_setup_teardown.py
[2026-03-30T06:11:58.694+0000] {logging_mixin.py:188} INFO - [2026-03-30T06:11:58.682+0000] {dag.py:3089} INFO - Sync 1 DAGs
[2026-03-30T06:11:58.816+0000] {logging_mixin.py:188} INFO - [2026-03-30T06:11:58.815+0000] {dag.py:3947} INFO - Setting next_dagrun for example_setup_teardown to 2026-03-29 00:00:00+00:00, run_after=2026-03-30 00:00:00+00:00
[2026-03-30T06:11:58.969+0000] {processor.py:183} INFO - Processing /home/airflow/.local/lib/python3.12/site-packages/airflow/example_dags/example_setup_teardown.py took 0.814 seconds
