[2026-03-30T05:36:50.756+0000] {processor.py:161} INFO - Started process (PID=129) to work on /home/airflow/.local/lib/python3.12/site-packages/airflow/example_dags/example_branch_labels.py
[2026-03-30T05:36:50.782+0000] {processor.py:830} INFO - Processing file /home/airflow/.local/lib/python3.12/site-packages/airflow/example_dags/example_branch_labels.py for tasks to queue
[2026-03-30T05:36:50.846+0000] {logging_mixin.py:188} INFO - [2026-03-30T05:36:50.839+0000] {dagbag.py:545} INFO - Filling up the DagBag from /home/airflow/.local/lib/python3.12/site-packages/airflow/example_dags/example_branch_labels.py
[2026-03-30T05:36:50.935+0000] {processor.py:840} INFO - DAG(s) 'example_branch_labels' retrieved from /home/airflow/.local/lib/python3.12/site-packages/airflow/example_dags/example_branch_labels.py
[2026-03-30T05:36:51.609+0000] {logging_mixin.py:188} INFO - [2026-03-30T05:36:51.608+0000] {dag.py:3089} INFO - Sync 1 DAGs
[2026-03-30T05:36:51.659+0000] {logging_mixin.py:188} INFO - [2026-03-30T05:36:51.659+0000] {dag.py:3947} INFO - Setting next_dagrun for example_branch_labels to 2026-03-29 00:00:00+00:00, run_after=2026-03-30 00:00:00+00:00
[2026-03-30T05:36:51.752+0000] {processor.py:183} INFO - Processing /home/airflow/.local/lib/python3.12/site-packages/airflow/example_dags/example_branch_labels.py took 1.281 seconds
[2026-03-30T05:37:39.517+0000] {processor.py:161} INFO - Started process (PID=195) to work on /home/airflow/.local/lib/python3.12/site-packages/airflow/example_dags/example_branch_labels.py
[2026-03-30T05:37:39.570+0000] {processor.py:830} INFO - Processing file /home/airflow/.local/lib/python3.12/site-packages/airflow/example_dags/example_branch_labels.py for tasks to queue
[2026-03-30T05:37:39.605+0000] {logging_mixin.py:188} INFO - [2026-03-30T05:37:39.604+0000] {dagbag.py:545} INFO - Filling up the DagBag from /home/airflow/.local/lib/python3.12/site-packages/airflow/example_dags/example_branch_labels.py
[2026-03-30T05:37:39.666+0000] {processor.py:840} INFO - DAG(s) 'example_branch_labels' retrieved from /home/airflow/.local/lib/python3.12/site-packages/airflow/example_dags/example_branch_labels.py
[2026-03-30T05:37:39.851+0000] {logging_mixin.py:188} INFO - [2026-03-30T05:37:39.849+0000] {dag.py:3089} INFO - Sync 1 DAGs
[2026-03-30T05:37:40.004+0000] {logging_mixin.py:188} INFO - [2026-03-30T05:37:40.003+0000] {dag.py:3947} INFO - Setting next_dagrun for example_branch_labels to 2026-03-29 00:00:00+00:00, run_after=2026-03-30 00:00:00+00:00
[2026-03-30T05:37:40.110+0000] {processor.py:183} INFO - Processing /home/airflow/.local/lib/python3.12/site-packages/airflow/example_dags/example_branch_labels.py took 0.639 seconds
[2026-03-30T05:38:19.987+0000] {processor.py:161} INFO - Started process (PID=253) to work on /home/airflow/.local/lib/python3.12/site-packages/airflow/example_dags/example_branch_labels.py
[2026-03-30T05:38:19.990+0000] {processor.py:830} INFO - Processing file /home/airflow/.local/lib/python3.12/site-packages/airflow/example_dags/example_branch_labels.py for tasks to queue
[2026-03-30T05:38:19.997+0000] {logging_mixin.py:188} INFO - [2026-03-30T05:38:19.996+0000] {dagbag.py:545} INFO - Filling up the DagBag from /home/airflow/.local/lib/python3.12/site-packages/airflow/example_dags/example_branch_labels.py
[2026-03-30T05:38:20.016+0000] {processor.py:840} INFO - DAG(s) 'example_branch_labels' retrieved from /home/airflow/.local/lib/python3.12/site-packages/airflow/example_dags/example_branch_labels.py
[2026-03-30T05:38:20.065+0000] {logging_mixin.py:188} INFO - [2026-03-30T05:38:20.065+0000] {dag.py:3089} INFO - Sync 1 DAGs
[2026-03-30T05:38:20.108+0000] {logging_mixin.py:188} INFO - [2026-03-30T05:38:20.108+0000] {dag.py:3947} INFO - Setting next_dagrun for example_branch_labels to 2026-03-29 00:00:00+00:00, run_after=2026-03-30 00:00:00+00:00
[2026-03-30T05:38:20.152+0000] {processor.py:183} INFO - Processing /home/airflow/.local/lib/python3.12/site-packages/airflow/example_dags/example_branch_labels.py took 0.178 seconds
[2026-03-30T05:40:05.005+0000] {processor.py:161} INFO - Started process (PID=334) to work on /home/airflow/.local/lib/python3.12/site-packages/airflow/example_dags/example_branch_labels.py
[2026-03-30T05:40:05.025+0000] {processor.py:830} INFO - Processing file /home/airflow/.local/lib/python3.12/site-packages/airflow/example_dags/example_branch_labels.py for tasks to queue
[2026-03-30T05:40:05.115+0000] {logging_mixin.py:188} INFO - [2026-03-30T05:40:05.108+0000] {dagbag.py:545} INFO - Filling up the DagBag from /home/airflow/.local/lib/python3.12/site-packages/airflow/example_dags/example_branch_labels.py
[2026-03-30T05:40:05.412+0000] {processor.py:840} INFO - DAG(s) 'example_branch_labels' retrieved from /home/airflow/.local/lib/python3.12/site-packages/airflow/example_dags/example_branch_labels.py
[2026-03-30T05:40:06.356+0000] {logging_mixin.py:188} INFO - [2026-03-30T05:40:06.355+0000] {dag.py:3089} INFO - Sync 1 DAGs
[2026-03-30T05:40:07.006+0000] {logging_mixin.py:188} INFO - [2026-03-30T05:40:07.005+0000] {dag.py:3947} INFO - Setting next_dagrun for example_branch_labels to 2026-03-29 00:00:00+00:00, run_after=2026-03-30 00:00:00+00:00
[2026-03-30T05:40:07.458+0000] {processor.py:183} INFO - Processing /home/airflow/.local/lib/python3.12/site-packages/airflow/example_dags/example_branch_labels.py took 2.483 seconds
[2026-03-30T05:45:44.091+0000] {processor.py:161} INFO - Started process (PID=435) to work on /home/airflow/.local/lib/python3.12/site-packages/airflow/example_dags/example_branch_labels.py
[2026-03-30T05:45:44.159+0000] {processor.py:830} INFO - Processing file /home/airflow/.local/lib/python3.12/site-packages/airflow/example_dags/example_branch_labels.py for tasks to queue
[2026-03-30T05:45:44.418+0000] {logging_mixin.py:188} INFO - [2026-03-30T05:45:44.417+0000] {dagbag.py:545} INFO - Filling up the DagBag from /home/airflow/.local/lib/python3.12/site-packages/airflow/example_dags/example_branch_labels.py
[2026-03-30T05:45:44.860+0000] {processor.py:840} INFO - DAG(s) 'example_branch_labels' retrieved from /home/airflow/.local/lib/python3.12/site-packages/airflow/example_dags/example_branch_labels.py
[2026-03-30T05:45:49.093+0000] {logging_mixin.py:188} INFO - [2026-03-30T05:45:49.077+0000] {dag.py:3089} INFO - Sync 1 DAGs
[2026-03-30T05:45:50.967+0000] {logging_mixin.py:188} INFO - [2026-03-30T05:45:50.599+0000] {dag.py:3947} INFO - Setting next_dagrun for example_branch_labels to 2026-03-29 00:00:00+00:00, run_after=2026-03-30 00:00:00+00:00
[2026-03-30T05:45:53.292+0000] {processor.py:183} INFO - Processing /home/airflow/.local/lib/python3.12/site-packages/airflow/example_dags/example_branch_labels.py took 9.291 seconds
[2026-03-30T06:05:12.465+0000] {processor.py:161} INFO - Started process (PID=668) to work on /home/airflow/.local/lib/python3.12/site-packages/airflow/example_dags/example_branch_labels.py
[2026-03-30T06:05:12.524+0000] {processor.py:830} INFO - Processing file /home/airflow/.local/lib/python3.12/site-packages/airflow/example_dags/example_branch_labels.py for tasks to queue
[2026-03-30T06:05:12.565+0000] {logging_mixin.py:188} INFO - [2026-03-30T06:05:12.553+0000] {dagbag.py:545} INFO - Filling up the DagBag from /home/airflow/.local/lib/python3.12/site-packages/airflow/example_dags/example_branch_labels.py
[2026-03-30T06:05:12.920+0000] {processor.py:840} INFO - DAG(s) 'example_branch_labels' retrieved from /home/airflow/.local/lib/python3.12/site-packages/airflow/example_dags/example_branch_labels.py
[2026-03-30T06:05:13.981+0000] {logging_mixin.py:188} INFO - [2026-03-30T06:05:13.974+0000] {dag.py:3089} INFO - Sync 1 DAGs
[2026-03-30T06:05:14.840+0000] {logging_mixin.py:188} INFO - [2026-03-30T06:05:14.816+0000] {dag.py:3947} INFO - Setting next_dagrun for example_branch_labels to 2026-03-29 00:00:00+00:00, run_after=2026-03-30 00:00:00+00:00
[2026-03-30T06:05:15.378+0000] {processor.py:183} INFO - Processing /home/airflow/.local/lib/python3.12/site-packages/airflow/example_dags/example_branch_labels.py took 3.149 seconds
[2026-03-30T06:12:08.646+0000] {processor.py:161} INFO - Started process (PID=106) to work on /home/airflow/.local/lib/python3.12/site-packages/airflow/example_dags/example_branch_labels.py
[2026-03-30T06:12:08.647+0000] {processor.py:830} INFO - Processing file /home/airflow/.local/lib/python3.12/site-packages/airflow/example_dags/example_branch_labels.py for tasks to queue
[2026-03-30T06:12:08.649+0000] {logging_mixin.py:188} INFO - [2026-03-30T06:12:08.649+0000] {dagbag.py:545} INFO - Filling up the DagBag from /home/airflow/.local/lib/python3.12/site-packages/airflow/example_dags/example_branch_labels.py
[2026-03-30T06:12:08.661+0000] {processor.py:840} INFO - DAG(s) 'example_branch_labels' retrieved from /home/airflow/.local/lib/python3.12/site-packages/airflow/example_dags/example_branch_labels.py
[2026-03-30T06:12:08.782+0000] {logging_mixin.py:188} INFO - [2026-03-30T06:12:08.781+0000] {dag.py:3089} INFO - Sync 1 DAGs
[2026-03-30T06:12:08.808+0000] {logging_mixin.py:188} INFO - [2026-03-30T06:12:08.808+0000] {dag.py:3947} INFO - Setting next_dagrun for example_branch_labels to 2026-03-29 00:00:00+00:00, run_after=2026-03-30 00:00:00+00:00
[2026-03-30T06:12:08.831+0000] {processor.py:183} INFO - Processing /home/airflow/.local/lib/python3.12/site-packages/airflow/example_dags/example_branch_labels.py took 0.200 seconds
