[2026-03-30T05:36:13.899+0000] {processor.py:161} INFO - Started process (PID=109) to work on /home/airflow/.local/lib/python3.12/site-packages/airflow/example_dags/example_branch_python_dop_operator_3.py
[2026-03-30T05:36:13.953+0000] {processor.py:830} INFO - Processing file /home/airflow/.local/lib/python3.12/site-packages/airflow/example_dags/example_branch_python_dop_operator_3.py for tasks to queue
[2026-03-30T05:36:14.042+0000] {logging_mixin.py:188} INFO - [2026-03-30T05:36:14.025+0000] {dagbag.py:545} INFO - Filling up the DagBag from /home/airflow/.local/lib/python3.12/site-packages/airflow/example_dags/example_branch_python_dop_operator_3.py
[2026-03-30T05:36:14.825+0000] {processor.py:840} INFO - DAG(s) 'example_branch_dop_operator_v3' retrieved from /home/airflow/.local/lib/python3.12/site-packages/airflow/example_dags/example_branch_python_dop_operator_3.py
[2026-03-30T05:36:18.000+0000] {logging_mixin.py:188} INFO - [2026-03-30T05:36:17.966+0000] {dag.py:3089} INFO - Sync 1 DAGs
[2026-03-30T05:36:18.309+0000] {logging_mixin.py:188} INFO - [2026-03-30T05:36:18.308+0000] {dag.py:3947} INFO - Setting next_dagrun for example_branch_dop_operator_v3 to 2026-03-30 05:35:00+00:00, run_after=2026-03-30 05:36:00+00:00
[2026-03-30T05:36:18.463+0000] {processor.py:183} INFO - Processing /home/airflow/.local/lib/python3.12/site-packages/airflow/example_dags/example_branch_python_dop_operator_3.py took 4.775 seconds
[2026-03-30T05:37:33.448+0000] {processor.py:161} INFO - Started process (PID=179) to work on /home/airflow/.local/lib/python3.12/site-packages/airflow/example_dags/example_branch_python_dop_operator_3.py
[2026-03-30T05:37:33.475+0000] {processor.py:830} INFO - Processing file /home/airflow/.local/lib/python3.12/site-packages/airflow/example_dags/example_branch_python_dop_operator_3.py for tasks to queue
[2026-03-30T05:37:33.487+0000] {logging_mixin.py:188} INFO - [2026-03-30T05:37:33.483+0000] {dagbag.py:545} INFO - Filling up the DagBag from /home/airflow/.local/lib/python3.12/site-packages/airflow/example_dags/example_branch_python_dop_operator_3.py
[2026-03-30T05:37:33.644+0000] {processor.py:840} INFO - DAG(s) 'example_branch_dop_operator_v3' retrieved from /home/airflow/.local/lib/python3.12/site-packages/airflow/example_dags/example_branch_python_dop_operator_3.py
[2026-03-30T05:37:34.358+0000] {logging_mixin.py:188} INFO - [2026-03-30T05:37:34.357+0000] {dag.py:3089} INFO - Sync 1 DAGs
[2026-03-30T05:37:34.883+0000] {logging_mixin.py:188} INFO - [2026-03-30T05:37:34.882+0000] {dag.py:3947} INFO - Setting next_dagrun for example_branch_dop_operator_v3 to 2026-03-30 05:36:00+00:00, run_after=2026-03-30 05:37:00+00:00
[2026-03-30T05:37:35.099+0000] {processor.py:183} INFO - Processing /home/airflow/.local/lib/python3.12/site-packages/airflow/example_dags/example_branch_python_dop_operator_3.py took 1.674 seconds
[2026-03-30T05:38:13.175+0000] {processor.py:161} INFO - Started process (PID=239) to work on /home/airflow/.local/lib/python3.12/site-packages/airflow/example_dags/example_branch_python_dop_operator_3.py
[2026-03-30T05:38:13.179+0000] {processor.py:830} INFO - Processing file /home/airflow/.local/lib/python3.12/site-packages/airflow/example_dags/example_branch_python_dop_operator_3.py for tasks to queue
[2026-03-30T05:38:13.198+0000] {logging_mixin.py:188} INFO - [2026-03-30T05:38:13.197+0000] {dagbag.py:545} INFO - Filling up the DagBag from /home/airflow/.local/lib/python3.12/site-packages/airflow/example_dags/example_branch_python_dop_operator_3.py
[2026-03-30T05:38:13.269+0000] {processor.py:840} INFO - DAG(s) 'example_branch_dop_operator_v3' retrieved from /home/airflow/.local/lib/python3.12/site-packages/airflow/example_dags/example_branch_python_dop_operator_3.py
[2026-03-30T05:38:13.429+0000] {logging_mixin.py:188} INFO - [2026-03-30T05:38:13.429+0000] {dag.py:3089} INFO - Sync 1 DAGs
[2026-03-30T05:38:13.603+0000] {logging_mixin.py:188} INFO - [2026-03-30T05:38:13.603+0000] {dag.py:3947} INFO - Setting next_dagrun for example_branch_dop_operator_v3 to 2026-03-30 05:37:00+00:00, run_after=2026-03-30 05:38:00+00:00
[2026-03-30T05:38:13.824+0000] {processor.py:183} INFO - Processing /home/airflow/.local/lib/python3.12/site-packages/airflow/example_dags/example_branch_python_dop_operator_3.py took 0.675 seconds
[2026-03-30T05:38:54.266+0000] {processor.py:161} INFO - Started process (PID=296) to work on /home/airflow/.local/lib/python3.12/site-packages/airflow/example_dags/example_branch_python_dop_operator_3.py
[2026-03-30T05:38:54.331+0000] {processor.py:830} INFO - Processing file /home/airflow/.local/lib/python3.12/site-packages/airflow/example_dags/example_branch_python_dop_operator_3.py for tasks to queue
[2026-03-30T05:38:54.361+0000] {logging_mixin.py:188} INFO - [2026-03-30T05:38:54.356+0000] {dagbag.py:545} INFO - Filling up the DagBag from /home/airflow/.local/lib/python3.12/site-packages/airflow/example_dags/example_branch_python_dop_operator_3.py
[2026-03-30T05:38:55.616+0000] {processor.py:840} INFO - DAG(s) 'example_branch_dop_operator_v3' retrieved from /home/airflow/.local/lib/python3.12/site-packages/airflow/example_dags/example_branch_python_dop_operator_3.py
[2026-03-30T05:38:56.423+0000] {logging_mixin.py:188} INFO - [2026-03-30T05:38:56.421+0000] {dag.py:3089} INFO - Sync 1 DAGs
[2026-03-30T05:38:57.969+0000] {logging_mixin.py:188} INFO - [2026-03-30T05:38:57.918+0000] {dag.py:3947} INFO - Setting next_dagrun for example_branch_dop_operator_v3 to 2026-03-30 05:37:00+00:00, run_after=2026-03-30 05:38:00+00:00
[2026-03-30T05:38:58.811+0000] {processor.py:183} INFO - Processing /home/airflow/.local/lib/python3.12/site-packages/airflow/example_dags/example_branch_python_dop_operator_3.py took 4.766 seconds
[2026-03-30T05:44:19.311+0000] {processor.py:161} INFO - Started process (PID=410) to work on /home/airflow/.local/lib/python3.12/site-packages/airflow/example_dags/example_branch_python_dop_operator_3.py
[2026-03-30T05:44:19.441+0000] {processor.py:830} INFO - Processing file /home/airflow/.local/lib/python3.12/site-packages/airflow/example_dags/example_branch_python_dop_operator_3.py for tasks to queue
[2026-03-30T05:44:20.141+0000] {logging_mixin.py:188} INFO - [2026-03-30T05:44:20.110+0000] {dagbag.py:545} INFO - Filling up the DagBag from /home/airflow/.local/lib/python3.12/site-packages/airflow/example_dags/example_branch_python_dop_operator_3.py
[2026-03-30T05:44:21.307+0000] {processor.py:840} INFO - DAG(s) 'example_branch_dop_operator_v3' retrieved from /home/airflow/.local/lib/python3.12/site-packages/airflow/example_dags/example_branch_python_dop_operator_3.py
[2026-03-30T05:44:26.408+0000] {logging_mixin.py:188} INFO - [2026-03-30T05:44:25.340+0000] {dag.py:3089} INFO - Sync 1 DAGs
[2026-03-30T05:44:28.195+0000] {logging_mixin.py:188} INFO - [2026-03-30T05:44:28.106+0000] {dag.py:3947} INFO - Setting next_dagrun for example_branch_dop_operator_v3 to 2026-03-30 05:43:00+00:00, run_after=2026-03-30 05:44:00+00:00
[2026-03-30T05:44:32.573+0000] {processor.py:183} INFO - Processing /home/airflow/.local/lib/python3.12/site-packages/airflow/example_dags/example_branch_python_dop_operator_3.py took 13.850 seconds
[2026-03-30T05:51:22.149+0000] {processor.py:161} INFO - Started process (PID=513) to work on /home/airflow/.local/lib/python3.12/site-packages/airflow/example_dags/example_branch_python_dop_operator_3.py
[2026-03-30T05:51:22.241+0000] {processor.py:830} INFO - Processing file /home/airflow/.local/lib/python3.12/site-packages/airflow/example_dags/example_branch_python_dop_operator_3.py for tasks to queue
[2026-03-30T05:51:22.381+0000] {logging_mixin.py:188} INFO - [2026-03-30T05:51:22.352+0000] {dagbag.py:545} INFO - Filling up the DagBag from /home/airflow/.local/lib/python3.12/site-packages/airflow/example_dags/example_branch_python_dop_operator_3.py
[2026-03-30T05:51:23.232+0000] {processor.py:840} INFO - DAG(s) 'example_branch_dop_operator_v3' retrieved from /home/airflow/.local/lib/python3.12/site-packages/airflow/example_dags/example_branch_python_dop_operator_3.py
[2026-03-30T05:51:32.941+0000] {logging_mixin.py:188} INFO - [2026-03-30T05:51:32.691+0000] {dag.py:3089} INFO - Sync 1 DAGs
[2026-03-30T05:51:42.552+0000] {logging_mixin.py:188} INFO - [2026-03-30T05:51:42.543+0000] {dag.py:3947} INFO - Setting next_dagrun for example_branch_dop_operator_v3 to 2026-03-30 05:50:00+00:00, run_after=2026-03-30 05:51:00+00:00
[2026-03-30T05:51:53.947+0000] {processor.py:183} INFO - Processing /home/airflow/.local/lib/python3.12/site-packages/airflow/example_dags/example_branch_python_dop_operator_3.py took 32.709 seconds
[2026-03-30T06:04:28.503+0000] {processor.py:161} INFO - Started process (PID=648) to work on /home/airflow/.local/lib/python3.12/site-packages/airflow/example_dags/example_branch_python_dop_operator_3.py
[2026-03-30T06:04:28.590+0000] {processor.py:830} INFO - Processing file /home/airflow/.local/lib/python3.12/site-packages/airflow/example_dags/example_branch_python_dop_operator_3.py for tasks to queue
[2026-03-30T06:04:28.662+0000] {logging_mixin.py:188} INFO - [2026-03-30T06:04:28.626+0000] {dagbag.py:545} INFO - Filling up the DagBag from /home/airflow/.local/lib/python3.12/site-packages/airflow/example_dags/example_branch_python_dop_operator_3.py
[2026-03-30T06:04:29.339+0000] {processor.py:840} INFO - DAG(s) 'example_branch_dop_operator_v3' retrieved from /home/airflow/.local/lib/python3.12/site-packages/airflow/example_dags/example_branch_python_dop_operator_3.py
[2026-03-30T06:04:33.674+0000] {logging_mixin.py:188} INFO - [2026-03-30T06:04:33.624+0000] {dag.py:3089} INFO - Sync 1 DAGs
[2026-03-30T06:04:34.783+0000] {logging_mixin.py:188} INFO - [2026-03-30T06:04:34.769+0000] {dag.py:3947} INFO - Setting next_dagrun for example_branch_dop_operator_v3 to 2026-03-30 06:03:00+00:00, run_after=2026-03-30 06:04:00+00:00
[2026-03-30T06:04:35.241+0000] {processor.py:183} INFO - Processing /home/airflow/.local/lib/python3.12/site-packages/airflow/example_dags/example_branch_python_dop_operator_3.py took 7.429 seconds
[2026-03-30T06:09:17.359+0000] {processor.py:161} INFO - Started process (PID=745) to work on /home/airflow/.local/lib/python3.12/site-packages/airflow/example_dags/example_branch_python_dop_operator_3.py
[2026-03-30T06:09:17.520+0000] {processor.py:830} INFO - Processing file /home/airflow/.local/lib/python3.12/site-packages/airflow/example_dags/example_branch_python_dop_operator_3.py for tasks to queue
[2026-03-30T06:09:17.791+0000] {logging_mixin.py:188} INFO - [2026-03-30T06:09:17.589+0000] {dagbag.py:545} INFO - Filling up the DagBag from /home/airflow/.local/lib/python3.12/site-packages/airflow/example_dags/example_branch_python_dop_operator_3.py
[2026-03-30T06:09:23.955+0000] {processor.py:840} INFO - DAG(s) 'example_branch_dop_operator_v3' retrieved from /home/airflow/.local/lib/python3.12/site-packages/airflow/example_dags/example_branch_python_dop_operator_3.py
[2026-03-30T06:12:05.881+0000] {processor.py:161} INFO - Started process (PID=92) to work on /home/airflow/.local/lib/python3.12/site-packages/airflow/example_dags/example_branch_python_dop_operator_3.py
[2026-03-30T06:12:05.885+0000] {processor.py:830} INFO - Processing file /home/airflow/.local/lib/python3.12/site-packages/airflow/example_dags/example_branch_python_dop_operator_3.py for tasks to queue
[2026-03-30T06:12:05.889+0000] {logging_mixin.py:188} INFO - [2026-03-30T06:12:05.888+0000] {dagbag.py:545} INFO - Filling up the DagBag from /home/airflow/.local/lib/python3.12/site-packages/airflow/example_dags/example_branch_python_dop_operator_3.py
[2026-03-30T06:12:05.913+0000] {processor.py:840} INFO - DAG(s) 'example_branch_dop_operator_v3' retrieved from /home/airflow/.local/lib/python3.12/site-packages/airflow/example_dags/example_branch_python_dop_operator_3.py
[2026-03-30T06:12:06.114+0000] {logging_mixin.py:188} INFO - [2026-03-30T06:12:06.113+0000] {dag.py:3089} INFO - Sync 1 DAGs
[2026-03-30T06:12:06.135+0000] {logging_mixin.py:188} INFO - [2026-03-30T06:12:06.135+0000] {dag.py:3947} INFO - Setting next_dagrun for example_branch_dop_operator_v3 to 2026-03-30 06:11:00+00:00, run_after=2026-03-30 06:12:00+00:00
[2026-03-30T06:12:06.155+0000] {processor.py:183} INFO - Processing /home/airflow/.local/lib/python3.12/site-packages/airflow/example_dags/example_branch_python_dop_operator_3.py took 0.295 seconds
