[2026-03-30T05:36:51.928+0000] {processor.py:161} INFO - Started process (PID=130) to work on /home/airflow/.local/lib/python3.12/site-packages/airflow/example_dags/example_datasets.py
[2026-03-30T05:36:51.947+0000] {processor.py:830} INFO - Processing file /home/airflow/.local/lib/python3.12/site-packages/airflow/example_dags/example_datasets.py for tasks to queue
[2026-03-30T05:36:51.953+0000] {logging_mixin.py:188} INFO - [2026-03-30T05:36:51.952+0000] {dagbag.py:545} INFO - Filling up the DagBag from /home/airflow/.local/lib/python3.12/site-packages/airflow/example_dags/example_datasets.py
[2026-03-30T05:36:52.174+0000] {processor.py:840} INFO - DAG(s) 'dataset_consumes_1_and_2', 'consume_1_or_both_2_and_3_with_dataset_expressions', 'dataset_consumes_unknown_never_scheduled', 'dataset_produces_2', 'dataset_consumes_1_never_scheduled', 'consume_1_or_2_with_dataset_expressions', 'conditional_dataset_and_time_based_timetable', 'consume_1_and_2_with_dataset_expressions', 'dataset_consumes_1', 'dataset_produces_1' retrieved from /home/airflow/.local/lib/python3.12/site-packages/airflow/example_dags/example_datasets.py
[2026-03-30T05:36:54.068+0000] {logging_mixin.py:188} INFO - [2026-03-30T05:36:54.058+0000] {dag.py:3089} INFO - Sync 10 DAGs
[2026-03-30T05:36:54.361+0000] {logging_mixin.py:188} INFO - [2026-03-30T05:36:54.360+0000] {dag.py:3947} INFO - Setting next_dagrun for conditional_dataset_and_time_based_timetable to 2026-03-25 01:00:00+00:00, run_after=2026-03-25 01:00:00+00:00
[2026-03-30T05:36:54.397+0000] {logging_mixin.py:188} INFO - [2026-03-30T05:36:54.397+0000] {dag.py:3947} INFO - Setting next_dagrun for consume_1_and_2_with_dataset_expressions to None, run_after=None
[2026-03-30T05:36:54.411+0000] {logging_mixin.py:188} INFO - [2026-03-30T05:36:54.411+0000] {dag.py:3947} INFO - Setting next_dagrun for consume_1_or_2_with_dataset_expressions to None, run_after=None
[2026-03-30T05:36:54.526+0000] {logging_mixin.py:188} INFO - [2026-03-30T05:36:54.524+0000] {dag.py:3947} INFO - Setting next_dagrun for consume_1_or_both_2_and_3_with_dataset_expressions to None, run_after=None
[2026-03-30T05:36:54.665+0000] {logging_mixin.py:188} INFO - [2026-03-30T05:36:54.659+0000] {dag.py:3947} INFO - Setting next_dagrun for dataset_consumes_1 to None, run_after=None
[2026-03-30T05:36:54.700+0000] {logging_mixin.py:188} INFO - [2026-03-30T05:36:54.694+0000] {dag.py:3947} INFO - Setting next_dagrun for dataset_consumes_1_and_2 to None, run_after=None
[2026-03-30T05:36:54.865+0000] {logging_mixin.py:188} INFO - [2026-03-30T05:36:54.843+0000] {dag.py:3947} INFO - Setting next_dagrun for dataset_consumes_1_never_scheduled to None, run_after=None
[2026-03-30T05:36:54.876+0000] {logging_mixin.py:188} INFO - [2026-03-30T05:36:54.876+0000] {dag.py:3947} INFO - Setting next_dagrun for dataset_consumes_unknown_never_scheduled to None, run_after=None
[2026-03-30T05:36:54.885+0000] {logging_mixin.py:188} INFO - [2026-03-30T05:36:54.885+0000] {dag.py:3947} INFO - Setting next_dagrun for dataset_produces_1 to 2026-03-29 00:00:00+00:00, run_after=2026-03-30 00:00:00+00:00
[2026-03-30T05:36:54.900+0000] {logging_mixin.py:188} INFO - [2026-03-30T05:36:54.899+0000] {dag.py:3947} INFO - Setting next_dagrun for dataset_produces_2 to None, run_after=None
[2026-03-30T05:36:55.150+0000] {processor.py:183} INFO - Processing /home/airflow/.local/lib/python3.12/site-packages/airflow/example_dags/example_datasets.py took 3.043 seconds
[2026-03-30T05:37:40.278+0000] {processor.py:161} INFO - Started process (PID=196) to work on /home/airflow/.local/lib/python3.12/site-packages/airflow/example_dags/example_datasets.py
[2026-03-30T05:37:40.283+0000] {processor.py:830} INFO - Processing file /home/airflow/.local/lib/python3.12/site-packages/airflow/example_dags/example_datasets.py for tasks to queue
[2026-03-30T05:37:40.323+0000] {logging_mixin.py:188} INFO - [2026-03-30T05:37:40.321+0000] {dagbag.py:545} INFO - Filling up the DagBag from /home/airflow/.local/lib/python3.12/site-packages/airflow/example_dags/example_datasets.py
[2026-03-30T05:37:40.450+0000] {processor.py:840} INFO - DAG(s) 'dataset_consumes_1_and_2', 'consume_1_or_both_2_and_3_with_dataset_expressions', 'consume_1_and_2_with_dataset_expressions', 'dataset_consumes_1_never_scheduled', 'dataset_consumes_1', 'dataset_produces_2', 'dataset_consumes_unknown_never_scheduled', 'conditional_dataset_and_time_based_timetable', 'dataset_produces_1', 'consume_1_or_2_with_dataset_expressions' retrieved from /home/airflow/.local/lib/python3.12/site-packages/airflow/example_dags/example_datasets.py
[2026-03-30T05:37:40.687+0000] {logging_mixin.py:188} INFO - [2026-03-30T05:37:40.686+0000] {dag.py:3089} INFO - Sync 10 DAGs
[2026-03-30T05:37:40.758+0000] {logging_mixin.py:188} INFO - [2026-03-30T05:37:40.757+0000] {dag.py:3947} INFO - Setting next_dagrun for conditional_dataset_and_time_based_timetable to 2026-03-25 01:00:00+00:00, run_after=2026-03-25 01:00:00+00:00
[2026-03-30T05:37:40.766+0000] {logging_mixin.py:188} INFO - [2026-03-30T05:37:40.765+0000] {dag.py:3947} INFO - Setting next_dagrun for consume_1_and_2_with_dataset_expressions to None, run_after=None
[2026-03-30T05:37:40.769+0000] {logging_mixin.py:188} INFO - [2026-03-30T05:37:40.768+0000] {dag.py:3947} INFO - Setting next_dagrun for consume_1_or_2_with_dataset_expressions to None, run_after=None
[2026-03-30T05:37:40.771+0000] {logging_mixin.py:188} INFO - [2026-03-30T05:37:40.771+0000] {dag.py:3947} INFO - Setting next_dagrun for consume_1_or_both_2_and_3_with_dataset_expressions to None, run_after=None
[2026-03-30T05:37:40.773+0000] {logging_mixin.py:188} INFO - [2026-03-30T05:37:40.773+0000] {dag.py:3947} INFO - Setting next_dagrun for dataset_consumes_1 to None, run_after=None
[2026-03-30T05:37:40.776+0000] {logging_mixin.py:188} INFO - [2026-03-30T05:37:40.775+0000] {dag.py:3947} INFO - Setting next_dagrun for dataset_consumes_1_and_2 to None, run_after=None
[2026-03-30T05:37:40.782+0000] {logging_mixin.py:188} INFO - [2026-03-30T05:37:40.781+0000] {dag.py:3947} INFO - Setting next_dagrun for dataset_consumes_1_never_scheduled to None, run_after=None
[2026-03-30T05:37:40.787+0000] {logging_mixin.py:188} INFO - [2026-03-30T05:37:40.787+0000] {dag.py:3947} INFO - Setting next_dagrun for dataset_consumes_unknown_never_scheduled to None, run_after=None
[2026-03-30T05:37:40.792+0000] {logging_mixin.py:188} INFO - [2026-03-30T05:37:40.792+0000] {dag.py:3947} INFO - Setting next_dagrun for dataset_produces_1 to 2026-03-29 00:00:00+00:00, run_after=2026-03-30 00:00:00+00:00
[2026-03-30T05:37:40.797+0000] {logging_mixin.py:188} INFO - [2026-03-30T05:37:40.796+0000] {dag.py:3947} INFO - Setting next_dagrun for dataset_produces_2 to None, run_after=None
[2026-03-30T05:37:40.908+0000] {processor.py:183} INFO - Processing /home/airflow/.local/lib/python3.12/site-packages/airflow/example_dags/example_datasets.py took 0.647 seconds
[2026-03-30T05:38:21.628+0000] {processor.py:161} INFO - Started process (PID=261) to work on /home/airflow/.local/lib/python3.12/site-packages/airflow/example_dags/example_datasets.py
[2026-03-30T05:38:21.630+0000] {processor.py:830} INFO - Processing file /home/airflow/.local/lib/python3.12/site-packages/airflow/example_dags/example_datasets.py for tasks to queue
[2026-03-30T05:38:21.640+0000] {logging_mixin.py:188} INFO - [2026-03-30T05:38:21.638+0000] {dagbag.py:545} INFO - Filling up the DagBag from /home/airflow/.local/lib/python3.12/site-packages/airflow/example_dags/example_datasets.py
[2026-03-30T05:38:21.669+0000] {processor.py:840} INFO - DAG(s) 'dataset_consumes_unknown_never_scheduled', 'dataset_consumes_1_and_2', 'dataset_consumes_1_never_scheduled', 'conditional_dataset_and_time_based_timetable', 'dataset_consumes_1', 'dataset_produces_1', 'consume_1_or_2_with_dataset_expressions', 'consume_1_or_both_2_and_3_with_dataset_expressions', 'consume_1_and_2_with_dataset_expressions', 'dataset_produces_2' retrieved from /home/airflow/.local/lib/python3.12/site-packages/airflow/example_dags/example_datasets.py
[2026-03-30T05:38:21.804+0000] {logging_mixin.py:188} INFO - [2026-03-30T05:38:21.803+0000] {dag.py:3089} INFO - Sync 10 DAGs
[2026-03-30T05:38:21.964+0000] {logging_mixin.py:188} INFO - [2026-03-30T05:38:21.962+0000] {dag.py:3947} INFO - Setting next_dagrun for conditional_dataset_and_time_based_timetable to 2026-03-25 01:00:00+00:00, run_after=2026-03-25 01:00:00+00:00
[2026-03-30T05:38:21.987+0000] {logging_mixin.py:188} INFO - [2026-03-30T05:38:21.986+0000] {dag.py:3947} INFO - Setting next_dagrun for consume_1_and_2_with_dataset_expressions to None, run_after=None
[2026-03-30T05:38:21.998+0000] {logging_mixin.py:188} INFO - [2026-03-30T05:38:21.996+0000] {dag.py:3947} INFO - Setting next_dagrun for consume_1_or_2_with_dataset_expressions to None, run_after=None
[2026-03-30T05:38:22.002+0000] {logging_mixin.py:188} INFO - [2026-03-30T05:38:22.001+0000] {dag.py:3947} INFO - Setting next_dagrun for consume_1_or_both_2_and_3_with_dataset_expressions to None, run_after=None
[2026-03-30T05:38:22.006+0000] {logging_mixin.py:188} INFO - [2026-03-30T05:38:22.006+0000] {dag.py:3947} INFO - Setting next_dagrun for dataset_consumes_1 to None, run_after=None
[2026-03-30T05:38:22.010+0000] {logging_mixin.py:188} INFO - [2026-03-30T05:38:22.009+0000] {dag.py:3947} INFO - Setting next_dagrun for dataset_consumes_1_and_2 to None, run_after=None
[2026-03-30T05:38:22.018+0000] {logging_mixin.py:188} INFO - [2026-03-30T05:38:22.018+0000] {dag.py:3947} INFO - Setting next_dagrun for dataset_consumes_1_never_scheduled to None, run_after=None
[2026-03-30T05:38:22.021+0000] {logging_mixin.py:188} INFO - [2026-03-30T05:38:22.021+0000] {dag.py:3947} INFO - Setting next_dagrun for dataset_consumes_unknown_never_scheduled to None, run_after=None
[2026-03-30T05:38:22.026+0000] {logging_mixin.py:188} INFO - [2026-03-30T05:38:22.026+0000] {dag.py:3947} INFO - Setting next_dagrun for dataset_produces_1 to 2026-03-29 00:00:00+00:00, run_after=2026-03-30 00:00:00+00:00
[2026-03-30T05:38:22.030+0000] {logging_mixin.py:188} INFO - [2026-03-30T05:38:22.030+0000] {dag.py:3947} INFO - Setting next_dagrun for dataset_produces_2 to None, run_after=None
[2026-03-30T05:38:22.145+0000] {processor.py:183} INFO - Processing /home/airflow/.local/lib/python3.12/site-packages/airflow/example_dags/example_datasets.py took 0.530 seconds
[2026-03-30T05:40:08.293+0000] {processor.py:161} INFO - Started process (PID=335) to work on /home/airflow/.local/lib/python3.12/site-packages/airflow/example_dags/example_datasets.py
[2026-03-30T05:40:08.309+0000] {processor.py:830} INFO - Processing file /home/airflow/.local/lib/python3.12/site-packages/airflow/example_dags/example_datasets.py for tasks to queue
[2026-03-30T05:40:08.366+0000] {logging_mixin.py:188} INFO - [2026-03-30T05:40:08.365+0000] {dagbag.py:545} INFO - Filling up the DagBag from /home/airflow/.local/lib/python3.12/site-packages/airflow/example_dags/example_datasets.py
[2026-03-30T05:40:08.928+0000] {processor.py:840} INFO - DAG(s) 'dataset_produces_2', 'dataset_consumes_1_and_2', 'dataset_consumes_unknown_never_scheduled', 'conditional_dataset_and_time_based_timetable', 'consume_1_or_2_with_dataset_expressions', 'dataset_consumes_1_never_scheduled', 'dataset_consumes_1', 'consume_1_or_both_2_and_3_with_dataset_expressions', 'dataset_produces_1', 'consume_1_and_2_with_dataset_expressions' retrieved from /home/airflow/.local/lib/python3.12/site-packages/airflow/example_dags/example_datasets.py
[2026-03-30T05:40:09.917+0000] {logging_mixin.py:188} INFO - [2026-03-30T05:40:09.906+0000] {dag.py:3089} INFO - Sync 10 DAGs
[2026-03-30T05:40:13.114+0000] {logging_mixin.py:188} INFO - [2026-03-30T05:40:13.108+0000] {dag.py:3947} INFO - Setting next_dagrun for conditional_dataset_and_time_based_timetable to 2026-03-25 01:00:00+00:00, run_after=2026-03-25 01:00:00+00:00
[2026-03-30T05:40:13.213+0000] {logging_mixin.py:188} INFO - [2026-03-30T05:40:13.211+0000] {dag.py:3947} INFO - Setting next_dagrun for consume_1_and_2_with_dataset_expressions to None, run_after=None
[2026-03-30T05:40:13.228+0000] {logging_mixin.py:188} INFO - [2026-03-30T05:40:13.226+0000] {dag.py:3947} INFO - Setting next_dagrun for consume_1_or_2_with_dataset_expressions to None, run_after=None
[2026-03-30T05:40:13.249+0000] {logging_mixin.py:188} INFO - [2026-03-30T05:40:13.249+0000] {dag.py:3947} INFO - Setting next_dagrun for consume_1_or_both_2_and_3_with_dataset_expressions to None, run_after=None
[2026-03-30T05:40:13.269+0000] {logging_mixin.py:188} INFO - [2026-03-30T05:40:13.269+0000] {dag.py:3947} INFO - Setting next_dagrun for dataset_consumes_1 to None, run_after=None
[2026-03-30T05:40:13.279+0000] {logging_mixin.py:188} INFO - [2026-03-30T05:40:13.278+0000] {dag.py:3947} INFO - Setting next_dagrun for dataset_consumes_1_and_2 to None, run_after=None
[2026-03-30T05:40:13.295+0000] {logging_mixin.py:188} INFO - [2026-03-30T05:40:13.290+0000] {dag.py:3947} INFO - Setting next_dagrun for dataset_consumes_1_never_scheduled to None, run_after=None
[2026-03-30T05:40:13.300+0000] {logging_mixin.py:188} INFO - [2026-03-30T05:40:13.300+0000] {dag.py:3947} INFO - Setting next_dagrun for dataset_consumes_unknown_never_scheduled to None, run_after=None
[2026-03-30T05:40:13.307+0000] {logging_mixin.py:188} INFO - [2026-03-30T05:40:13.306+0000] {dag.py:3947} INFO - Setting next_dagrun for dataset_produces_1 to 2026-03-29 00:00:00+00:00, run_after=2026-03-30 00:00:00+00:00
[2026-03-30T05:40:13.316+0000] {logging_mixin.py:188} INFO - [2026-03-30T05:40:13.315+0000] {dag.py:3947} INFO - Setting next_dagrun for dataset_produces_2 to None, run_after=None
[2026-03-30T05:40:15.648+0000] {processor.py:183} INFO - Processing /home/airflow/.local/lib/python3.12/site-packages/airflow/example_dags/example_datasets.py took 7.417 seconds
[2026-03-30T05:45:56.447+0000] {processor.py:161} INFO - Started process (PID=436) to work on /home/airflow/.local/lib/python3.12/site-packages/airflow/example_dags/example_datasets.py
[2026-03-30T05:45:56.856+0000] {processor.py:830} INFO - Processing file /home/airflow/.local/lib/python3.12/site-packages/airflow/example_dags/example_datasets.py for tasks to queue
[2026-03-30T05:45:57.133+0000] {logging_mixin.py:188} INFO - [2026-03-30T05:45:57.065+0000] {dagbag.py:545} INFO - Filling up the DagBag from /home/airflow/.local/lib/python3.12/site-packages/airflow/example_dags/example_datasets.py
[2026-03-30T05:46:00.281+0000] {processor.py:840} INFO - DAG(s) 'dataset_produces_2', 'dataset_consumes_unknown_never_scheduled', 'dataset_consumes_1_and_2', 'consume_1_and_2_with_dataset_expressions', 'consume_1_or_2_with_dataset_expressions', 'consume_1_or_both_2_and_3_with_dataset_expressions', 'dataset_consumes_1_never_scheduled', 'dataset_produces_1', 'conditional_dataset_and_time_based_timetable', 'dataset_consumes_1' retrieved from /home/airflow/.local/lib/python3.12/site-packages/airflow/example_dags/example_datasets.py
[2026-03-30T05:46:05.488+0000] {logging_mixin.py:188} INFO - [2026-03-30T05:46:05.372+0000] {dag.py:3089} INFO - Sync 10 DAGs
[2026-03-30T05:46:16.806+0000] {logging_mixin.py:188} INFO - [2026-03-30T05:46:16.705+0000] {dag.py:3947} INFO - Setting next_dagrun for conditional_dataset_and_time_based_timetable to 2026-03-25 01:00:00+00:00, run_after=2026-03-25 01:00:00+00:00
[2026-03-30T05:46:17.409+0000] {logging_mixin.py:188} INFO - [2026-03-30T05:46:17.394+0000] {dag.py:3947} INFO - Setting next_dagrun for consume_1_and_2_with_dataset_expressions to None, run_after=None
[2026-03-30T05:46:17.561+0000] {logging_mixin.py:188} INFO - [2026-03-30T05:46:17.559+0000] {dag.py:3947} INFO - Setting next_dagrun for consume_1_or_2_with_dataset_expressions to None, run_after=None
[2026-03-30T05:46:17.606+0000] {logging_mixin.py:188} INFO - [2026-03-30T05:46:17.605+0000] {dag.py:3947} INFO - Setting next_dagrun for consume_1_or_both_2_and_3_with_dataset_expressions to None, run_after=None
[2026-03-30T05:46:17.624+0000] {logging_mixin.py:188} INFO - [2026-03-30T05:46:17.624+0000] {dag.py:3947} INFO - Setting next_dagrun for dataset_consumes_1 to None, run_after=None
[2026-03-30T05:46:17.805+0000] {logging_mixin.py:188} INFO - [2026-03-30T05:46:17.802+0000] {dag.py:3947} INFO - Setting next_dagrun for dataset_consumes_1_and_2 to None, run_after=None
[2026-03-30T05:46:18.005+0000] {logging_mixin.py:188} INFO - [2026-03-30T05:46:18.001+0000] {dag.py:3947} INFO - Setting next_dagrun for dataset_consumes_1_never_scheduled to None, run_after=None
[2026-03-30T05:46:18.106+0000] {logging_mixin.py:188} INFO - [2026-03-30T05:46:18.105+0000] {dag.py:3947} INFO - Setting next_dagrun for dataset_consumes_unknown_never_scheduled to None, run_after=None
[2026-03-30T05:46:18.158+0000] {logging_mixin.py:188} INFO - [2026-03-30T05:46:18.158+0000] {dag.py:3947} INFO - Setting next_dagrun for dataset_produces_1 to 2026-03-29 00:00:00+00:00, run_after=2026-03-30 00:00:00+00:00
[2026-03-30T05:46:18.206+0000] {logging_mixin.py:188} INFO - [2026-03-30T05:46:18.195+0000] {dag.py:3947} INFO - Setting next_dagrun for dataset_produces_2 to None, run_after=None
[2026-03-30T05:46:24.989+0000] {processor.py:183} INFO - Processing /home/airflow/.local/lib/python3.12/site-packages/airflow/example_dags/example_datasets.py took 29.122 seconds
[2026-03-30T06:05:16.471+0000] {processor.py:161} INFO - Started process (PID=669) to work on /home/airflow/.local/lib/python3.12/site-packages/airflow/example_dags/example_datasets.py
[2026-03-30T06:05:16.531+0000] {processor.py:830} INFO - Processing file /home/airflow/.local/lib/python3.12/site-packages/airflow/example_dags/example_datasets.py for tasks to queue
[2026-03-30T06:05:16.602+0000] {logging_mixin.py:188} INFO - [2026-03-30T06:05:16.554+0000] {dagbag.py:545} INFO - Filling up the DagBag from /home/airflow/.local/lib/python3.12/site-packages/airflow/example_dags/example_datasets.py
[2026-03-30T06:05:17.629+0000] {processor.py:840} INFO - DAG(s) 'consume_1_and_2_with_dataset_expressions', 'dataset_produces_2', 'consume_1_or_both_2_and_3_with_dataset_expressions', 'dataset_produces_1', 'dataset_consumes_1_never_scheduled', 'dataset_consumes_1', 'dataset_consumes_1_and_2', 'dataset_consumes_unknown_never_scheduled', 'conditional_dataset_and_time_based_timetable', 'consume_1_or_2_with_dataset_expressions' retrieved from /home/airflow/.local/lib/python3.12/site-packages/airflow/example_dags/example_datasets.py
[2026-03-30T06:05:18.876+0000] {logging_mixin.py:188} INFO - [2026-03-30T06:05:18.858+0000] {dag.py:3089} INFO - Sync 10 DAGs
[2026-03-30T06:05:20.922+0000] {logging_mixin.py:188} INFO - [2026-03-30T06:05:20.904+0000] {dag.py:3947} INFO - Setting next_dagrun for conditional_dataset_and_time_based_timetable to 2026-03-25 01:00:00+00:00, run_after=2026-03-25 01:00:00+00:00
[2026-03-30T06:05:21.071+0000] {logging_mixin.py:188} INFO - [2026-03-30T06:05:21.069+0000] {dag.py:3947} INFO - Setting next_dagrun for consume_1_and_2_with_dataset_expressions to None, run_after=None
[2026-03-30T06:05:21.089+0000] {logging_mixin.py:188} INFO - [2026-03-30T06:05:21.088+0000] {dag.py:3947} INFO - Setting next_dagrun for consume_1_or_2_with_dataset_expressions to None, run_after=None
[2026-03-30T06:05:21.103+0000] {logging_mixin.py:188} INFO - [2026-03-30T06:05:21.102+0000] {dag.py:3947} INFO - Setting next_dagrun for consume_1_or_both_2_and_3_with_dataset_expressions to None, run_after=None
[2026-03-30T06:05:21.114+0000] {logging_mixin.py:188} INFO - [2026-03-30T06:05:21.113+0000] {dag.py:3947} INFO - Setting next_dagrun for dataset_consumes_1 to None, run_after=None
[2026-03-30T06:05:21.135+0000] {logging_mixin.py:188} INFO - [2026-03-30T06:05:21.131+0000] {dag.py:3947} INFO - Setting next_dagrun for dataset_consumes_1_and_2 to None, run_after=None
[2026-03-30T06:05:21.148+0000] {logging_mixin.py:188} INFO - [2026-03-30T06:05:21.147+0000] {dag.py:3947} INFO - Setting next_dagrun for dataset_consumes_1_never_scheduled to None, run_after=None
[2026-03-30T06:05:21.163+0000] {logging_mixin.py:188} INFO - [2026-03-30T06:05:21.162+0000] {dag.py:3947} INFO - Setting next_dagrun for dataset_consumes_unknown_never_scheduled to None, run_after=None
[2026-03-30T06:05:21.192+0000] {logging_mixin.py:188} INFO - [2026-03-30T06:05:21.189+0000] {dag.py:3947} INFO - Setting next_dagrun for dataset_produces_1 to 2026-03-29 00:00:00+00:00, run_after=2026-03-30 00:00:00+00:00
[2026-03-30T06:05:21.203+0000] {logging_mixin.py:188} INFO - [2026-03-30T06:05:21.200+0000] {dag.py:3947} INFO - Setting next_dagrun for dataset_produces_2 to None, run_after=None
[2026-03-30T06:05:22.594+0000] {processor.py:183} INFO - Processing /home/airflow/.local/lib/python3.12/site-packages/airflow/example_dags/example_datasets.py took 6.249 seconds
[2026-03-30T06:12:08.863+0000] {processor.py:161} INFO - Started process (PID=107) to work on /home/airflow/.local/lib/python3.12/site-packages/airflow/example_dags/example_datasets.py
[2026-03-30T06:12:08.865+0000] {processor.py:830} INFO - Processing file /home/airflow/.local/lib/python3.12/site-packages/airflow/example_dags/example_datasets.py for tasks to queue
[2026-03-30T06:12:08.871+0000] {logging_mixin.py:188} INFO - [2026-03-30T06:12:08.870+0000] {dagbag.py:545} INFO - Filling up the DagBag from /home/airflow/.local/lib/python3.12/site-packages/airflow/example_dags/example_datasets.py
[2026-03-30T06:12:08.897+0000] {processor.py:840} INFO - DAG(s) 'consume_1_and_2_with_dataset_expressions', 'conditional_dataset_and_time_based_timetable', 'dataset_consumes_1_and_2', 'dataset_consumes_1', 'dataset_produces_2', 'consume_1_or_2_with_dataset_expressions', 'consume_1_or_both_2_and_3_with_dataset_expressions', 'dataset_produces_1', 'dataset_consumes_unknown_never_scheduled', 'dataset_consumes_1_never_scheduled' retrieved from /home/airflow/.local/lib/python3.12/site-packages/airflow/example_dags/example_datasets.py
[2026-03-30T06:12:09.255+0000] {logging_mixin.py:188} INFO - [2026-03-30T06:12:09.254+0000] {dag.py:3089} INFO - Sync 10 DAGs
[2026-03-30T06:12:09.311+0000] {logging_mixin.py:188} INFO - [2026-03-30T06:12:09.308+0000] {dag.py:3947} INFO - Setting next_dagrun for conditional_dataset_and_time_based_timetable to 2026-03-25 01:00:00+00:00, run_after=2026-03-25 01:00:00+00:00
[2026-03-30T06:12:09.315+0000] {logging_mixin.py:188} INFO - [2026-03-30T06:12:09.315+0000] {dag.py:3947} INFO - Setting next_dagrun for consume_1_and_2_with_dataset_expressions to None, run_after=None
[2026-03-30T06:12:09.322+0000] {logging_mixin.py:188} INFO - [2026-03-30T06:12:09.322+0000] {dag.py:3947} INFO - Setting next_dagrun for consume_1_or_2_with_dataset_expressions to None, run_after=None
[2026-03-30T06:12:09.325+0000] {logging_mixin.py:188} INFO - [2026-03-30T06:12:09.325+0000] {dag.py:3947} INFO - Setting next_dagrun for consume_1_or_both_2_and_3_with_dataset_expressions to None, run_after=None
[2026-03-30T06:12:09.326+0000] {logging_mixin.py:188} INFO - [2026-03-30T06:12:09.326+0000] {dag.py:3947} INFO - Setting next_dagrun for dataset_consumes_1 to None, run_after=None
[2026-03-30T06:12:09.328+0000] {logging_mixin.py:188} INFO - [2026-03-30T06:12:09.328+0000] {dag.py:3947} INFO - Setting next_dagrun for dataset_consumes_1_and_2 to None, run_after=None
[2026-03-30T06:12:09.329+0000] {logging_mixin.py:188} INFO - [2026-03-30T06:12:09.329+0000] {dag.py:3947} INFO - Setting next_dagrun for dataset_consumes_1_never_scheduled to None, run_after=None
[2026-03-30T06:12:09.331+0000] {logging_mixin.py:188} INFO - [2026-03-30T06:12:09.330+0000] {dag.py:3947} INFO - Setting next_dagrun for dataset_consumes_unknown_never_scheduled to None, run_after=None
[2026-03-30T06:12:09.333+0000] {logging_mixin.py:188} INFO - [2026-03-30T06:12:09.333+0000] {dag.py:3947} INFO - Setting next_dagrun for dataset_produces_1 to 2026-03-29 00:00:00+00:00, run_after=2026-03-30 00:00:00+00:00
[2026-03-30T06:12:09.336+0000] {logging_mixin.py:188} INFO - [2026-03-30T06:12:09.336+0000] {dag.py:3947} INFO - Setting next_dagrun for dataset_produces_2 to None, run_after=None
[2026-03-30T06:12:09.429+0000] {processor.py:183} INFO - Processing /home/airflow/.local/lib/python3.12/site-packages/airflow/example_dags/example_datasets.py took 0.572 seconds
