[2026-03-30T05:35:32.776+0000] {processor.py:161} INFO - Started process (PID=85) to work on /home/airflow/.local/lib/python3.12/site-packages/airflow/example_dags/example_latest_only.py
[2026-03-30T05:35:32.808+0000] {processor.py:830} INFO - Processing file /home/airflow/.local/lib/python3.12/site-packages/airflow/example_dags/example_latest_only.py for tasks to queue
[2026-03-30T05:35:32.824+0000] {logging_mixin.py:188} INFO - [2026-03-30T05:35:32.820+0000] {dagbag.py:545} INFO - Filling up the DagBag from /home/airflow/.local/lib/python3.12/site-packages/airflow/example_dags/example_latest_only.py
[2026-03-30T05:35:32.947+0000] {processor.py:840} INFO - DAG(s) 'latest_only' retrieved from /home/airflow/.local/lib/python3.12/site-packages/airflow/example_dags/example_latest_only.py
[2026-03-30T05:35:34.199+0000] {logging_mixin.py:188} INFO - [2026-03-30T05:35:34.199+0000] {dag.py:3089} INFO - Sync 1 DAGs
[2026-03-30T05:35:34.363+0000] {logging_mixin.py:188} INFO - [2026-03-30T05:35:34.363+0000] {dag.py:3947} INFO - Setting next_dagrun for latest_only to 2026-03-30 00:00:00+00:00, run_after=2026-03-30 04:00:00+00:00
[2026-03-30T05:35:34.660+0000] {processor.py:183} INFO - Processing /home/airflow/.local/lib/python3.12/site-packages/airflow/example_dags/example_latest_only.py took 2.201 seconds
[2026-03-30T05:37:17.804+0000] {processor.py:161} INFO - Started process (PID=154) to work on /home/airflow/.local/lib/python3.12/site-packages/airflow/example_dags/example_latest_only.py
[2026-03-30T05:37:17.817+0000] {processor.py:830} INFO - Processing file /home/airflow/.local/lib/python3.12/site-packages/airflow/example_dags/example_latest_only.py for tasks to queue
[2026-03-30T05:37:17.873+0000] {logging_mixin.py:188} INFO - [2026-03-30T05:37:17.870+0000] {dagbag.py:545} INFO - Filling up the DagBag from /home/airflow/.local/lib/python3.12/site-packages/airflow/example_dags/example_latest_only.py
[2026-03-30T05:37:18.106+0000] {processor.py:840} INFO - DAG(s) 'latest_only' retrieved from /home/airflow/.local/lib/python3.12/site-packages/airflow/example_dags/example_latest_only.py
[2026-03-30T05:37:18.637+0000] {logging_mixin.py:188} INFO - [2026-03-30T05:37:18.636+0000] {dag.py:3089} INFO - Sync 1 DAGs
[2026-03-30T05:37:18.884+0000] {logging_mixin.py:188} INFO - [2026-03-30T05:37:18.883+0000] {dag.py:3947} INFO - Setting next_dagrun for latest_only to 2026-03-30 00:00:00+00:00, run_after=2026-03-30 04:00:00+00:00
[2026-03-30T05:37:19.040+0000] {processor.py:183} INFO - Processing /home/airflow/.local/lib/python3.12/site-packages/airflow/example_dags/example_latest_only.py took 1.300 seconds
[2026-03-30T05:37:50.622+0000] {processor.py:161} INFO - Started process (PID=210) to work on /home/airflow/.local/lib/python3.12/site-packages/airflow/example_dags/example_latest_only.py
[2026-03-30T05:37:50.630+0000] {processor.py:830} INFO - Processing file /home/airflow/.local/lib/python3.12/site-packages/airflow/example_dags/example_latest_only.py for tasks to queue
[2026-03-30T05:37:50.667+0000] {logging_mixin.py:188} INFO - [2026-03-30T05:37:50.666+0000] {dagbag.py:545} INFO - Filling up the DagBag from /home/airflow/.local/lib/python3.12/site-packages/airflow/example_dags/example_latest_only.py
[2026-03-30T05:37:50.870+0000] {processor.py:840} INFO - DAG(s) 'latest_only' retrieved from /home/airflow/.local/lib/python3.12/site-packages/airflow/example_dags/example_latest_only.py
[2026-03-30T05:37:51.149+0000] {logging_mixin.py:188} INFO - [2026-03-30T05:37:51.147+0000] {dag.py:3089} INFO - Sync 1 DAGs
[2026-03-30T05:37:51.306+0000] {logging_mixin.py:188} INFO - [2026-03-30T05:37:51.305+0000] {dag.py:3947} INFO - Setting next_dagrun for latest_only to 2026-03-30 00:00:00+00:00, run_after=2026-03-30 04:00:00+00:00
[2026-03-30T05:37:51.386+0000] {processor.py:183} INFO - Processing /home/airflow/.local/lib/python3.12/site-packages/airflow/example_dags/example_latest_only.py took 0.868 seconds
[2026-03-30T05:38:22.977+0000] {processor.py:161} INFO - Started process (PID=268) to work on /home/airflow/.local/lib/python3.12/site-packages/airflow/example_dags/example_latest_only.py
[2026-03-30T05:38:22.980+0000] {processor.py:830} INFO - Processing file /home/airflow/.local/lib/python3.12/site-packages/airflow/example_dags/example_latest_only.py for tasks to queue
[2026-03-30T05:38:23.001+0000] {logging_mixin.py:188} INFO - [2026-03-30T05:38:22.999+0000] {dagbag.py:545} INFO - Filling up the DagBag from /home/airflow/.local/lib/python3.12/site-packages/airflow/example_dags/example_latest_only.py
[2026-03-30T05:38:23.031+0000] {processor.py:840} INFO - DAG(s) 'latest_only' retrieved from /home/airflow/.local/lib/python3.12/site-packages/airflow/example_dags/example_latest_only.py
[2026-03-30T05:38:23.131+0000] {logging_mixin.py:188} INFO - [2026-03-30T05:38:23.130+0000] {dag.py:3089} INFO - Sync 1 DAGs
[2026-03-30T05:38:23.201+0000] {logging_mixin.py:188} INFO - [2026-03-30T05:38:23.201+0000] {dag.py:3947} INFO - Setting next_dagrun for latest_only to 2026-03-30 00:00:00+00:00, run_after=2026-03-30 04:00:00+00:00
[2026-03-30T05:38:23.252+0000] {processor.py:183} INFO - Processing /home/airflow/.local/lib/python3.12/site-packages/airflow/example_dags/example_latest_only.py took 0.313 seconds
[2026-03-30T05:39:33.739+0000] {processor.py:161} INFO - Started process (PID=312) to work on /home/airflow/.local/lib/python3.12/site-packages/airflow/example_dags/example_latest_only.py
[2026-03-30T05:39:33.751+0000] {processor.py:830} INFO - Processing file /home/airflow/.local/lib/python3.12/site-packages/airflow/example_dags/example_latest_only.py for tasks to queue
[2026-03-30T05:39:33.875+0000] {logging_mixin.py:188} INFO - [2026-03-30T05:39:33.866+0000] {dagbag.py:545} INFO - Filling up the DagBag from /home/airflow/.local/lib/python3.12/site-packages/airflow/example_dags/example_latest_only.py
[2026-03-30T05:39:33.931+0000] {processor.py:840} INFO - DAG(s) 'latest_only' retrieved from /home/airflow/.local/lib/python3.12/site-packages/airflow/example_dags/example_latest_only.py
[2026-03-30T05:39:36.587+0000] {logging_mixin.py:188} INFO - [2026-03-30T05:39:36.497+0000] {dag.py:3089} INFO - Sync 1 DAGs
[2026-03-30T05:39:37.001+0000] {logging_mixin.py:188} INFO - [2026-03-30T05:39:37.001+0000] {dag.py:3947} INFO - Setting next_dagrun for latest_only to 2026-03-30 00:00:00+00:00, run_after=2026-03-30 04:00:00+00:00
[2026-03-30T05:39:39.918+0000] {processor.py:183} INFO - Processing /home/airflow/.local/lib/python3.12/site-packages/airflow/example_dags/example_latest_only.py took 6.242 seconds
[2026-03-30T05:42:09.765+0000] {processor.py:161} INFO - Started process (PID=368) to work on /home/airflow/.local/lib/python3.12/site-packages/airflow/example_dags/example_latest_only.py
[2026-03-30T05:42:10.065+0000] {processor.py:830} INFO - Processing file /home/airflow/.local/lib/python3.12/site-packages/airflow/example_dags/example_latest_only.py for tasks to queue
[2026-03-30T05:42:11.114+0000] {logging_mixin.py:188} INFO - [2026-03-30T05:42:10.899+0000] {dagbag.py:545} INFO - Filling up the DagBag from /home/airflow/.local/lib/python3.12/site-packages/airflow/example_dags/example_latest_only.py
[2026-03-30T05:42:14.109+0000] {processor.py:840} INFO - DAG(s) 'latest_only' retrieved from /home/airflow/.local/lib/python3.12/site-packages/airflow/example_dags/example_latest_only.py
[2026-03-30T05:42:16.096+0000] {logging_mixin.py:188} INFO - [2026-03-30T05:42:16.090+0000] {dag.py:3089} INFO - Sync 1 DAGs
[2026-03-30T05:42:16.999+0000] {logging_mixin.py:188} INFO - [2026-03-30T05:42:16.997+0000] {dag.py:3947} INFO - Setting next_dagrun for latest_only to 2026-03-30 00:00:00+00:00, run_after=2026-03-30 04:00:00+00:00
[2026-03-30T05:42:17.480+0000] {processor.py:183} INFO - Processing /home/airflow/.local/lib/python3.12/site-packages/airflow/example_dags/example_latest_only.py took 8.800 seconds
[2026-03-30T05:47:42.579+0000] {processor.py:161} INFO - Started process (PID=466) to work on /home/airflow/.local/lib/python3.12/site-packages/airflow/example_dags/example_latest_only.py
[2026-03-30T05:47:42.798+0000] {processor.py:830} INFO - Processing file /home/airflow/.local/lib/python3.12/site-packages/airflow/example_dags/example_latest_only.py for tasks to queue
[2026-03-30T05:47:43.341+0000] {logging_mixin.py:188} INFO - [2026-03-30T05:47:43.214+0000] {dagbag.py:545} INFO - Filling up the DagBag from /home/airflow/.local/lib/python3.12/site-packages/airflow/example_dags/example_latest_only.py
[2026-03-30T05:47:44.254+0000] {processor.py:840} INFO - DAG(s) 'latest_only' retrieved from /home/airflow/.local/lib/python3.12/site-packages/airflow/example_dags/example_latest_only.py
[2026-03-30T05:47:53.741+0000] {logging_mixin.py:188} INFO - [2026-03-30T05:47:53.705+0000] {dag.py:3089} INFO - Sync 1 DAGs
[2026-03-30T05:47:57.372+0000] {logging_mixin.py:188} INFO - [2026-03-30T05:47:57.357+0000] {dag.py:3947} INFO - Setting next_dagrun for latest_only to 2026-03-30 00:00:00+00:00, run_after=2026-03-30 04:00:00+00:00
[2026-03-30T05:48:02.825+0000] {processor.py:183} INFO - Processing /home/airflow/.local/lib/python3.12/site-packages/airflow/example_dags/example_latest_only.py took 20.984 seconds
[2026-03-30T05:58:52.413+0000] {processor.py:161} INFO - Started process (PID=586) to work on /home/airflow/.local/lib/python3.12/site-packages/airflow/example_dags/example_latest_only.py
[2026-03-30T05:58:52.592+0000] {processor.py:830} INFO - Processing file /home/airflow/.local/lib/python3.12/site-packages/airflow/example_dags/example_latest_only.py for tasks to queue
[2026-03-30T05:58:52.911+0000] {logging_mixin.py:188} INFO - [2026-03-30T05:58:52.753+0000] {dagbag.py:545} INFO - Filling up the DagBag from /home/airflow/.local/lib/python3.12/site-packages/airflow/example_dags/example_latest_only.py
[2026-03-30T05:58:55.340+0000] {processor.py:840} INFO - DAG(s) 'latest_only' retrieved from /home/airflow/.local/lib/python3.12/site-packages/airflow/example_dags/example_latest_only.py
[2026-03-30T06:06:54.373+0000] {processor.py:161} INFO - Started process (PID=700) to work on /home/airflow/.local/lib/python3.12/site-packages/airflow/example_dags/example_latest_only.py
[2026-03-30T06:06:55.825+0000] {processor.py:830} INFO - Processing file /home/airflow/.local/lib/python3.12/site-packages/airflow/example_dags/example_latest_only.py for tasks to queue
[2026-03-30T06:06:56.808+0000] {logging_mixin.py:188} INFO - [2026-03-30T06:06:56.773+0000] {dagbag.py:545} INFO - Filling up the DagBag from /home/airflow/.local/lib/python3.12/site-packages/airflow/example_dags/example_latest_only.py
[2026-03-30T06:06:58.293+0000] {processor.py:840} INFO - DAG(s) 'latest_only' retrieved from /home/airflow/.local/lib/python3.12/site-packages/airflow/example_dags/example_latest_only.py
[2026-03-30T06:07:10.710+0000] {logging_mixin.py:188} INFO - [2026-03-30T06:07:10.656+0000] {dag.py:3089} INFO - Sync 1 DAGs
[2026-03-30T06:07:12.869+0000] {logging_mixin.py:188} INFO - [2026-03-30T06:07:12.829+0000] {dag.py:3947} INFO - Setting next_dagrun for latest_only to 2026-03-30 00:00:00+00:00, run_after=2026-03-30 04:00:00+00:00
[2026-03-30T06:07:13.940+0000] {processor.py:183} INFO - Processing /home/airflow/.local/lib/python3.12/site-packages/airflow/example_dags/example_latest_only.py took 20.384 seconds
[2026-03-30T06:11:57.158+0000] {processor.py:161} INFO - Started process (PID=73) to work on /home/airflow/.local/lib/python3.12/site-packages/airflow/example_dags/example_latest_only.py
[2026-03-30T06:11:57.168+0000] {processor.py:830} INFO - Processing file /home/airflow/.local/lib/python3.12/site-packages/airflow/example_dags/example_latest_only.py for tasks to queue
[2026-03-30T06:11:57.179+0000] {logging_mixin.py:188} INFO - [2026-03-30T06:11:57.178+0000] {dagbag.py:545} INFO - Filling up the DagBag from /home/airflow/.local/lib/python3.12/site-packages/airflow/example_dags/example_latest_only.py
[2026-03-30T06:11:57.232+0000] {processor.py:840} INFO - DAG(s) 'latest_only' retrieved from /home/airflow/.local/lib/python3.12/site-packages/airflow/example_dags/example_latest_only.py
[2026-03-30T06:11:57.758+0000] {logging_mixin.py:188} INFO - [2026-03-30T06:11:57.756+0000] {dag.py:3089} INFO - Sync 1 DAGs
[2026-03-30T06:11:57.835+0000] {logging_mixin.py:188} INFO - [2026-03-30T06:11:57.834+0000] {dag.py:3947} INFO - Setting next_dagrun for latest_only to 2026-03-30 00:00:00+00:00, run_after=2026-03-30 04:00:00+00:00
[2026-03-30T06:11:57.893+0000] {processor.py:183} INFO - Processing /home/airflow/.local/lib/python3.12/site-packages/airflow/example_dags/example_latest_only.py took 0.776 seconds
