[2026-03-30T05:35:49.186+0000] {processor.py:161} INFO - Started process (PID=94) to work on /home/airflow/.local/lib/python3.12/site-packages/airflow/example_dags/example_python_operator.py
[2026-03-30T05:35:49.190+0000] {processor.py:830} INFO - Processing file /home/airflow/.local/lib/python3.12/site-packages/airflow/example_dags/example_python_operator.py for tasks to queue
[2026-03-30T05:35:49.236+0000] {logging_mixin.py:188} INFO - [2026-03-30T05:35:49.235+0000] {dagbag.py:545} INFO - Filling up the DagBag from /home/airflow/.local/lib/python3.12/site-packages/airflow/example_dags/example_python_operator.py
[2026-03-30T05:35:49.476+0000] {processor.py:840} INFO - DAG(s) 'example_python_operator' retrieved from /home/airflow/.local/lib/python3.12/site-packages/airflow/example_dags/example_python_operator.py
[2026-03-30T05:35:50.569+0000] {logging_mixin.py:188} INFO - [2026-03-30T05:35:50.552+0000] {dag.py:3089} INFO - Sync 1 DAGs
[2026-03-30T05:35:50.827+0000] {logging_mixin.py:188} INFO - [2026-03-30T05:35:50.819+0000] {dag.py:3947} INFO - Setting next_dagrun for example_python_operator to None, run_after=None
[2026-03-30T05:35:51.118+0000] {processor.py:183} INFO - Processing /home/airflow/.local/lib/python3.12/site-packages/airflow/example_dags/example_python_operator.py took 2.002 seconds
[2026-03-30T05:37:28.789+0000] {processor.py:161} INFO - Started process (PID=163) to work on /home/airflow/.local/lib/python3.12/site-packages/airflow/example_dags/example_python_operator.py
[2026-03-30T05:37:28.792+0000] {processor.py:830} INFO - Processing file /home/airflow/.local/lib/python3.12/site-packages/airflow/example_dags/example_python_operator.py for tasks to queue
[2026-03-30T05:37:28.810+0000] {logging_mixin.py:188} INFO - [2026-03-30T05:37:28.809+0000] {dagbag.py:545} INFO - Filling up the DagBag from /home/airflow/.local/lib/python3.12/site-packages/airflow/example_dags/example_python_operator.py
[2026-03-30T05:37:28.910+0000] {processor.py:840} INFO - DAG(s) 'example_python_operator' retrieved from /home/airflow/.local/lib/python3.12/site-packages/airflow/example_dags/example_python_operator.py
[2026-03-30T05:37:29.013+0000] {logging_mixin.py:188} INFO - [2026-03-30T05:37:29.013+0000] {dag.py:3089} INFO - Sync 1 DAGs
[2026-03-30T05:37:29.061+0000] {logging_mixin.py:188} INFO - [2026-03-30T05:37:29.060+0000] {dag.py:3947} INFO - Setting next_dagrun for example_python_operator to None, run_after=None
[2026-03-30T05:37:29.159+0000] {processor.py:183} INFO - Processing /home/airflow/.local/lib/python3.12/site-packages/airflow/example_dags/example_python_operator.py took 0.422 seconds
[2026-03-30T05:38:02.681+0000] {processor.py:161} INFO - Started process (PID=219) to work on /home/airflow/.local/lib/python3.12/site-packages/airflow/example_dags/example_python_operator.py
[2026-03-30T05:38:02.701+0000] {processor.py:830} INFO - Processing file /home/airflow/.local/lib/python3.12/site-packages/airflow/example_dags/example_python_operator.py for tasks to queue
[2026-03-30T05:38:02.717+0000] {logging_mixin.py:188} INFO - [2026-03-30T05:38:02.716+0000] {dagbag.py:545} INFO - Filling up the DagBag from /home/airflow/.local/lib/python3.12/site-packages/airflow/example_dags/example_python_operator.py
[2026-03-30T05:38:02.823+0000] {processor.py:840} INFO - DAG(s) 'example_python_operator' retrieved from /home/airflow/.local/lib/python3.12/site-packages/airflow/example_dags/example_python_operator.py
[2026-03-30T05:38:02.936+0000] {logging_mixin.py:188} INFO - [2026-03-30T05:38:02.935+0000] {dag.py:3089} INFO - Sync 1 DAGs
[2026-03-30T05:38:03.000+0000] {logging_mixin.py:188} INFO - [2026-03-30T05:38:02.999+0000] {dag.py:3947} INFO - Setting next_dagrun for example_python_operator to None, run_after=None
[2026-03-30T05:38:03.082+0000] {processor.py:183} INFO - Processing /home/airflow/.local/lib/python3.12/site-packages/airflow/example_dags/example_python_operator.py took 0.460 seconds
[2026-03-30T05:38:36.930+0000] {processor.py:161} INFO - Started process (PID=282) to work on /home/airflow/.local/lib/python3.12/site-packages/airflow/example_dags/example_python_operator.py
[2026-03-30T05:38:36.963+0000] {processor.py:830} INFO - Processing file /home/airflow/.local/lib/python3.12/site-packages/airflow/example_dags/example_python_operator.py for tasks to queue
[2026-03-30T05:38:36.985+0000] {logging_mixin.py:188} INFO - [2026-03-30T05:38:36.982+0000] {dagbag.py:545} INFO - Filling up the DagBag from /home/airflow/.local/lib/python3.12/site-packages/airflow/example_dags/example_python_operator.py
[2026-03-30T05:38:37.048+0000] {processor.py:840} INFO - DAG(s) 'example_python_operator' retrieved from /home/airflow/.local/lib/python3.12/site-packages/airflow/example_dags/example_python_operator.py
[2026-03-30T05:38:37.195+0000] {logging_mixin.py:188} INFO - [2026-03-30T05:38:37.194+0000] {dag.py:3089} INFO - Sync 1 DAGs
[2026-03-30T05:38:37.264+0000] {logging_mixin.py:188} INFO - [2026-03-30T05:38:37.263+0000] {dag.py:3947} INFO - Setting next_dagrun for example_python_operator to None, run_after=None
[2026-03-30T05:38:37.485+0000] {processor.py:183} INFO - Processing /home/airflow/.local/lib/python3.12/site-packages/airflow/example_dags/example_python_operator.py took 0.586 seconds
[2026-03-30T05:43:07.426+0000] {processor.py:161} INFO - Started process (PID=388) to work on /home/airflow/.local/lib/python3.12/site-packages/airflow/example_dags/example_python_operator.py
[2026-03-30T05:43:07.479+0000] {processor.py:830} INFO - Processing file /home/airflow/.local/lib/python3.12/site-packages/airflow/example_dags/example_python_operator.py for tasks to queue
[2026-03-30T05:43:07.536+0000] {logging_mixin.py:188} INFO - [2026-03-30T05:43:07.534+0000] {dagbag.py:545} INFO - Filling up the DagBag from /home/airflow/.local/lib/python3.12/site-packages/airflow/example_dags/example_python_operator.py
[2026-03-30T05:43:07.727+0000] {processor.py:840} INFO - DAG(s) 'example_python_operator' retrieved from /home/airflow/.local/lib/python3.12/site-packages/airflow/example_dags/example_python_operator.py
[2026-03-30T05:43:09.203+0000] {logging_mixin.py:188} INFO - [2026-03-30T05:43:09.169+0000] {dag.py:3089} INFO - Sync 1 DAGs
[2026-03-30T05:43:10.348+0000] {logging_mixin.py:188} INFO - [2026-03-30T05:43:10.327+0000] {dag.py:3947} INFO - Setting next_dagrun for example_python_operator to None, run_after=None
[2026-03-30T05:43:14.191+0000] {processor.py:183} INFO - Processing /home/airflow/.local/lib/python3.12/site-packages/airflow/example_dags/example_python_operator.py took 7.183 seconds
[2026-03-30T05:49:13.197+0000] {processor.py:161} INFO - Started process (PID=492) to work on /home/airflow/.local/lib/python3.12/site-packages/airflow/example_dags/example_python_operator.py
[2026-03-30T05:49:13.217+0000] {processor.py:830} INFO - Processing file /home/airflow/.local/lib/python3.12/site-packages/airflow/example_dags/example_python_operator.py for tasks to queue
[2026-03-30T05:49:13.444+0000] {logging_mixin.py:188} INFO - [2026-03-30T05:49:13.414+0000] {dagbag.py:545} INFO - Filling up the DagBag from /home/airflow/.local/lib/python3.12/site-packages/airflow/example_dags/example_python_operator.py
[2026-03-30T05:49:17.054+0000] {processor.py:840} INFO - DAG(s) 'example_python_operator' retrieved from /home/airflow/.local/lib/python3.12/site-packages/airflow/example_dags/example_python_operator.py
[2026-03-30T05:49:21.008+0000] {logging_mixin.py:188} INFO - [2026-03-30T05:49:20.858+0000] {dag.py:3089} INFO - Sync 1 DAGs
[2026-03-30T05:49:23.197+0000] {logging_mixin.py:188} INFO - [2026-03-30T05:49:23.140+0000] {dag.py:3947} INFO - Setting next_dagrun for example_python_operator to None, run_after=None
[2026-03-30T05:49:27.119+0000] {processor.py:183} INFO - Processing /home/airflow/.local/lib/python3.12/site-packages/airflow/example_dags/example_python_operator.py took 14.288 seconds
[2026-03-30T06:01:43.000+0000] {processor.py:161} INFO - Started process (PID=620) to work on /home/airflow/.local/lib/python3.12/site-packages/airflow/example_dags/example_python_operator.py
[2026-03-30T06:01:43.107+0000] {processor.py:830} INFO - Processing file /home/airflow/.local/lib/python3.12/site-packages/airflow/example_dags/example_python_operator.py for tasks to queue
[2026-03-30T06:01:43.623+0000] {logging_mixin.py:188} INFO - [2026-03-30T06:01:43.165+0000] {dagbag.py:545} INFO - Filling up the DagBag from /home/airflow/.local/lib/python3.12/site-packages/airflow/example_dags/example_python_operator.py
[2026-03-30T06:01:49.787+0000] {processor.py:840} INFO - DAG(s) 'example_python_operator' retrieved from /home/airflow/.local/lib/python3.12/site-packages/airflow/example_dags/example_python_operator.py
[2026-03-30T06:02:28.731+0000] {logging_mixin.py:188} INFO - [2026-03-30T06:02:26.559+0000] {dag.py:3089} INFO - Sync 1 DAGs
[2026-03-30T06:07:42.581+0000] {processor.py:161} INFO - Started process (PID=723) to work on /home/airflow/.local/lib/python3.12/site-packages/airflow/example_dags/example_python_operator.py
[2026-03-30T06:07:42.605+0000] {processor.py:830} INFO - Processing file /home/airflow/.local/lib/python3.12/site-packages/airflow/example_dags/example_python_operator.py for tasks to queue
[2026-03-30T06:07:42.625+0000] {logging_mixin.py:188} INFO - [2026-03-30T06:07:42.621+0000] {dagbag.py:545} INFO - Filling up the DagBag from /home/airflow/.local/lib/python3.12/site-packages/airflow/example_dags/example_python_operator.py
[2026-03-30T06:07:43.477+0000] {processor.py:840} INFO - DAG(s) 'example_python_operator' retrieved from /home/airflow/.local/lib/python3.12/site-packages/airflow/example_dags/example_python_operator.py
[2026-03-30T06:07:48.412+0000] {logging_mixin.py:188} INFO - [2026-03-30T06:07:48.291+0000] {dag.py:3089} INFO - Sync 1 DAGs
[2026-03-30T06:07:50.736+0000] {logging_mixin.py:188} INFO - [2026-03-30T06:07:50.679+0000] {dag.py:3947} INFO - Setting next_dagrun for example_python_operator to None, run_after=None
[2026-03-30T06:07:59.337+0000] {processor.py:183} INFO - Processing /home/airflow/.local/lib/python3.12/site-packages/airflow/example_dags/example_python_operator.py took 16.978 seconds
[2026-03-30T06:12:00.915+0000] {processor.py:161} INFO - Started process (PID=82) to work on /home/airflow/.local/lib/python3.12/site-packages/airflow/example_dags/example_python_operator.py
[2026-03-30T06:12:00.923+0000] {processor.py:830} INFO - Processing file /home/airflow/.local/lib/python3.12/site-packages/airflow/example_dags/example_python_operator.py for tasks to queue
[2026-03-30T06:12:00.930+0000] {logging_mixin.py:188} INFO - [2026-03-30T06:12:00.929+0000] {dagbag.py:545} INFO - Filling up the DagBag from /home/airflow/.local/lib/python3.12/site-packages/airflow/example_dags/example_python_operator.py
[2026-03-30T06:12:01.020+0000] {processor.py:840} INFO - DAG(s) 'example_python_operator' retrieved from /home/airflow/.local/lib/python3.12/site-packages/airflow/example_dags/example_python_operator.py
[2026-03-30T06:12:01.383+0000] {logging_mixin.py:188} INFO - [2026-03-30T06:12:01.380+0000] {dag.py:3089} INFO - Sync 1 DAGs
[2026-03-30T06:12:01.418+0000] {logging_mixin.py:188} INFO - [2026-03-30T06:12:01.417+0000] {dag.py:3947} INFO - Setting next_dagrun for example_python_operator to None, run_after=None
[2026-03-30T06:12:01.495+0000] {processor.py:183} INFO - Processing /home/airflow/.local/lib/python3.12/site-packages/airflow/example_dags/example_python_operator.py took 0.600 seconds
