[2026-03-30T05:36:46.445+0000] {processor.py:161} INFO - Started process (PID=127) to work on /home/airflow/.local/lib/python3.12/site-packages/airflow/example_dags/example_xcomargs.py
[2026-03-30T05:36:46.455+0000] {processor.py:830} INFO - Processing file /home/airflow/.local/lib/python3.12/site-packages/airflow/example_dags/example_xcomargs.py for tasks to queue
[2026-03-30T05:36:46.473+0000] {logging_mixin.py:188} INFO - [2026-03-30T05:36:46.468+0000] {dagbag.py:545} INFO - Filling up the DagBag from /home/airflow/.local/lib/python3.12/site-packages/airflow/example_dags/example_xcomargs.py
[2026-03-30T05:36:46.535+0000] {processor.py:840} INFO - DAG(s) 'example_xcom_args_with_operators', 'example_xcom_args' retrieved from /home/airflow/.local/lib/python3.12/site-packages/airflow/example_dags/example_xcomargs.py
[2026-03-30T05:36:48.013+0000] {logging_mixin.py:188} INFO - [2026-03-30T05:36:48.010+0000] {dag.py:3089} INFO - Sync 2 DAGs
[2026-03-30T05:36:48.074+0000] {logging_mixin.py:188} INFO - [2026-03-30T05:36:48.073+0000] {dag.py:3947} INFO - Setting next_dagrun for example_xcom_args to None, run_after=None
[2026-03-30T05:36:48.091+0000] {logging_mixin.py:188} INFO - [2026-03-30T05:36:48.090+0000] {dag.py:3947} INFO - Setting next_dagrun for example_xcom_args_with_operators to None, run_after=None
[2026-03-30T05:36:48.238+0000] {processor.py:183} INFO - Processing /home/airflow/.local/lib/python3.12/site-packages/airflow/example_dags/example_xcomargs.py took 1.974 seconds
[2026-03-30T05:37:38.402+0000] {processor.py:161} INFO - Started process (PID=193) to work on /home/airflow/.local/lib/python3.12/site-packages/airflow/example_dags/example_xcomargs.py
[2026-03-30T05:37:38.409+0000] {processor.py:830} INFO - Processing file /home/airflow/.local/lib/python3.12/site-packages/airflow/example_dags/example_xcomargs.py for tasks to queue
[2026-03-30T05:37:38.417+0000] {logging_mixin.py:188} INFO - [2026-03-30T05:37:38.416+0000] {dagbag.py:545} INFO - Filling up the DagBag from /home/airflow/.local/lib/python3.12/site-packages/airflow/example_dags/example_xcomargs.py
[2026-03-30T05:37:38.438+0000] {processor.py:840} INFO - DAG(s) 'example_xcom_args', 'example_xcom_args_with_operators' retrieved from /home/airflow/.local/lib/python3.12/site-packages/airflow/example_dags/example_xcomargs.py
[2026-03-30T05:37:38.546+0000] {logging_mixin.py:188} INFO - [2026-03-30T05:37:38.545+0000] {dag.py:3089} INFO - Sync 2 DAGs
[2026-03-30T05:37:38.644+0000] {logging_mixin.py:188} INFO - [2026-03-30T05:37:38.640+0000] {dag.py:3947} INFO - Setting next_dagrun for example_xcom_args to None, run_after=None
[2026-03-30T05:37:38.662+0000] {logging_mixin.py:188} INFO - [2026-03-30T05:37:38.661+0000] {dag.py:3947} INFO - Setting next_dagrun for example_xcom_args_with_operators to None, run_after=None
[2026-03-30T05:37:38.874+0000] {processor.py:183} INFO - Processing /home/airflow/.local/lib/python3.12/site-packages/airflow/example_dags/example_xcomargs.py took 0.507 seconds
[2026-03-30T05:38:19.698+0000] {processor.py:161} INFO - Started process (PID=251) to work on /home/airflow/.local/lib/python3.12/site-packages/airflow/example_dags/example_xcomargs.py
[2026-03-30T05:38:19.699+0000] {processor.py:830} INFO - Processing file /home/airflow/.local/lib/python3.12/site-packages/airflow/example_dags/example_xcomargs.py for tasks to queue
[2026-03-30T05:38:19.702+0000] {logging_mixin.py:188} INFO - [2026-03-30T05:38:19.701+0000] {dagbag.py:545} INFO - Filling up the DagBag from /home/airflow/.local/lib/python3.12/site-packages/airflow/example_dags/example_xcomargs.py
[2026-03-30T05:38:19.725+0000] {processor.py:840} INFO - DAG(s) 'example_xcom_args', 'example_xcom_args_with_operators' retrieved from /home/airflow/.local/lib/python3.12/site-packages/airflow/example_dags/example_xcomargs.py
[2026-03-30T05:38:19.824+0000] {logging_mixin.py:188} INFO - [2026-03-30T05:38:19.823+0000] {dag.py:3089} INFO - Sync 2 DAGs
[2026-03-30T05:38:19.861+0000] {logging_mixin.py:188} INFO - [2026-03-30T05:38:19.860+0000] {dag.py:3947} INFO - Setting next_dagrun for example_xcom_args to None, run_after=None
[2026-03-30T05:38:19.871+0000] {logging_mixin.py:188} INFO - [2026-03-30T05:38:19.871+0000] {dag.py:3947} INFO - Setting next_dagrun for example_xcom_args_with_operators to None, run_after=None
[2026-03-30T05:38:19.917+0000] {processor.py:183} INFO - Processing /home/airflow/.local/lib/python3.12/site-packages/airflow/example_dags/example_xcomargs.py took 0.234 seconds
[2026-03-30T05:39:59.181+0000] {processor.py:161} INFO - Started process (PID=332) to work on /home/airflow/.local/lib/python3.12/site-packages/airflow/example_dags/example_xcomargs.py
[2026-03-30T05:39:59.266+0000] {processor.py:830} INFO - Processing file /home/airflow/.local/lib/python3.12/site-packages/airflow/example_dags/example_xcomargs.py for tasks to queue
[2026-03-30T05:39:59.422+0000] {logging_mixin.py:188} INFO - [2026-03-30T05:39:59.420+0000] {dagbag.py:545} INFO - Filling up the DagBag from /home/airflow/.local/lib/python3.12/site-packages/airflow/example_dags/example_xcomargs.py
[2026-03-30T05:39:59.490+0000] {processor.py:840} INFO - DAG(s) 'example_xcom_args_with_operators', 'example_xcom_args' retrieved from /home/airflow/.local/lib/python3.12/site-packages/airflow/example_dags/example_xcomargs.py
[2026-03-30T05:40:00.345+0000] {logging_mixin.py:188} INFO - [2026-03-30T05:40:00.260+0000] {dag.py:3089} INFO - Sync 2 DAGs
[2026-03-30T05:40:00.811+0000] {logging_mixin.py:188} INFO - [2026-03-30T05:40:00.802+0000] {dag.py:3947} INFO - Setting next_dagrun for example_xcom_args to None, run_after=None
[2026-03-30T05:40:00.881+0000] {logging_mixin.py:188} INFO - [2026-03-30T05:40:00.880+0000] {dag.py:3947} INFO - Setting next_dagrun for example_xcom_args_with_operators to None, run_after=None
[2026-03-30T05:40:03.223+0000] {processor.py:183} INFO - Processing /home/airflow/.local/lib/python3.12/site-packages/airflow/example_dags/example_xcomargs.py took 4.059 seconds
[2026-03-30T05:45:43.922+0000] {processor.py:161} INFO - Started process (PID=434) to work on /home/airflow/.local/lib/python3.12/site-packages/airflow/example_dags/example_xcomargs.py
[2026-03-30T05:45:43.962+0000] {processor.py:830} INFO - Processing file /home/airflow/.local/lib/python3.12/site-packages/airflow/example_dags/example_xcomargs.py for tasks to queue
[2026-03-30T05:45:44.060+0000] {logging_mixin.py:188} INFO - [2026-03-30T05:45:44.055+0000] {dagbag.py:545} INFO - Filling up the DagBag from /home/airflow/.local/lib/python3.12/site-packages/airflow/example_dags/example_xcomargs.py
[2026-03-30T05:45:44.951+0000] {processor.py:840} INFO - DAG(s) 'example_xcom_args_with_operators', 'example_xcom_args' retrieved from /home/airflow/.local/lib/python3.12/site-packages/airflow/example_dags/example_xcomargs.py
[2026-03-30T05:45:49.448+0000] {logging_mixin.py:188} INFO - [2026-03-30T05:45:49.435+0000] {dag.py:3089} INFO - Sync 2 DAGs
[2026-03-30T05:45:50.322+0000] {logging_mixin.py:188} INFO - [2026-03-30T05:45:50.312+0000] {dag.py:3947} INFO - Setting next_dagrun for example_xcom_args to None, run_after=None
[2026-03-30T05:45:50.446+0000] {logging_mixin.py:188} INFO - [2026-03-30T05:45:50.444+0000] {dag.py:3947} INFO - Setting next_dagrun for example_xcom_args_with_operators to None, run_after=None
[2026-03-30T05:45:52.207+0000] {processor.py:183} INFO - Processing /home/airflow/.local/lib/python3.12/site-packages/airflow/example_dags/example_xcomargs.py took 8.397 seconds
[2026-03-30T06:05:08.862+0000] {processor.py:161} INFO - Started process (PID=666) to work on /home/airflow/.local/lib/python3.12/site-packages/airflow/example_dags/example_xcomargs.py
[2026-03-30T06:05:08.912+0000] {processor.py:830} INFO - Processing file /home/airflow/.local/lib/python3.12/site-packages/airflow/example_dags/example_xcomargs.py for tasks to queue
[2026-03-30T06:05:08.944+0000] {logging_mixin.py:188} INFO - [2026-03-30T06:05:08.930+0000] {dagbag.py:545} INFO - Filling up the DagBag from /home/airflow/.local/lib/python3.12/site-packages/airflow/example_dags/example_xcomargs.py
[2026-03-30T06:05:09.495+0000] {processor.py:840} INFO - DAG(s) 'example_xcom_args', 'example_xcom_args_with_operators' retrieved from /home/airflow/.local/lib/python3.12/site-packages/airflow/example_dags/example_xcomargs.py
[2026-03-30T06:05:10.482+0000] {logging_mixin.py:188} INFO - [2026-03-30T06:05:10.463+0000] {dag.py:3089} INFO - Sync 2 DAGs
[2026-03-30T06:05:11.004+0000] {logging_mixin.py:188} INFO - [2026-03-30T06:05:10.944+0000] {dag.py:3947} INFO - Setting next_dagrun for example_xcom_args to None, run_after=None
[2026-03-30T06:05:11.087+0000] {logging_mixin.py:188} INFO - [2026-03-30T06:05:11.086+0000] {dag.py:3947} INFO - Setting next_dagrun for example_xcom_args_with_operators to None, run_after=None
[2026-03-30T06:05:11.647+0000] {processor.py:183} INFO - Processing /home/airflow/.local/lib/python3.12/site-packages/airflow/example_dags/example_xcomargs.py took 3.062 seconds
[2026-03-30T06:12:08.254+0000] {processor.py:161} INFO - Started process (PID=104) to work on /home/airflow/.local/lib/python3.12/site-packages/airflow/example_dags/example_xcomargs.py
[2026-03-30T06:12:08.258+0000] {processor.py:830} INFO - Processing file /home/airflow/.local/lib/python3.12/site-packages/airflow/example_dags/example_xcomargs.py for tasks to queue
[2026-03-30T06:12:08.266+0000] {logging_mixin.py:188} INFO - [2026-03-30T06:12:08.265+0000] {dagbag.py:545} INFO - Filling up the DagBag from /home/airflow/.local/lib/python3.12/site-packages/airflow/example_dags/example_xcomargs.py
[2026-03-30T06:12:08.295+0000] {processor.py:840} INFO - DAG(s) 'example_xcom_args_with_operators', 'example_xcom_args' retrieved from /home/airflow/.local/lib/python3.12/site-packages/airflow/example_dags/example_xcomargs.py
[2026-03-30T06:12:08.536+0000] {logging_mixin.py:188} INFO - [2026-03-30T06:12:08.536+0000] {dag.py:3089} INFO - Sync 2 DAGs
[2026-03-30T06:12:08.565+0000] {logging_mixin.py:188} INFO - [2026-03-30T06:12:08.564+0000] {dag.py:3947} INFO - Setting next_dagrun for example_xcom_args to None, run_after=None
[2026-03-30T06:12:08.572+0000] {logging_mixin.py:188} INFO - [2026-03-30T06:12:08.571+0000] {dag.py:3947} INFO - Setting next_dagrun for example_xcom_args_with_operators to None, run_after=None
[2026-03-30T06:12:08.605+0000] {processor.py:183} INFO - Processing /home/airflow/.local/lib/python3.12/site-packages/airflow/example_dags/example_xcomargs.py took 0.380 seconds
