[2026-03-30T05:35:34.799+0000] {processor.py:161} INFO - Started process (PID=86) to work on /home/airflow/.local/lib/python3.12/site-packages/airflow/example_dags/example_local_kubernetes_executor.py
[2026-03-30T05:35:34.802+0000] {processor.py:830} INFO - Processing file /home/airflow/.local/lib/python3.12/site-packages/airflow/example_dags/example_local_kubernetes_executor.py for tasks to queue
[2026-03-30T05:35:34.807+0000] {logging_mixin.py:188} INFO - [2026-03-30T05:35:34.807+0000] {dagbag.py:545} INFO - Filling up the DagBag from /home/airflow/.local/lib/python3.12/site-packages/airflow/example_dags/example_local_kubernetes_executor.py
[2026-03-30T05:35:34.850+0000] {processor.py:840} INFO - DAG(s) 'example_local_kubernetes_executor' retrieved from /home/airflow/.local/lib/python3.12/site-packages/airflow/example_dags/example_local_kubernetes_executor.py
[2026-03-30T05:35:35.424+0000] {logging_mixin.py:188} INFO - [2026-03-30T05:35:35.423+0000] {dag.py:3089} INFO - Sync 1 DAGs
[2026-03-30T05:35:35.864+0000] {logging_mixin.py:188} INFO - [2026-03-30T05:35:35.862+0000] {dag.py:3947} INFO - Setting next_dagrun for example_local_kubernetes_executor to None, run_after=None
[2026-03-30T05:35:36.132+0000] {processor.py:183} INFO - Processing /home/airflow/.local/lib/python3.12/site-packages/airflow/example_dags/example_local_kubernetes_executor.py took 1.345 seconds
[2026-03-30T05:37:19.254+0000] {processor.py:161} INFO - Started process (PID=155) to work on /home/airflow/.local/lib/python3.12/site-packages/airflow/example_dags/example_local_kubernetes_executor.py
[2026-03-30T05:37:19.262+0000] {processor.py:830} INFO - Processing file /home/airflow/.local/lib/python3.12/site-packages/airflow/example_dags/example_local_kubernetes_executor.py for tasks to queue
[2026-03-30T05:37:19.271+0000] {logging_mixin.py:188} INFO - [2026-03-30T05:37:19.270+0000] {dagbag.py:545} INFO - Filling up the DagBag from /home/airflow/.local/lib/python3.12/site-packages/airflow/example_dags/example_local_kubernetes_executor.py
[2026-03-30T05:37:19.304+0000] {processor.py:840} INFO - DAG(s) 'example_local_kubernetes_executor' retrieved from /home/airflow/.local/lib/python3.12/site-packages/airflow/example_dags/example_local_kubernetes_executor.py
[2026-03-30T05:37:19.784+0000] {logging_mixin.py:188} INFO - [2026-03-30T05:37:19.783+0000] {dag.py:3089} INFO - Sync 1 DAGs
[2026-03-30T05:37:20.111+0000] {logging_mixin.py:188} INFO - [2026-03-30T05:37:20.110+0000] {dag.py:3947} INFO - Setting next_dagrun for example_local_kubernetes_executor to None, run_after=None
[2026-03-30T05:37:20.238+0000] {processor.py:183} INFO - Processing /home/airflow/.local/lib/python3.12/site-packages/airflow/example_dags/example_local_kubernetes_executor.py took 1.011 seconds
[2026-03-30T05:37:50.733+0000] {processor.py:161} INFO - Started process (PID=211) to work on /home/airflow/.local/lib/python3.12/site-packages/airflow/example_dags/example_local_kubernetes_executor.py
[2026-03-30T05:37:50.845+0000] {processor.py:830} INFO - Processing file /home/airflow/.local/lib/python3.12/site-packages/airflow/example_dags/example_local_kubernetes_executor.py for tasks to queue
[2026-03-30T05:37:50.876+0000] {logging_mixin.py:188} INFO - [2026-03-30T05:37:50.875+0000] {dagbag.py:545} INFO - Filling up the DagBag from /home/airflow/.local/lib/python3.12/site-packages/airflow/example_dags/example_local_kubernetes_executor.py
[2026-03-30T05:37:50.924+0000] {processor.py:840} INFO - DAG(s) 'example_local_kubernetes_executor' retrieved from /home/airflow/.local/lib/python3.12/site-packages/airflow/example_dags/example_local_kubernetes_executor.py
[2026-03-30T05:37:51.310+0000] {logging_mixin.py:188} INFO - [2026-03-30T05:37:51.309+0000] {dag.py:3089} INFO - Sync 1 DAGs
[2026-03-30T05:37:51.340+0000] {logging_mixin.py:188} INFO - [2026-03-30T05:37:51.339+0000] {dag.py:3947} INFO - Setting next_dagrun for example_local_kubernetes_executor to None, run_after=None
[2026-03-30T05:37:51.464+0000] {processor.py:183} INFO - Processing /home/airflow/.local/lib/python3.12/site-packages/airflow/example_dags/example_local_kubernetes_executor.py took 0.806 seconds
[2026-03-30T05:38:23.142+0000] {processor.py:161} INFO - Started process (PID=269) to work on /home/airflow/.local/lib/python3.12/site-packages/airflow/example_dags/example_local_kubernetes_executor.py
[2026-03-30T05:38:23.146+0000] {processor.py:830} INFO - Processing file /home/airflow/.local/lib/python3.12/site-packages/airflow/example_dags/example_local_kubernetes_executor.py for tasks to queue
[2026-03-30T05:38:23.153+0000] {logging_mixin.py:188} INFO - [2026-03-30T05:38:23.152+0000] {dagbag.py:545} INFO - Filling up the DagBag from /home/airflow/.local/lib/python3.12/site-packages/airflow/example_dags/example_local_kubernetes_executor.py
[2026-03-30T05:38:23.172+0000] {processor.py:840} INFO - DAG(s) 'example_local_kubernetes_executor' retrieved from /home/airflow/.local/lib/python3.12/site-packages/airflow/example_dags/example_local_kubernetes_executor.py
[2026-03-30T05:38:23.279+0000] {logging_mixin.py:188} INFO - [2026-03-30T05:38:23.278+0000] {dag.py:3089} INFO - Sync 1 DAGs
[2026-03-30T05:38:23.303+0000] {logging_mixin.py:188} INFO - [2026-03-30T05:38:23.302+0000] {dag.py:3947} INFO - Setting next_dagrun for example_local_kubernetes_executor to None, run_after=None
[2026-03-30T05:38:23.341+0000] {processor.py:183} INFO - Processing /home/airflow/.local/lib/python3.12/site-packages/airflow/example_dags/example_local_kubernetes_executor.py took 0.214 seconds
[2026-03-30T05:39:33.944+0000] {processor.py:161} INFO - Started process (PID=313) to work on /home/airflow/.local/lib/python3.12/site-packages/airflow/example_dags/example_local_kubernetes_executor.py
[2026-03-30T05:39:33.953+0000] {processor.py:830} INFO - Processing file /home/airflow/.local/lib/python3.12/site-packages/airflow/example_dags/example_local_kubernetes_executor.py for tasks to queue
[2026-03-30T05:39:33.965+0000] {logging_mixin.py:188} INFO - [2026-03-30T05:39:33.964+0000] {dagbag.py:545} INFO - Filling up the DagBag from /home/airflow/.local/lib/python3.12/site-packages/airflow/example_dags/example_local_kubernetes_executor.py
[2026-03-30T05:39:36.018+0000] {processor.py:840} INFO - DAG(s) 'example_local_kubernetes_executor' retrieved from /home/airflow/.local/lib/python3.12/site-packages/airflow/example_dags/example_local_kubernetes_executor.py
[2026-03-30T05:39:39.863+0000] {logging_mixin.py:188} INFO - [2026-03-30T05:39:39.834+0000] {dag.py:3089} INFO - Sync 1 DAGs
[2026-03-30T05:39:40.190+0000] {logging_mixin.py:188} INFO - [2026-03-30T05:39:40.189+0000] {dag.py:3947} INFO - Setting next_dagrun for example_local_kubernetes_executor to None, run_after=None
[2026-03-30T05:39:40.441+0000] {processor.py:183} INFO - Processing /home/airflow/.local/lib/python3.12/site-packages/airflow/example_dags/example_local_kubernetes_executor.py took 6.534 seconds
[2026-03-30T05:42:15.098+0000] {processor.py:161} INFO - Started process (PID=370) to work on /home/airflow/.local/lib/python3.12/site-packages/airflow/example_dags/example_local_kubernetes_executor.py
[2026-03-30T05:42:15.126+0000] {processor.py:830} INFO - Processing file /home/airflow/.local/lib/python3.12/site-packages/airflow/example_dags/example_local_kubernetes_executor.py for tasks to queue
[2026-03-30T05:42:15.257+0000] {logging_mixin.py:188} INFO - [2026-03-30T05:42:15.250+0000] {dagbag.py:545} INFO - Filling up the DagBag from /home/airflow/.local/lib/python3.12/site-packages/airflow/example_dags/example_local_kubernetes_executor.py
[2026-03-30T05:42:16.067+0000] {processor.py:840} INFO - DAG(s) 'example_local_kubernetes_executor' retrieved from /home/airflow/.local/lib/python3.12/site-packages/airflow/example_dags/example_local_kubernetes_executor.py
[2026-03-30T05:42:18.879+0000] {logging_mixin.py:188} INFO - [2026-03-30T05:42:18.579+0000] {dag.py:3089} INFO - Sync 1 DAGs
[2026-03-30T05:42:22.271+0000] {logging_mixin.py:188} INFO - [2026-03-30T05:42:22.258+0000] {dag.py:3947} INFO - Setting next_dagrun for example_local_kubernetes_executor to None, run_after=None
[2026-03-30T05:42:23.851+0000] {processor.py:183} INFO - Processing /home/airflow/.local/lib/python3.12/site-packages/airflow/example_dags/example_local_kubernetes_executor.py took 8.968 seconds
[2026-03-30T05:48:05.639+0000] {processor.py:161} INFO - Started process (PID=473) to work on /home/airflow/.local/lib/python3.12/site-packages/airflow/example_dags/example_local_kubernetes_executor.py
[2026-03-30T05:48:05.673+0000] {processor.py:830} INFO - Processing file /home/airflow/.local/lib/python3.12/site-packages/airflow/example_dags/example_local_kubernetes_executor.py for tasks to queue
[2026-03-30T05:48:05.898+0000] {logging_mixin.py:188} INFO - [2026-03-30T05:48:05.896+0000] {dagbag.py:545} INFO - Filling up the DagBag from /home/airflow/.local/lib/python3.12/site-packages/airflow/example_dags/example_local_kubernetes_executor.py
[2026-03-30T05:48:06.764+0000] {processor.py:840} INFO - DAG(s) 'example_local_kubernetes_executor' retrieved from /home/airflow/.local/lib/python3.12/site-packages/airflow/example_dags/example_local_kubernetes_executor.py
[2026-03-30T05:48:19.744+0000] {logging_mixin.py:188} INFO - [2026-03-30T05:48:19.709+0000] {dag.py:3089} INFO - Sync 1 DAGs
[2026-03-30T05:48:20.476+0000] {logging_mixin.py:188} INFO - [2026-03-30T05:48:20.475+0000] {dag.py:3947} INFO - Setting next_dagrun for example_local_kubernetes_executor to None, run_after=None
[2026-03-30T05:48:22.633+0000] {processor.py:183} INFO - Processing /home/airflow/.local/lib/python3.12/site-packages/airflow/example_dags/example_local_kubernetes_executor.py took 18.350 seconds
[2026-03-30T05:58:52.413+0000] {processor.py:161} INFO - Started process (PID=587) to work on /home/airflow/.local/lib/python3.12/site-packages/airflow/example_dags/example_local_kubernetes_executor.py
[2026-03-30T05:58:52.591+0000] {processor.py:830} INFO - Processing file /home/airflow/.local/lib/python3.12/site-packages/airflow/example_dags/example_local_kubernetes_executor.py for tasks to queue
[2026-03-30T05:58:52.901+0000] {logging_mixin.py:188} INFO - [2026-03-30T05:58:52.757+0000] {dagbag.py:545} INFO - Filling up the DagBag from /home/airflow/.local/lib/python3.12/site-packages/airflow/example_dags/example_local_kubernetes_executor.py
[2026-03-30T05:58:55.768+0000] {processor.py:840} INFO - DAG(s) 'example_local_kubernetes_executor' retrieved from /home/airflow/.local/lib/python3.12/site-packages/airflow/example_dags/example_local_kubernetes_executor.py
[2026-03-30T06:06:56.550+0000] {processor.py:161} INFO - Started process (PID=701) to work on /home/airflow/.local/lib/python3.12/site-packages/airflow/example_dags/example_local_kubernetes_executor.py
[2026-03-30T06:06:56.741+0000] {processor.py:830} INFO - Processing file /home/airflow/.local/lib/python3.12/site-packages/airflow/example_dags/example_local_kubernetes_executor.py for tasks to queue
[2026-03-30T06:06:57.921+0000] {logging_mixin.py:188} INFO - [2026-03-30T06:06:57.849+0000] {dagbag.py:545} INFO - Filling up the DagBag from /home/airflow/.local/lib/python3.12/site-packages/airflow/example_dags/example_local_kubernetes_executor.py
[2026-03-30T06:07:02.124+0000] {processor.py:840} INFO - DAG(s) 'example_local_kubernetes_executor' retrieved from /home/airflow/.local/lib/python3.12/site-packages/airflow/example_dags/example_local_kubernetes_executor.py
[2026-03-30T06:07:13.523+0000] {logging_mixin.py:188} INFO - [2026-03-30T06:07:13.479+0000] {dag.py:3089} INFO - Sync 1 DAGs
[2026-03-30T06:07:13.941+0000] {logging_mixin.py:188} INFO - [2026-03-30T06:07:13.939+0000] {dag.py:3947} INFO - Setting next_dagrun for example_local_kubernetes_executor to None, run_after=None
[2026-03-30T06:07:14.628+0000] {processor.py:183} INFO - Processing /home/airflow/.local/lib/python3.12/site-packages/airflow/example_dags/example_local_kubernetes_executor.py took 18.654 seconds
[2026-03-30T06:11:57.926+0000] {processor.py:161} INFO - Started process (PID=74) to work on /home/airflow/.local/lib/python3.12/site-packages/airflow/example_dags/example_local_kubernetes_executor.py
[2026-03-30T06:11:57.928+0000] {processor.py:830} INFO - Processing file /home/airflow/.local/lib/python3.12/site-packages/airflow/example_dags/example_local_kubernetes_executor.py for tasks to queue
[2026-03-30T06:11:57.931+0000] {logging_mixin.py:188} INFO - [2026-03-30T06:11:57.931+0000] {dagbag.py:545} INFO - Filling up the DagBag from /home/airflow/.local/lib/python3.12/site-packages/airflow/example_dags/example_local_kubernetes_executor.py
[2026-03-30T06:11:57.957+0000] {processor.py:840} INFO - DAG(s) 'example_local_kubernetes_executor' retrieved from /home/airflow/.local/lib/python3.12/site-packages/airflow/example_dags/example_local_kubernetes_executor.py
[2026-03-30T06:11:58.456+0000] {logging_mixin.py:188} INFO - [2026-03-30T06:11:58.455+0000] {dag.py:3089} INFO - Sync 1 DAGs
[2026-03-30T06:11:58.518+0000] {logging_mixin.py:188} INFO - [2026-03-30T06:11:58.518+0000] {dag.py:3947} INFO - Setting next_dagrun for example_local_kubernetes_executor to None, run_after=None
[2026-03-30T06:11:58.585+0000] {processor.py:183} INFO - Processing /home/airflow/.local/lib/python3.12/site-packages/airflow/example_dags/example_local_kubernetes_executor.py took 0.670 seconds
