[2026-03-30T05:36:04.488+0000] {processor.py:161} INFO - Started process (PID=106) to work on /home/airflow/.local/lib/python3.12/site-packages/airflow/example_dags/example_kubernetes_executor.py
[2026-03-30T05:36:04.565+0000] {processor.py:830} INFO - Processing file /home/airflow/.local/lib/python3.12/site-packages/airflow/example_dags/example_kubernetes_executor.py for tasks to queue
[2026-03-30T05:36:04.608+0000] {logging_mixin.py:188} INFO - [2026-03-30T05:36:04.607+0000] {dagbag.py:545} INFO - Filling up the DagBag from /home/airflow/.local/lib/python3.12/site-packages/airflow/example_dags/example_kubernetes_executor.py
[2026-03-30T05:36:04.863+0000] {processor.py:840} INFO - DAG(s) 'example_kubernetes_executor' retrieved from /home/airflow/.local/lib/python3.12/site-packages/airflow/example_dags/example_kubernetes_executor.py
[2026-03-30T05:36:07.329+0000] {logging_mixin.py:188} INFO - [2026-03-30T05:36:07.312+0000] {dag.py:3089} INFO - Sync 1 DAGs
[2026-03-30T05:36:07.939+0000] {logging_mixin.py:188} INFO - [2026-03-30T05:36:07.935+0000] {dag.py:3947} INFO - Setting next_dagrun for example_kubernetes_executor to None, run_after=None
[2026-03-30T05:36:08.667+0000] {processor.py:183} INFO - Processing /home/airflow/.local/lib/python3.12/site-packages/airflow/example_dags/example_kubernetes_executor.py took 4.378 seconds
[2026-03-30T05:37:31.808+0000] {processor.py:161} INFO - Started process (PID=170) to work on /home/airflow/.local/lib/python3.12/site-packages/airflow/example_dags/example_kubernetes_executor.py
[2026-03-30T05:37:31.873+0000] {processor.py:830} INFO - Processing file /home/airflow/.local/lib/python3.12/site-packages/airflow/example_dags/example_kubernetes_executor.py for tasks to queue
[2026-03-30T05:37:31.927+0000] {logging_mixin.py:188} INFO - [2026-03-30T05:37:31.908+0000] {dagbag.py:545} INFO - Filling up the DagBag from /home/airflow/.local/lib/python3.12/site-packages/airflow/example_dags/example_kubernetes_executor.py
[2026-03-30T05:37:32.002+0000] {processor.py:840} INFO - DAG(s) 'example_kubernetes_executor' retrieved from /home/airflow/.local/lib/python3.12/site-packages/airflow/example_dags/example_kubernetes_executor.py
[2026-03-30T05:37:32.207+0000] {logging_mixin.py:188} INFO - [2026-03-30T05:37:32.206+0000] {dag.py:3089} INFO - Sync 1 DAGs
[2026-03-30T05:37:32.289+0000] {logging_mixin.py:188} INFO - [2026-03-30T05:37:32.288+0000] {dag.py:3947} INFO - Setting next_dagrun for example_kubernetes_executor to None, run_after=None
[2026-03-30T05:37:32.430+0000] {processor.py:183} INFO - Processing /home/airflow/.local/lib/python3.12/site-packages/airflow/example_dags/example_kubernetes_executor.py took 0.652 seconds
[2026-03-30T05:38:09.857+0000] {processor.py:161} INFO - Started process (PID=234) to work on /home/airflow/.local/lib/python3.12/site-packages/airflow/example_dags/example_kubernetes_executor.py
[2026-03-30T05:38:09.871+0000] {processor.py:830} INFO - Processing file /home/airflow/.local/lib/python3.12/site-packages/airflow/example_dags/example_kubernetes_executor.py for tasks to queue
[2026-03-30T05:38:09.916+0000] {logging_mixin.py:188} INFO - [2026-03-30T05:38:09.913+0000] {dagbag.py:545} INFO - Filling up the DagBag from /home/airflow/.local/lib/python3.12/site-packages/airflow/example_dags/example_kubernetes_executor.py
[2026-03-30T05:38:10.102+0000] {processor.py:840} INFO - DAG(s) 'example_kubernetes_executor' retrieved from /home/airflow/.local/lib/python3.12/site-packages/airflow/example_dags/example_kubernetes_executor.py
[2026-03-30T05:38:11.071+0000] {logging_mixin.py:188} INFO - [2026-03-30T05:38:11.028+0000] {dag.py:3089} INFO - Sync 1 DAGs
[2026-03-30T05:38:11.362+0000] {logging_mixin.py:188} INFO - [2026-03-30T05:38:11.359+0000] {dag.py:3947} INFO - Setting next_dagrun for example_kubernetes_executor to None, run_after=None
[2026-03-30T05:38:11.614+0000] {processor.py:183} INFO - Processing /home/airflow/.local/lib/python3.12/site-packages/airflow/example_dags/example_kubernetes_executor.py took 1.809 seconds
[2026-03-30T05:38:43.070+0000] {processor.py:161} INFO - Started process (PID=291) to work on /home/airflow/.local/lib/python3.12/site-packages/airflow/example_dags/example_kubernetes_executor.py
[2026-03-30T05:38:43.119+0000] {processor.py:830} INFO - Processing file /home/airflow/.local/lib/python3.12/site-packages/airflow/example_dags/example_kubernetes_executor.py for tasks to queue
[2026-03-30T05:38:43.135+0000] {logging_mixin.py:188} INFO - [2026-03-30T05:38:43.134+0000] {dagbag.py:545} INFO - Filling up the DagBag from /home/airflow/.local/lib/python3.12/site-packages/airflow/example_dags/example_kubernetes_executor.py
[2026-03-30T05:38:43.215+0000] {processor.py:840} INFO - DAG(s) 'example_kubernetes_executor' retrieved from /home/airflow/.local/lib/python3.12/site-packages/airflow/example_dags/example_kubernetes_executor.py
[2026-03-30T05:38:43.362+0000] {logging_mixin.py:188} INFO - [2026-03-30T05:38:43.362+0000] {dag.py:3089} INFO - Sync 1 DAGs
[2026-03-30T05:38:43.410+0000] {logging_mixin.py:188} INFO - [2026-03-30T05:38:43.410+0000] {dag.py:3947} INFO - Setting next_dagrun for example_kubernetes_executor to None, run_after=None
[2026-03-30T05:38:43.602+0000] {processor.py:183} INFO - Processing /home/airflow/.local/lib/python3.12/site-packages/airflow/example_dags/example_kubernetes_executor.py took 0.558 seconds
[2026-03-30T05:43:35.623+0000] {processor.py:161} INFO - Started process (PID=401) to work on /home/airflow/.local/lib/python3.12/site-packages/airflow/example_dags/example_kubernetes_executor.py
[2026-03-30T05:43:35.840+0000] {processor.py:830} INFO - Processing file /home/airflow/.local/lib/python3.12/site-packages/airflow/example_dags/example_kubernetes_executor.py for tasks to queue
[2026-03-30T05:43:35.886+0000] {logging_mixin.py:188} INFO - [2026-03-30T05:43:35.884+0000] {dagbag.py:545} INFO - Filling up the DagBag from /home/airflow/.local/lib/python3.12/site-packages/airflow/example_dags/example_kubernetes_executor.py
[2026-03-30T05:43:37.252+0000] {processor.py:840} INFO - DAG(s) 'example_kubernetes_executor' retrieved from /home/airflow/.local/lib/python3.12/site-packages/airflow/example_dags/example_kubernetes_executor.py
[2026-03-30T05:43:45.234+0000] {logging_mixin.py:188} INFO - [2026-03-30T05:43:45.119+0000] {dag.py:3089} INFO - Sync 1 DAGs
[2026-03-30T05:43:49.135+0000] {logging_mixin.py:188} INFO - [2026-03-30T05:43:48.996+0000] {dag.py:3947} INFO - Setting next_dagrun for example_kubernetes_executor to None, run_after=None
[2026-03-30T05:43:53.653+0000] {processor.py:183} INFO - Processing /home/airflow/.local/lib/python3.12/site-packages/airflow/example_dags/example_kubernetes_executor.py took 18.357 seconds
[2026-03-30T05:50:19.226+0000] {processor.py:161} INFO - Started process (PID=505) to work on /home/airflow/.local/lib/python3.12/site-packages/airflow/example_dags/example_kubernetes_executor.py
[2026-03-30T05:50:19.332+0000] {processor.py:830} INFO - Processing file /home/airflow/.local/lib/python3.12/site-packages/airflow/example_dags/example_kubernetes_executor.py for tasks to queue
[2026-03-30T05:50:19.438+0000] {logging_mixin.py:188} INFO - [2026-03-30T05:50:19.431+0000] {dagbag.py:545} INFO - Filling up the DagBag from /home/airflow/.local/lib/python3.12/site-packages/airflow/example_dags/example_kubernetes_executor.py
[2026-03-30T05:50:20.008+0000] {processor.py:840} INFO - DAG(s) 'example_kubernetes_executor' retrieved from /home/airflow/.local/lib/python3.12/site-packages/airflow/example_dags/example_kubernetes_executor.py
[2026-03-30T05:50:35.129+0000] {logging_mixin.py:188} INFO - [2026-03-30T05:50:34.955+0000] {dag.py:3089} INFO - Sync 1 DAGs
[2026-03-30T05:50:40.898+0000] {logging_mixin.py:188} INFO - [2026-03-30T05:50:40.798+0000] {dag.py:3947} INFO - Setting next_dagrun for example_kubernetes_executor to None, run_after=None
[2026-03-30T05:50:48.601+0000] {processor.py:183} INFO - Processing /home/airflow/.local/lib/python3.12/site-packages/airflow/example_dags/example_kubernetes_executor.py took 29.795 seconds
[2026-03-30T06:04:15.460+0000] {processor.py:161} INFO - Started process (PID=640) to work on /home/airflow/.local/lib/python3.12/site-packages/airflow/example_dags/example_kubernetes_executor.py
[2026-03-30T06:04:15.523+0000] {processor.py:830} INFO - Processing file /home/airflow/.local/lib/python3.12/site-packages/airflow/example_dags/example_kubernetes_executor.py for tasks to queue
[2026-03-30T06:04:15.674+0000] {logging_mixin.py:188} INFO - [2026-03-30T06:04:15.664+0000] {dagbag.py:545} INFO - Filling up the DagBag from /home/airflow/.local/lib/python3.12/site-packages/airflow/example_dags/example_kubernetes_executor.py
[2026-03-30T06:04:18.639+0000] {processor.py:840} INFO - DAG(s) 'example_kubernetes_executor' retrieved from /home/airflow/.local/lib/python3.12/site-packages/airflow/example_dags/example_kubernetes_executor.py
[2026-03-30T06:04:23.908+0000] {logging_mixin.py:188} INFO - [2026-03-30T06:04:23.789+0000] {dag.py:3089} INFO - Sync 1 DAGs
[2026-03-30T06:04:24.726+0000] {logging_mixin.py:188} INFO - [2026-03-30T06:04:24.715+0000] {dag.py:3947} INFO - Setting next_dagrun for example_kubernetes_executor to None, run_after=None
[2026-03-30T06:04:26.214+0000] {processor.py:183} INFO - Processing /home/airflow/.local/lib/python3.12/site-packages/airflow/example_dags/example_kubernetes_executor.py took 11.133 seconds
[2026-03-30T06:08:44.867+0000] {processor.py:161} INFO - Started process (PID=736) to work on /home/airflow/.local/lib/python3.12/site-packages/airflow/example_dags/example_kubernetes_executor.py
[2026-03-30T06:08:44.924+0000] {processor.py:830} INFO - Processing file /home/airflow/.local/lib/python3.12/site-packages/airflow/example_dags/example_kubernetes_executor.py for tasks to queue
[2026-03-30T06:08:44.977+0000] {logging_mixin.py:188} INFO - [2026-03-30T06:08:44.949+0000] {dagbag.py:545} INFO - Filling up the DagBag from /home/airflow/.local/lib/python3.12/site-packages/airflow/example_dags/example_kubernetes_executor.py
[2026-03-30T06:08:47.136+0000] {processor.py:840} INFO - DAG(s) 'example_kubernetes_executor' retrieved from /home/airflow/.local/lib/python3.12/site-packages/airflow/example_dags/example_kubernetes_executor.py
[2026-03-30T06:09:09.851+0000] {logging_mixin.py:188} INFO - [2026-03-30T06:09:09.459+0000] {dag.py:3089} INFO - Sync 1 DAGs
[2026-03-30T06:09:11.415+0000] {logging_mixin.py:188} INFO - [2026-03-30T06:09:11.326+0000] {dag.py:3947} INFO - Setting next_dagrun for example_kubernetes_executor to None, run_after=None
[2026-03-30T06:09:14.379+0000] {processor.py:183} INFO - Processing /home/airflow/.local/lib/python3.12/site-packages/airflow/example_dags/example_kubernetes_executor.py took 29.886 seconds
[2026-03-30T06:12:05.100+0000] {processor.py:161} INFO - Started process (PID=89) to work on /home/airflow/.local/lib/python3.12/site-packages/airflow/example_dags/example_kubernetes_executor.py
[2026-03-30T06:12:05.103+0000] {processor.py:830} INFO - Processing file /home/airflow/.local/lib/python3.12/site-packages/airflow/example_dags/example_kubernetes_executor.py for tasks to queue
[2026-03-30T06:12:05.119+0000] {logging_mixin.py:188} INFO - [2026-03-30T06:12:05.116+0000] {dagbag.py:545} INFO - Filling up the DagBag from /home/airflow/.local/lib/python3.12/site-packages/airflow/example_dags/example_kubernetes_executor.py
[2026-03-30T06:12:05.162+0000] {processor.py:840} INFO - DAG(s) 'example_kubernetes_executor' retrieved from /home/airflow/.local/lib/python3.12/site-packages/airflow/example_dags/example_kubernetes_executor.py
[2026-03-30T06:12:05.241+0000] {logging_mixin.py:188} INFO - [2026-03-30T06:12:05.241+0000] {dag.py:3089} INFO - Sync 1 DAGs
[2026-03-30T06:12:05.264+0000] {logging_mixin.py:188} INFO - [2026-03-30T06:12:05.263+0000] {dag.py:3947} INFO - Setting next_dagrun for example_kubernetes_executor to None, run_after=None
[2026-03-30T06:12:05.288+0000] {processor.py:183} INFO - Processing /home/airflow/.local/lib/python3.12/site-packages/airflow/example_dags/example_kubernetes_executor.py took 0.224 seconds
