[2026-03-30T05:35:49.444+0000] {processor.py:161} INFO - Started process (PID=95) to work on /home/airflow/.local/lib/python3.12/site-packages/airflow/example_dags/example_complex.py
[2026-03-30T05:35:49.449+0000] {processor.py:830} INFO - Processing file /home/airflow/.local/lib/python3.12/site-packages/airflow/example_dags/example_complex.py for tasks to queue
[2026-03-30T05:35:49.455+0000] {logging_mixin.py:188} INFO - [2026-03-30T05:35:49.454+0000] {dagbag.py:545} INFO - Filling up the DagBag from /home/airflow/.local/lib/python3.12/site-packages/airflow/example_dags/example_complex.py
[2026-03-30T05:35:49.500+0000] {processor.py:840} INFO - DAG(s) 'example_complex' retrieved from /home/airflow/.local/lib/python3.12/site-packages/airflow/example_dags/example_complex.py
[2026-03-30T05:35:50.418+0000] {logging_mixin.py:188} INFO - [2026-03-30T05:35:50.380+0000] {dag.py:3089} INFO - Sync 1 DAGs
[2026-03-30T05:35:50.926+0000] {logging_mixin.py:188} INFO - [2026-03-30T05:35:50.920+0000] {dag.py:3947} INFO - Setting next_dagrun for example_complex to None, run_after=None
[2026-03-30T05:35:51.249+0000] {processor.py:183} INFO - Processing /home/airflow/.local/lib/python3.12/site-packages/airflow/example_dags/example_complex.py took 1.824 seconds
[2026-03-30T05:37:29.182+0000] {processor.py:161} INFO - Started process (PID=164) to work on /home/airflow/.local/lib/python3.12/site-packages/airflow/example_dags/example_complex.py
[2026-03-30T05:37:29.211+0000] {processor.py:830} INFO - Processing file /home/airflow/.local/lib/python3.12/site-packages/airflow/example_dags/example_complex.py for tasks to queue
[2026-03-30T05:37:29.242+0000] {logging_mixin.py:188} INFO - [2026-03-30T05:37:29.226+0000] {dagbag.py:545} INFO - Filling up the DagBag from /home/airflow/.local/lib/python3.12/site-packages/airflow/example_dags/example_complex.py
[2026-03-30T05:37:29.308+0000] {processor.py:840} INFO - DAG(s) 'example_complex' retrieved from /home/airflow/.local/lib/python3.12/site-packages/airflow/example_dags/example_complex.py
[2026-03-30T05:37:29.436+0000] {logging_mixin.py:188} INFO - [2026-03-30T05:37:29.435+0000] {dag.py:3089} INFO - Sync 1 DAGs
[2026-03-30T05:37:29.478+0000] {logging_mixin.py:188} INFO - [2026-03-30T05:37:29.477+0000] {dag.py:3947} INFO - Setting next_dagrun for example_complex to None, run_after=None
[2026-03-30T05:37:29.591+0000] {processor.py:183} INFO - Processing /home/airflow/.local/lib/python3.12/site-packages/airflow/example_dags/example_complex.py took 0.439 seconds
[2026-03-30T05:38:03.721+0000] {processor.py:161} INFO - Started process (PID=228) to work on /home/airflow/.local/lib/python3.12/site-packages/airflow/example_dags/example_complex.py
[2026-03-30T05:38:03.729+0000] {processor.py:830} INFO - Processing file /home/airflow/.local/lib/python3.12/site-packages/airflow/example_dags/example_complex.py for tasks to queue
[2026-03-30T05:38:03.735+0000] {logging_mixin.py:188} INFO - [2026-03-30T05:38:03.734+0000] {dagbag.py:545} INFO - Filling up the DagBag from /home/airflow/.local/lib/python3.12/site-packages/airflow/example_dags/example_complex.py
[2026-03-30T05:38:03.846+0000] {processor.py:840} INFO - DAG(s) 'example_complex' retrieved from /home/airflow/.local/lib/python3.12/site-packages/airflow/example_dags/example_complex.py
[2026-03-30T05:38:03.996+0000] {logging_mixin.py:188} INFO - [2026-03-30T05:38:03.996+0000] {dag.py:3089} INFO - Sync 1 DAGs
[2026-03-30T05:38:04.056+0000] {logging_mixin.py:188} INFO - [2026-03-30T05:38:04.056+0000] {dag.py:3947} INFO - Setting next_dagrun for example_complex to None, run_after=None
[2026-03-30T05:38:04.139+0000] {processor.py:183} INFO - Processing /home/airflow/.local/lib/python3.12/site-packages/airflow/example_dags/example_complex.py took 0.434 seconds
[2026-03-30T05:38:37.732+0000] {processor.py:161} INFO - Started process (PID=283) to work on /home/airflow/.local/lib/python3.12/site-packages/airflow/example_dags/example_complex.py
[2026-03-30T05:38:37.743+0000] {processor.py:830} INFO - Processing file /home/airflow/.local/lib/python3.12/site-packages/airflow/example_dags/example_complex.py for tasks to queue
[2026-03-30T05:38:37.758+0000] {logging_mixin.py:188} INFO - [2026-03-30T05:38:37.757+0000] {dagbag.py:545} INFO - Filling up the DagBag from /home/airflow/.local/lib/python3.12/site-packages/airflow/example_dags/example_complex.py
[2026-03-30T05:38:37.785+0000] {processor.py:840} INFO - DAG(s) 'example_complex' retrieved from /home/airflow/.local/lib/python3.12/site-packages/airflow/example_dags/example_complex.py
[2026-03-30T05:38:37.946+0000] {logging_mixin.py:188} INFO - [2026-03-30T05:38:37.945+0000] {dag.py:3089} INFO - Sync 1 DAGs
[2026-03-30T05:38:38.019+0000] {logging_mixin.py:188} INFO - [2026-03-30T05:38:38.019+0000] {dag.py:3947} INFO - Setting next_dagrun for example_complex to None, run_after=None
[2026-03-30T05:38:38.181+0000] {processor.py:183} INFO - Processing /home/airflow/.local/lib/python3.12/site-packages/airflow/example_dags/example_complex.py took 0.464 seconds
[2026-03-30T05:43:08.807+0000] {processor.py:161} INFO - Started process (PID=389) to work on /home/airflow/.local/lib/python3.12/site-packages/airflow/example_dags/example_complex.py
[2026-03-30T05:43:09.080+0000] {processor.py:830} INFO - Processing file /home/airflow/.local/lib/python3.12/site-packages/airflow/example_dags/example_complex.py for tasks to queue
[2026-03-30T05:43:09.495+0000] {logging_mixin.py:188} INFO - [2026-03-30T05:43:09.301+0000] {dagbag.py:545} INFO - Filling up the DagBag from /home/airflow/.local/lib/python3.12/site-packages/airflow/example_dags/example_complex.py
[2026-03-30T05:43:10.851+0000] {processor.py:840} INFO - DAG(s) 'example_complex' retrieved from /home/airflow/.local/lib/python3.12/site-packages/airflow/example_dags/example_complex.py
[2026-03-30T05:43:14.350+0000] {logging_mixin.py:188} INFO - [2026-03-30T05:43:14.329+0000] {dag.py:3089} INFO - Sync 1 DAGs
[2026-03-30T05:43:14.506+0000] {logging_mixin.py:188} INFO - [2026-03-30T05:43:14.505+0000] {dag.py:3947} INFO - Setting next_dagrun for example_complex to None, run_after=None
[2026-03-30T05:43:15.585+0000] {processor.py:183} INFO - Processing /home/airflow/.local/lib/python3.12/site-packages/airflow/example_dags/example_complex.py took 7.442 seconds
[2026-03-30T05:49:19.360+0000] {processor.py:161} INFO - Started process (PID=493) to work on /home/airflow/.local/lib/python3.12/site-packages/airflow/example_dags/example_complex.py
[2026-03-30T05:49:19.650+0000] {processor.py:830} INFO - Processing file /home/airflow/.local/lib/python3.12/site-packages/airflow/example_dags/example_complex.py for tasks to queue
[2026-03-30T05:49:20.148+0000] {logging_mixin.py:188} INFO - [2026-03-30T05:49:20.074+0000] {dagbag.py:545} INFO - Filling up the DagBag from /home/airflow/.local/lib/python3.12/site-packages/airflow/example_dags/example_complex.py
[2026-03-30T05:49:20.738+0000] {processor.py:840} INFO - DAG(s) 'example_complex' retrieved from /home/airflow/.local/lib/python3.12/site-packages/airflow/example_dags/example_complex.py
[2026-03-30T05:49:24.125+0000] {logging_mixin.py:188} INFO - [2026-03-30T05:49:24.092+0000] {dag.py:3089} INFO - Sync 1 DAGs
[2026-03-30T05:49:27.056+0000] {logging_mixin.py:188} INFO - [2026-03-30T05:49:27.039+0000] {dag.py:3947} INFO - Setting next_dagrun for example_complex to None, run_after=None
[2026-03-30T05:49:28.641+0000] {processor.py:183} INFO - Processing /home/airflow/.local/lib/python3.12/site-packages/airflow/example_dags/example_complex.py took 10.887 seconds
[2026-03-30T06:02:41.229+0000] {processor.py:161} INFO - Started process (PID=627) to work on /home/airflow/.local/lib/python3.12/site-packages/airflow/example_dags/example_complex.py
[2026-03-30T06:02:41.348+0000] {processor.py:830} INFO - Processing file /home/airflow/.local/lib/python3.12/site-packages/airflow/example_dags/example_complex.py for tasks to queue
[2026-03-30T06:02:41.513+0000] {logging_mixin.py:188} INFO - [2026-03-30T06:02:41.454+0000] {dagbag.py:545} INFO - Filling up the DagBag from /home/airflow/.local/lib/python3.12/site-packages/airflow/example_dags/example_complex.py
[2026-03-30T06:02:44.752+0000] {processor.py:840} INFO - DAG(s) 'example_complex' retrieved from /home/airflow/.local/lib/python3.12/site-packages/airflow/example_dags/example_complex.py
[2026-03-30T06:02:50.320+0000] {logging_mixin.py:188} INFO - [2026-03-30T06:02:50.166+0000] {dag.py:3089} INFO - Sync 1 DAGs
[2026-03-30T06:02:52.717+0000] {logging_mixin.py:188} INFO - [2026-03-30T06:02:52.563+0000] {dag.py:3947} INFO - Setting next_dagrun for example_complex to None, run_after=None
[2026-03-30T06:02:57.018+0000] {processor.py:183} INFO - Processing /home/airflow/.local/lib/python3.12/site-packages/airflow/example_dags/example_complex.py took 17.453 seconds
[2026-03-30T06:08:05.023+0000] {processor.py:161} INFO - Started process (PID=724) to work on /home/airflow/.local/lib/python3.12/site-packages/airflow/example_dags/example_complex.py
[2026-03-30T06:08:05.100+0000] {processor.py:830} INFO - Processing file /home/airflow/.local/lib/python3.12/site-packages/airflow/example_dags/example_complex.py for tasks to queue
[2026-03-30T06:08:05.270+0000] {logging_mixin.py:188} INFO - [2026-03-30T06:08:05.201+0000] {dagbag.py:545} INFO - Filling up the DagBag from /home/airflow/.local/lib/python3.12/site-packages/airflow/example_dags/example_complex.py
[2026-03-30T06:08:08.058+0000] {processor.py:840} INFO - DAG(s) 'example_complex' retrieved from /home/airflow/.local/lib/python3.12/site-packages/airflow/example_dags/example_complex.py
[2026-03-30T06:08:10.911+0000] {logging_mixin.py:188} INFO - [2026-03-30T06:08:10.865+0000] {dag.py:3089} INFO - Sync 1 DAGs
[2026-03-30T06:08:12.349+0000] {logging_mixin.py:188} INFO - [2026-03-30T06:08:12.327+0000] {dag.py:3947} INFO - Setting next_dagrun for example_complex to None, run_after=None
[2026-03-30T06:08:15.396+0000] {processor.py:183} INFO - Processing /home/airflow/.local/lib/python3.12/site-packages/airflow/example_dags/example_complex.py took 13.577 seconds
[2026-03-30T06:12:01.101+0000] {processor.py:161} INFO - Started process (PID=83) to work on /home/airflow/.local/lib/python3.12/site-packages/airflow/example_dags/example_complex.py
[2026-03-30T06:12:01.105+0000] {processor.py:830} INFO - Processing file /home/airflow/.local/lib/python3.12/site-packages/airflow/example_dags/example_complex.py for tasks to queue
[2026-03-30T06:12:01.110+0000] {logging_mixin.py:188} INFO - [2026-03-30T06:12:01.110+0000] {dagbag.py:545} INFO - Filling up the DagBag from /home/airflow/.local/lib/python3.12/site-packages/airflow/example_dags/example_complex.py
[2026-03-30T06:12:01.147+0000] {processor.py:840} INFO - DAG(s) 'example_complex' retrieved from /home/airflow/.local/lib/python3.12/site-packages/airflow/example_dags/example_complex.py
[2026-03-30T06:12:01.492+0000] {logging_mixin.py:188} INFO - [2026-03-30T06:12:01.489+0000] {dag.py:3089} INFO - Sync 1 DAGs
[2026-03-30T06:12:01.551+0000] {logging_mixin.py:188} INFO - [2026-03-30T06:12:01.549+0000] {dag.py:3947} INFO - Setting next_dagrun for example_complex to None, run_after=None
[2026-03-30T06:12:01.708+0000] {processor.py:183} INFO - Processing /home/airflow/.local/lib/python3.12/site-packages/airflow/example_dags/example_complex.py took 0.618 seconds
