[2026-03-30T05:36:47.780+0000] {processor.py:161} INFO - Started process (PID=128) to work on /home/airflow/.local/lib/python3.12/site-packages/airflow/example_dags/example_dag_decorator.py
[2026-03-30T05:36:47.790+0000] {processor.py:830} INFO - Processing file /home/airflow/.local/lib/python3.12/site-packages/airflow/example_dags/example_dag_decorator.py for tasks to queue
[2026-03-30T05:36:47.802+0000] {logging_mixin.py:188} INFO - [2026-03-30T05:36:47.799+0000] {dagbag.py:545} INFO - Filling up the DagBag from /home/airflow/.local/lib/python3.12/site-packages/airflow/example_dags/example_dag_decorator.py
[2026-03-30T05:36:51.754+0000] {processor.py:840} INFO - DAG(s) 'example_dag_decorator' retrieved from /home/airflow/.local/lib/python3.12/site-packages/airflow/example_dags/example_dag_decorator.py
[2026-03-30T05:36:52.507+0000] {logging_mixin.py:188} INFO - [2026-03-30T05:36:52.506+0000] {dag.py:3089} INFO - Sync 1 DAGs
[2026-03-30T05:36:52.576+0000] {logging_mixin.py:188} INFO - [2026-03-30T05:36:52.576+0000] {dag.py:3947} INFO - Setting next_dagrun for example_dag_decorator to None, run_after=None
[2026-03-30T05:36:52.659+0000] {processor.py:183} INFO - Processing /home/airflow/.local/lib/python3.12/site-packages/airflow/example_dags/example_dag_decorator.py took 4.925 seconds
[2026-03-30T05:37:38.951+0000] {processor.py:161} INFO - Started process (PID=194) to work on /home/airflow/.local/lib/python3.12/site-packages/airflow/example_dags/example_dag_decorator.py
[2026-03-30T05:37:38.953+0000] {processor.py:830} INFO - Processing file /home/airflow/.local/lib/python3.12/site-packages/airflow/example_dags/example_dag_decorator.py for tasks to queue
[2026-03-30T05:37:38.959+0000] {logging_mixin.py:188} INFO - [2026-03-30T05:37:38.957+0000] {dagbag.py:545} INFO - Filling up the DagBag from /home/airflow/.local/lib/python3.12/site-packages/airflow/example_dags/example_dag_decorator.py
[2026-03-30T05:37:39.691+0000] {processor.py:840} INFO - DAG(s) 'example_dag_decorator' retrieved from /home/airflow/.local/lib/python3.12/site-packages/airflow/example_dags/example_dag_decorator.py
[2026-03-30T05:37:40.260+0000] {logging_mixin.py:188} INFO - [2026-03-30T05:37:40.259+0000] {dag.py:3089} INFO - Sync 1 DAGs
[2026-03-30T05:37:40.306+0000] {logging_mixin.py:188} INFO - [2026-03-30T05:37:40.305+0000] {dag.py:3947} INFO - Setting next_dagrun for example_dag_decorator to None, run_after=None
[2026-03-30T05:37:40.468+0000] {processor.py:183} INFO - Processing /home/airflow/.local/lib/python3.12/site-packages/airflow/example_dags/example_dag_decorator.py took 1.532 seconds
[2026-03-30T05:38:19.979+0000] {processor.py:161} INFO - Started process (PID=252) to work on /home/airflow/.local/lib/python3.12/site-packages/airflow/example_dags/example_dag_decorator.py
[2026-03-30T05:38:19.981+0000] {processor.py:830} INFO - Processing file /home/airflow/.local/lib/python3.12/site-packages/airflow/example_dags/example_dag_decorator.py for tasks to queue
[2026-03-30T05:38:19.986+0000] {logging_mixin.py:188} INFO - [2026-03-30T05:38:19.985+0000] {dagbag.py:545} INFO - Filling up the DagBag from /home/airflow/.local/lib/python3.12/site-packages/airflow/example_dags/example_dag_decorator.py
[2026-03-30T05:38:20.246+0000] {processor.py:840} INFO - DAG(s) 'example_dag_decorator' retrieved from /home/airflow/.local/lib/python3.12/site-packages/airflow/example_dags/example_dag_decorator.py
[2026-03-30T05:38:20.522+0000] {logging_mixin.py:188} INFO - [2026-03-30T05:38:20.520+0000] {dag.py:3089} INFO - Sync 1 DAGs
[2026-03-30T05:38:20.614+0000] {logging_mixin.py:188} INFO - [2026-03-30T05:38:20.613+0000] {dag.py:3947} INFO - Setting next_dagrun for example_dag_decorator to None, run_after=None
[2026-03-30T05:38:20.683+0000] {processor.py:183} INFO - Processing /home/airflow/.local/lib/python3.12/site-packages/airflow/example_dags/example_dag_decorator.py took 0.718 seconds
[2026-03-30T05:40:03.822+0000] {processor.py:161} INFO - Started process (PID=333) to work on /home/airflow/.local/lib/python3.12/site-packages/airflow/example_dags/example_dag_decorator.py
[2026-03-30T05:40:03.918+0000] {processor.py:830} INFO - Processing file /home/airflow/.local/lib/python3.12/site-packages/airflow/example_dags/example_dag_decorator.py for tasks to queue
[2026-03-30T05:40:04.013+0000] {logging_mixin.py:188} INFO - [2026-03-30T05:40:03.980+0000] {dagbag.py:545} INFO - Filling up the DagBag from /home/airflow/.local/lib/python3.12/site-packages/airflow/example_dags/example_dag_decorator.py
[2026-03-30T05:40:13.308+0000] {processor.py:840} INFO - DAG(s) 'example_dag_decorator' retrieved from /home/airflow/.local/lib/python3.12/site-packages/airflow/example_dags/example_dag_decorator.py
[2026-03-30T05:40:25.999+0000] {logging_mixin.py:188} INFO - [2026-03-30T05:40:25.863+0000] {dag.py:3089} INFO - Sync 1 DAGs
[2026-03-30T05:40:26.284+0000] {logging_mixin.py:188} INFO - [2026-03-30T05:40:26.284+0000] {dag.py:3947} INFO - Setting next_dagrun for example_dag_decorator to None, run_after=None
[2026-03-30T05:40:29.288+0000] {processor.py:183} INFO - Processing /home/airflow/.local/lib/python3.12/site-packages/airflow/example_dags/example_dag_decorator.py took 25.875 seconds
[2026-03-30T05:53:42.765+0000] {processor.py:161} INFO - Started process (PID=539) to work on /home/airflow/.local/lib/python3.12/site-packages/airflow/example_dags/example_dag_decorator.py
[2026-03-30T05:53:43.178+0000] {processor.py:830} INFO - Processing file /home/airflow/.local/lib/python3.12/site-packages/airflow/example_dags/example_dag_decorator.py for tasks to queue
[2026-03-30T05:53:44.778+0000] {logging_mixin.py:188} INFO - [2026-03-30T05:53:44.382+0000] {dagbag.py:545} INFO - Filling up the DagBag from /home/airflow/.local/lib/python3.12/site-packages/airflow/example_dags/example_dag_decorator.py
[2026-03-30T05:54:15.796+0000] {logging_mixin.py:188} INFO - [2026-03-30T05:54:15.150+0000] {timeout.py:68} ERROR - Process timed out, PID: 539
[2026-03-30T06:05:09.403+0000] {processor.py:161} INFO - Started process (PID=667) to work on /home/airflow/.local/lib/python3.12/site-packages/airflow/example_dags/example_dag_decorator.py
[2026-03-30T06:05:09.430+0000] {processor.py:830} INFO - Processing file /home/airflow/.local/lib/python3.12/site-packages/airflow/example_dags/example_dag_decorator.py for tasks to queue
[2026-03-30T06:05:09.458+0000] {logging_mixin.py:188} INFO - [2026-03-30T06:05:09.443+0000] {dagbag.py:545} INFO - Filling up the DagBag from /home/airflow/.local/lib/python3.12/site-packages/airflow/example_dags/example_dag_decorator.py
[2026-03-30T06:05:16.674+0000] {processor.py:840} INFO - DAG(s) 'example_dag_decorator' retrieved from /home/airflow/.local/lib/python3.12/site-packages/airflow/example_dags/example_dag_decorator.py
[2026-03-30T06:05:27.571+0000] {logging_mixin.py:188} INFO - [2026-03-30T06:05:27.514+0000] {dag.py:3089} INFO - Sync 1 DAGs
[2026-03-30T06:05:28.573+0000] {logging_mixin.py:188} INFO - [2026-03-30T06:05:28.553+0000] {dag.py:3947} INFO - Setting next_dagrun for example_dag_decorator to None, run_after=None
[2026-03-30T06:05:29.894+0000] {processor.py:183} INFO - Processing /home/airflow/.local/lib/python3.12/site-packages/airflow/example_dags/example_dag_decorator.py took 20.511 seconds
[2026-03-30T06:12:08.585+0000] {processor.py:161} INFO - Started process (PID=105) to work on /home/airflow/.local/lib/python3.12/site-packages/airflow/example_dags/example_dag_decorator.py
[2026-03-30T06:12:08.587+0000] {processor.py:830} INFO - Processing file /home/airflow/.local/lib/python3.12/site-packages/airflow/example_dags/example_dag_decorator.py for tasks to queue
[2026-03-30T06:12:08.591+0000] {logging_mixin.py:188} INFO - [2026-03-30T06:12:08.591+0000] {dagbag.py:545} INFO - Filling up the DagBag from /home/airflow/.local/lib/python3.12/site-packages/airflow/example_dags/example_dag_decorator.py
[2026-03-30T06:12:08.799+0000] {processor.py:840} INFO - DAG(s) 'example_dag_decorator' retrieved from /home/airflow/.local/lib/python3.12/site-packages/airflow/example_dags/example_dag_decorator.py
[2026-03-30T06:12:08.964+0000] {logging_mixin.py:188} INFO - [2026-03-30T06:12:08.964+0000] {dag.py:3089} INFO - Sync 1 DAGs
[2026-03-30T06:12:08.996+0000] {logging_mixin.py:188} INFO - [2026-03-30T06:12:08.996+0000] {dag.py:3947} INFO - Setting next_dagrun for example_dag_decorator to None, run_after=None
[2026-03-30T06:12:09.039+0000] {processor.py:183} INFO - Processing /home/airflow/.local/lib/python3.12/site-packages/airflow/example_dags/example_dag_decorator.py took 0.465 seconds
