[2026-03-30T05:36:33.828+0000] {processor.py:161} INFO - Started process (PID=119) to work on /home/airflow/.local/lib/python3.12/site-packages/airflow/example_dags/example_external_task_marker_dag.py
[2026-03-30T05:36:33.833+0000] {processor.py:830} INFO - Processing file /home/airflow/.local/lib/python3.12/site-packages/airflow/example_dags/example_external_task_marker_dag.py for tasks to queue
[2026-03-30T05:36:33.853+0000] {logging_mixin.py:188} INFO - [2026-03-30T05:36:33.842+0000] {dagbag.py:545} INFO - Filling up the DagBag from /home/airflow/.local/lib/python3.12/site-packages/airflow/example_dags/example_external_task_marker_dag.py
[2026-03-30T05:36:34.146+0000] {processor.py:840} INFO - DAG(s) 'example_external_task_marker_child', 'example_external_task_marker_parent' retrieved from /home/airflow/.local/lib/python3.12/site-packages/airflow/example_dags/example_external_task_marker_dag.py
[2026-03-30T05:36:38.706+0000] {logging_mixin.py:188} INFO - [2026-03-30T05:36:38.699+0000] {dag.py:3089} INFO - Sync 2 DAGs
[2026-03-30T05:36:38.874+0000] {logging_mixin.py:188} INFO - [2026-03-30T05:36:38.873+0000] {dag.py:3947} INFO - Setting next_dagrun for example_external_task_marker_child to None, run_after=None
[2026-03-30T05:36:38.888+0000] {logging_mixin.py:188} INFO - [2026-03-30T05:36:38.887+0000] {dag.py:3947} INFO - Setting next_dagrun for example_external_task_marker_parent to None, run_after=None
[2026-03-30T05:36:38.981+0000] {processor.py:183} INFO - Processing /home/airflow/.local/lib/python3.12/site-packages/airflow/example_dags/example_external_task_marker_dag.py took 5.418 seconds
[2026-03-30T05:37:36.525+0000] {processor.py:161} INFO - Started process (PID=185) to work on /home/airflow/.local/lib/python3.12/site-packages/airflow/example_dags/example_external_task_marker_dag.py
[2026-03-30T05:37:36.530+0000] {processor.py:830} INFO - Processing file /home/airflow/.local/lib/python3.12/site-packages/airflow/example_dags/example_external_task_marker_dag.py for tasks to queue
[2026-03-30T05:37:36.545+0000] {logging_mixin.py:188} INFO - [2026-03-30T05:37:36.544+0000] {dagbag.py:545} INFO - Filling up the DagBag from /home/airflow/.local/lib/python3.12/site-packages/airflow/example_dags/example_external_task_marker_dag.py
[2026-03-30T05:37:36.608+0000] {processor.py:840} INFO - DAG(s) 'example_external_task_marker_parent', 'example_external_task_marker_child' retrieved from /home/airflow/.local/lib/python3.12/site-packages/airflow/example_dags/example_external_task_marker_dag.py
[2026-03-30T05:37:36.725+0000] {logging_mixin.py:188} INFO - [2026-03-30T05:37:36.725+0000] {dag.py:3089} INFO - Sync 2 DAGs
[2026-03-30T05:37:36.791+0000] {logging_mixin.py:188} INFO - [2026-03-30T05:37:36.785+0000] {dag.py:3947} INFO - Setting next_dagrun for example_external_task_marker_child to None, run_after=None
[2026-03-30T05:37:36.810+0000] {logging_mixin.py:188} INFO - [2026-03-30T05:37:36.804+0000] {dag.py:3947} INFO - Setting next_dagrun for example_external_task_marker_parent to None, run_after=None
[2026-03-30T05:37:36.907+0000] {processor.py:183} INFO - Processing /home/airflow/.local/lib/python3.12/site-packages/airflow/example_dags/example_external_task_marker_dag.py took 0.399 seconds
[2026-03-30T05:38:14.755+0000] {processor.py:161} INFO - Started process (PID=243) to work on /home/airflow/.local/lib/python3.12/site-packages/airflow/example_dags/example_external_task_marker_dag.py
[2026-03-30T05:38:14.758+0000] {processor.py:830} INFO - Processing file /home/airflow/.local/lib/python3.12/site-packages/airflow/example_dags/example_external_task_marker_dag.py for tasks to queue
[2026-03-30T05:38:14.766+0000] {logging_mixin.py:188} INFO - [2026-03-30T05:38:14.765+0000] {dagbag.py:545} INFO - Filling up the DagBag from /home/airflow/.local/lib/python3.12/site-packages/airflow/example_dags/example_external_task_marker_dag.py
[2026-03-30T05:38:14.788+0000] {processor.py:840} INFO - DAG(s) 'example_external_task_marker_parent', 'example_external_task_marker_child' retrieved from /home/airflow/.local/lib/python3.12/site-packages/airflow/example_dags/example_external_task_marker_dag.py
[2026-03-30T05:38:14.885+0000] {logging_mixin.py:188} INFO - [2026-03-30T05:38:14.883+0000] {dag.py:3089} INFO - Sync 2 DAGs
[2026-03-30T05:38:14.927+0000] {logging_mixin.py:188} INFO - [2026-03-30T05:38:14.927+0000] {dag.py:3947} INFO - Setting next_dagrun for example_external_task_marker_child to None, run_after=None
[2026-03-30T05:38:14.937+0000] {logging_mixin.py:188} INFO - [2026-03-30T05:38:14.937+0000] {dag.py:3947} INFO - Setting next_dagrun for example_external_task_marker_parent to None, run_after=None
[2026-03-30T05:38:15.018+0000] {processor.py:183} INFO - Processing /home/airflow/.local/lib/python3.12/site-packages/airflow/example_dags/example_external_task_marker_dag.py took 0.291 seconds
[2026-03-30T05:39:45.816+0000] {processor.py:161} INFO - Started process (PID=318) to work on /home/airflow/.local/lib/python3.12/site-packages/airflow/example_dags/example_external_task_marker_dag.py
[2026-03-30T05:39:45.822+0000] {processor.py:830} INFO - Processing file /home/airflow/.local/lib/python3.12/site-packages/airflow/example_dags/example_external_task_marker_dag.py for tasks to queue
[2026-03-30T05:39:45.842+0000] {logging_mixin.py:188} INFO - [2026-03-30T05:39:45.840+0000] {dagbag.py:545} INFO - Filling up the DagBag from /home/airflow/.local/lib/python3.12/site-packages/airflow/example_dags/example_external_task_marker_dag.py
[2026-03-30T05:39:45.874+0000] {processor.py:840} INFO - DAG(s) 'example_external_task_marker_child', 'example_external_task_marker_parent' retrieved from /home/airflow/.local/lib/python3.12/site-packages/airflow/example_dags/example_external_task_marker_dag.py
[2026-03-30T05:39:46.146+0000] {logging_mixin.py:188} INFO - [2026-03-30T05:39:46.123+0000] {dag.py:3089} INFO - Sync 2 DAGs
[2026-03-30T05:39:49.394+0000] {logging_mixin.py:188} INFO - [2026-03-30T05:39:49.228+0000] {dag.py:3947} INFO - Setting next_dagrun for example_external_task_marker_child to None, run_after=None
[2026-03-30T05:39:49.432+0000] {logging_mixin.py:188} INFO - [2026-03-30T05:39:49.431+0000] {dag.py:3947} INFO - Setting next_dagrun for example_external_task_marker_parent to None, run_after=None
[2026-03-30T05:39:51.742+0000] {processor.py:183} INFO - Processing /home/airflow/.local/lib/python3.12/site-packages/airflow/example_dags/example_external_task_marker_dag.py took 5.939 seconds
[2026-03-30T05:44:54.203+0000] {processor.py:161} INFO - Started process (PID=420) to work on /home/airflow/.local/lib/python3.12/site-packages/airflow/example_dags/example_external_task_marker_dag.py
[2026-03-30T05:44:54.309+0000] {processor.py:830} INFO - Processing file /home/airflow/.local/lib/python3.12/site-packages/airflow/example_dags/example_external_task_marker_dag.py for tasks to queue
[2026-03-30T05:44:54.420+0000] {logging_mixin.py:188} INFO - [2026-03-30T05:44:54.416+0000] {dagbag.py:545} INFO - Filling up the DagBag from /home/airflow/.local/lib/python3.12/site-packages/airflow/example_dags/example_external_task_marker_dag.py
[2026-03-30T05:44:55.431+0000] {processor.py:840} INFO - DAG(s) 'example_external_task_marker_parent', 'example_external_task_marker_child' retrieved from /home/airflow/.local/lib/python3.12/site-packages/airflow/example_dags/example_external_task_marker_dag.py
[2026-03-30T05:44:58.225+0000] {logging_mixin.py:188} INFO - [2026-03-30T05:44:58.223+0000] {dag.py:3089} INFO - Sync 2 DAGs
[2026-03-30T05:44:59.171+0000] {logging_mixin.py:188} INFO - [2026-03-30T05:44:59.156+0000] {dag.py:3947} INFO - Setting next_dagrun for example_external_task_marker_child to None, run_after=None
[2026-03-30T05:44:59.427+0000] {logging_mixin.py:188} INFO - [2026-03-30T05:44:59.425+0000] {dag.py:3947} INFO - Setting next_dagrun for example_external_task_marker_parent to None, run_after=None
[2026-03-30T05:45:01.732+0000] {processor.py:183} INFO - Processing /home/airflow/.local/lib/python3.12/site-packages/airflow/example_dags/example_external_task_marker_dag.py took 7.742 seconds
[2026-03-30T05:52:26.030+0000] {processor.py:161} INFO - Started process (PID=529) to work on /home/airflow/.local/lib/python3.12/site-packages/airflow/example_dags/example_external_task_marker_dag.py
[2026-03-30T05:52:26.225+0000] {processor.py:830} INFO - Processing file /home/airflow/.local/lib/python3.12/site-packages/airflow/example_dags/example_external_task_marker_dag.py for tasks to queue
[2026-03-30T05:52:27.743+0000] {logging_mixin.py:188} INFO - [2026-03-30T05:52:27.686+0000] {dagbag.py:545} INFO - Filling up the DagBag from /home/airflow/.local/lib/python3.12/site-packages/airflow/example_dags/example_external_task_marker_dag.py
[2026-03-30T05:52:29.121+0000] {processor.py:840} INFO - DAG(s) 'example_external_task_marker_parent', 'example_external_task_marker_child' retrieved from /home/airflow/.local/lib/python3.12/site-packages/airflow/example_dags/example_external_task_marker_dag.py
[2026-03-30T05:52:38.068+0000] {logging_mixin.py:188} INFO - [2026-03-30T05:52:37.722+0000] {dag.py:3089} INFO - Sync 2 DAGs
[2026-03-30T05:52:39.457+0000] {logging_mixin.py:188} INFO - [2026-03-30T05:52:39.445+0000] {dag.py:3947} INFO - Setting next_dagrun for example_external_task_marker_child to None, run_after=None
[2026-03-30T05:52:39.792+0000] {logging_mixin.py:188} INFO - [2026-03-30T05:52:39.791+0000] {dag.py:3947} INFO - Setting next_dagrun for example_external_task_marker_parent to None, run_after=None
[2026-03-30T05:52:40.854+0000] {processor.py:183} INFO - Processing /home/airflow/.local/lib/python3.12/site-packages/airflow/example_dags/example_external_task_marker_dag.py took 16.944 seconds
[2026-03-30T06:04:43.366+0000] {processor.py:161} INFO - Started process (PID=652) to work on /home/airflow/.local/lib/python3.12/site-packages/airflow/example_dags/example_external_task_marker_dag.py
[2026-03-30T06:04:43.451+0000] {processor.py:830} INFO - Processing file /home/airflow/.local/lib/python3.12/site-packages/airflow/example_dags/example_external_task_marker_dag.py for tasks to queue
[2026-03-30T06:04:43.554+0000] {logging_mixin.py:188} INFO - [2026-03-30T06:04:43.486+0000] {dagbag.py:545} INFO - Filling up the DagBag from /home/airflow/.local/lib/python3.12/site-packages/airflow/example_dags/example_external_task_marker_dag.py
[2026-03-30T06:04:45.038+0000] {processor.py:840} INFO - DAG(s) 'example_external_task_marker_child', 'example_external_task_marker_parent' retrieved from /home/airflow/.local/lib/python3.12/site-packages/airflow/example_dags/example_external_task_marker_dag.py
[2026-03-30T06:04:46.992+0000] {logging_mixin.py:188} INFO - [2026-03-30T06:04:46.936+0000] {dag.py:3089} INFO - Sync 2 DAGs
[2026-03-30T06:04:47.359+0000] {logging_mixin.py:188} INFO - [2026-03-30T06:04:47.354+0000] {dag.py:3947} INFO - Setting next_dagrun for example_external_task_marker_child to None, run_after=None
[2026-03-30T06:04:47.457+0000] {logging_mixin.py:188} INFO - [2026-03-30T06:04:47.456+0000] {dag.py:3947} INFO - Setting next_dagrun for example_external_task_marker_parent to None, run_after=None
[2026-03-30T06:04:49.035+0000] {processor.py:183} INFO - Processing /home/airflow/.local/lib/python3.12/site-packages/airflow/example_dags/example_external_task_marker_dag.py took 5.990 seconds
[2026-03-30T06:12:06.508+0000] {processor.py:161} INFO - Started process (PID=96) to work on /home/airflow/.local/lib/python3.12/site-packages/airflow/example_dags/example_external_task_marker_dag.py
[2026-03-30T06:12:06.511+0000] {processor.py:830} INFO - Processing file /home/airflow/.local/lib/python3.12/site-packages/airflow/example_dags/example_external_task_marker_dag.py for tasks to queue
[2026-03-30T06:12:06.514+0000] {logging_mixin.py:188} INFO - [2026-03-30T06:12:06.513+0000] {dagbag.py:545} INFO - Filling up the DagBag from /home/airflow/.local/lib/python3.12/site-packages/airflow/example_dags/example_external_task_marker_dag.py
[2026-03-30T06:12:06.532+0000] {processor.py:840} INFO - DAG(s) 'example_external_task_marker_parent', 'example_external_task_marker_child' retrieved from /home/airflow/.local/lib/python3.12/site-packages/airflow/example_dags/example_external_task_marker_dag.py
[2026-03-30T06:12:06.745+0000] {logging_mixin.py:188} INFO - [2026-03-30T06:12:06.745+0000] {dag.py:3089} INFO - Sync 2 DAGs
[2026-03-30T06:12:06.765+0000] {logging_mixin.py:188} INFO - [2026-03-30T06:12:06.765+0000] {dag.py:3947} INFO - Setting next_dagrun for example_external_task_marker_child to None, run_after=None
[2026-03-30T06:12:06.770+0000] {logging_mixin.py:188} INFO - [2026-03-30T06:12:06.769+0000] {dag.py:3947} INFO - Setting next_dagrun for example_external_task_marker_parent to None, run_after=None
[2026-03-30T06:12:06.796+0000] {processor.py:183} INFO - Processing /home/airflow/.local/lib/python3.12/site-packages/airflow/example_dags/example_external_task_marker_dag.py took 0.296 seconds
