[2026-03-30T05:36:09.020+0000] {processor.py:161} INFO - Started process (PID=108) to work on /home/airflow/.local/lib/python3.12/site-packages/airflow/example_dags/example_latest_only_with_trigger.py
[2026-03-30T05:36:09.150+0000] {processor.py:830} INFO - Processing file /home/airflow/.local/lib/python3.12/site-packages/airflow/example_dags/example_latest_only_with_trigger.py for tasks to queue
[2026-03-30T05:36:09.193+0000] {logging_mixin.py:188} INFO - [2026-03-30T05:36:09.192+0000] {dagbag.py:545} INFO - Filling up the DagBag from /home/airflow/.local/lib/python3.12/site-packages/airflow/example_dags/example_latest_only_with_trigger.py
[2026-03-30T05:36:09.364+0000] {processor.py:840} INFO - DAG(s) 'latest_only_with_trigger' retrieved from /home/airflow/.local/lib/python3.12/site-packages/airflow/example_dags/example_latest_only_with_trigger.py
[2026-03-30T05:36:11.426+0000] {logging_mixin.py:188} INFO - [2026-03-30T05:36:11.405+0000] {dag.py:3089} INFO - Sync 1 DAGs
[2026-03-30T05:36:11.743+0000] {logging_mixin.py:188} INFO - [2026-03-30T05:36:11.742+0000] {dag.py:3947} INFO - Setting next_dagrun for latest_only_with_trigger to 2026-03-30 00:00:00+00:00, run_after=2026-03-30 04:00:00+00:00
[2026-03-30T05:36:12.193+0000] {processor.py:183} INFO - Processing /home/airflow/.local/lib/python3.12/site-packages/airflow/example_dags/example_latest_only_with_trigger.py took 3.195 seconds
[2026-03-30T05:37:32.605+0000] {processor.py:161} INFO - Started process (PID=178) to work on /home/airflow/.local/lib/python3.12/site-packages/airflow/example_dags/example_latest_only_with_trigger.py
[2026-03-30T05:37:32.610+0000] {processor.py:830} INFO - Processing file /home/airflow/.local/lib/python3.12/site-packages/airflow/example_dags/example_latest_only_with_trigger.py for tasks to queue
[2026-03-30T05:37:32.642+0000] {logging_mixin.py:188} INFO - [2026-03-30T05:37:32.634+0000] {dagbag.py:545} INFO - Filling up the DagBag from /home/airflow/.local/lib/python3.12/site-packages/airflow/example_dags/example_latest_only_with_trigger.py
[2026-03-30T05:37:32.751+0000] {processor.py:840} INFO - DAG(s) 'latest_only_with_trigger' retrieved from /home/airflow/.local/lib/python3.12/site-packages/airflow/example_dags/example_latest_only_with_trigger.py
[2026-03-30T05:37:33.360+0000] {logging_mixin.py:188} INFO - [2026-03-30T05:37:33.341+0000] {dag.py:3089} INFO - Sync 1 DAGs
[2026-03-30T05:37:33.656+0000] {logging_mixin.py:188} INFO - [2026-03-30T05:37:33.656+0000] {dag.py:3947} INFO - Setting next_dagrun for latest_only_with_trigger to 2026-03-30 00:00:00+00:00, run_after=2026-03-30 04:00:00+00:00
[2026-03-30T05:37:33.959+0000] {processor.py:183} INFO - Processing /home/airflow/.local/lib/python3.12/site-packages/airflow/example_dags/example_latest_only_with_trigger.py took 1.371 seconds
[2026-03-30T05:38:12.727+0000] {processor.py:161} INFO - Started process (PID=238) to work on /home/airflow/.local/lib/python3.12/site-packages/airflow/example_dags/example_latest_only_with_trigger.py
[2026-03-30T05:38:12.736+0000] {processor.py:830} INFO - Processing file /home/airflow/.local/lib/python3.12/site-packages/airflow/example_dags/example_latest_only_with_trigger.py for tasks to queue
[2026-03-30T05:38:12.745+0000] {logging_mixin.py:188} INFO - [2026-03-30T05:38:12.744+0000] {dagbag.py:545} INFO - Filling up the DagBag from /home/airflow/.local/lib/python3.12/site-packages/airflow/example_dags/example_latest_only_with_trigger.py
[2026-03-30T05:38:12.801+0000] {processor.py:840} INFO - DAG(s) 'latest_only_with_trigger' retrieved from /home/airflow/.local/lib/python3.12/site-packages/airflow/example_dags/example_latest_only_with_trigger.py
[2026-03-30T05:38:12.972+0000] {logging_mixin.py:188} INFO - [2026-03-30T05:38:12.971+0000] {dag.py:3089} INFO - Sync 1 DAGs
[2026-03-30T05:38:13.040+0000] {logging_mixin.py:188} INFO - [2026-03-30T05:38:13.039+0000] {dag.py:3947} INFO - Setting next_dagrun for latest_only_with_trigger to 2026-03-30 00:00:00+00:00, run_after=2026-03-30 04:00:00+00:00
[2026-03-30T05:38:13.181+0000] {processor.py:183} INFO - Processing /home/airflow/.local/lib/python3.12/site-packages/airflow/example_dags/example_latest_only_with_trigger.py took 0.506 seconds
[2026-03-30T05:38:52.757+0000] {processor.py:161} INFO - Started process (PID=295) to work on /home/airflow/.local/lib/python3.12/site-packages/airflow/example_dags/example_latest_only_with_trigger.py
[2026-03-30T05:38:52.796+0000] {processor.py:830} INFO - Processing file /home/airflow/.local/lib/python3.12/site-packages/airflow/example_dags/example_latest_only_with_trigger.py for tasks to queue
[2026-03-30T05:38:52.991+0000] {logging_mixin.py:188} INFO - [2026-03-30T05:38:52.830+0000] {dagbag.py:545} INFO - Filling up the DagBag from /home/airflow/.local/lib/python3.12/site-packages/airflow/example_dags/example_latest_only_with_trigger.py
[2026-03-30T05:38:53.527+0000] {processor.py:840} INFO - DAG(s) 'latest_only_with_trigger' retrieved from /home/airflow/.local/lib/python3.12/site-packages/airflow/example_dags/example_latest_only_with_trigger.py
[2026-03-30T05:38:54.276+0000] {logging_mixin.py:188} INFO - [2026-03-30T05:38:54.275+0000] {dag.py:3089} INFO - Sync 1 DAGs
[2026-03-30T05:38:55.472+0000] {logging_mixin.py:188} INFO - [2026-03-30T05:38:55.471+0000] {dag.py:3947} INFO - Setting next_dagrun for latest_only_with_trigger to 2026-03-30 00:00:00+00:00, run_after=2026-03-30 04:00:00+00:00
[2026-03-30T05:38:56.283+0000] {processor.py:183} INFO - Processing /home/airflow/.local/lib/python3.12/site-packages/airflow/example_dags/example_latest_only_with_trigger.py took 3.650 seconds
[2026-03-30T05:43:59.905+0000] {processor.py:161} INFO - Started process (PID=403) to work on /home/airflow/.local/lib/python3.12/site-packages/airflow/example_dags/example_latest_only_with_trigger.py
[2026-03-30T05:44:00.010+0000] {processor.py:830} INFO - Processing file /home/airflow/.local/lib/python3.12/site-packages/airflow/example_dags/example_latest_only_with_trigger.py for tasks to queue
[2026-03-30T05:44:00.340+0000] {logging_mixin.py:188} INFO - [2026-03-30T05:44:00.301+0000] {dagbag.py:545} INFO - Filling up the DagBag from /home/airflow/.local/lib/python3.12/site-packages/airflow/example_dags/example_latest_only_with_trigger.py
[2026-03-30T05:44:00.997+0000] {processor.py:840} INFO - DAG(s) 'latest_only_with_trigger' retrieved from /home/airflow/.local/lib/python3.12/site-packages/airflow/example_dags/example_latest_only_with_trigger.py
[2026-03-30T05:44:07.796+0000] {logging_mixin.py:188} INFO - [2026-03-30T05:44:07.597+0000] {dag.py:3089} INFO - Sync 1 DAGs
[2026-03-30T05:44:15.259+0000] {logging_mixin.py:188} INFO - [2026-03-30T05:44:15.211+0000] {dag.py:3947} INFO - Setting next_dagrun for latest_only_with_trigger to 2026-03-30 00:00:00+00:00, run_after=2026-03-30 04:00:00+00:00
[2026-03-30T05:44:16.906+0000] {processor.py:183} INFO - Processing /home/airflow/.local/lib/python3.12/site-packages/airflow/example_dags/example_latest_only_with_trigger.py took 18.898 seconds
[2026-03-30T05:50:59.923+0000] {processor.py:161} INFO - Started process (PID=512) to work on /home/airflow/.local/lib/python3.12/site-packages/airflow/example_dags/example_latest_only_with_trigger.py
[2026-03-30T05:51:00.995+0000] {processor.py:830} INFO - Processing file /home/airflow/.local/lib/python3.12/site-packages/airflow/example_dags/example_latest_only_with_trigger.py for tasks to queue
[2026-03-30T05:51:03.318+0000] {logging_mixin.py:188} INFO - [2026-03-30T05:51:03.039+0000] {dagbag.py:545} INFO - Filling up the DagBag from /home/airflow/.local/lib/python3.12/site-packages/airflow/example_dags/example_latest_only_with_trigger.py
[2026-03-30T05:51:05.585+0000] {processor.py:840} INFO - DAG(s) 'latest_only_with_trigger' retrieved from /home/airflow/.local/lib/python3.12/site-packages/airflow/example_dags/example_latest_only_with_trigger.py
[2026-03-30T05:51:09.941+0000] {logging_mixin.py:188} INFO - [2026-03-30T05:51:09.915+0000] {dag.py:3089} INFO - Sync 1 DAGs
[2026-03-30T05:51:14.227+0000] {logging_mixin.py:188} INFO - [2026-03-30T05:51:14.181+0000] {dag.py:3947} INFO - Setting next_dagrun for latest_only_with_trigger to 2026-03-30 00:00:00+00:00, run_after=2026-03-30 04:00:00+00:00
[2026-03-30T05:51:18.897+0000] {processor.py:183} INFO - Processing /home/airflow/.local/lib/python3.12/site-packages/airflow/example_dags/example_latest_only_with_trigger.py took 22.858 seconds
[2026-03-30T06:04:24.457+0000] {processor.py:161} INFO - Started process (PID=647) to work on /home/airflow/.local/lib/python3.12/site-packages/airflow/example_dags/example_latest_only_with_trigger.py
[2026-03-30T06:04:24.571+0000] {processor.py:830} INFO - Processing file /home/airflow/.local/lib/python3.12/site-packages/airflow/example_dags/example_latest_only_with_trigger.py for tasks to queue
[2026-03-30T06:04:24.653+0000] {logging_mixin.py:188} INFO - [2026-03-30T06:04:24.633+0000] {dagbag.py:545} INFO - Filling up the DagBag from /home/airflow/.local/lib/python3.12/site-packages/airflow/example_dags/example_latest_only_with_trigger.py
[2026-03-30T06:04:25.553+0000] {processor.py:840} INFO - DAG(s) 'latest_only_with_trigger' retrieved from /home/airflow/.local/lib/python3.12/site-packages/airflow/example_dags/example_latest_only_with_trigger.py
[2026-03-30T06:04:27.709+0000] {logging_mixin.py:188} INFO - [2026-03-30T06:04:27.569+0000] {dag.py:3089} INFO - Sync 1 DAGs
[2026-03-30T06:04:28.857+0000] {logging_mixin.py:188} INFO - [2026-03-30T06:04:28.805+0000] {dag.py:3947} INFO - Setting next_dagrun for latest_only_with_trigger to 2026-03-30 00:00:00+00:00, run_after=2026-03-30 04:00:00+00:00
[2026-03-30T06:04:31.517+0000] {processor.py:183} INFO - Processing /home/airflow/.local/lib/python3.12/site-packages/airflow/example_dags/example_latest_only_with_trigger.py took 7.707 seconds
[2026-03-30T06:09:12.608+0000] {processor.py:161} INFO - Started process (PID=744) to work on /home/airflow/.local/lib/python3.12/site-packages/airflow/example_dags/example_latest_only_with_trigger.py
[2026-03-30T06:09:12.762+0000] {processor.py:830} INFO - Processing file /home/airflow/.local/lib/python3.12/site-packages/airflow/example_dags/example_latest_only_with_trigger.py for tasks to queue
[2026-03-30T06:09:12.857+0000] {logging_mixin.py:188} INFO - [2026-03-30T06:09:12.823+0000] {dagbag.py:545} INFO - Filling up the DagBag from /home/airflow/.local/lib/python3.12/site-packages/airflow/example_dags/example_latest_only_with_trigger.py
[2026-03-30T06:09:14.919+0000] {processor.py:840} INFO - DAG(s) 'latest_only_with_trigger' retrieved from /home/airflow/.local/lib/python3.12/site-packages/airflow/example_dags/example_latest_only_with_trigger.py
[2026-03-30T06:12:05.342+0000] {processor.py:161} INFO - Started process (PID=91) to work on /home/airflow/.local/lib/python3.12/site-packages/airflow/example_dags/example_latest_only_with_trigger.py
[2026-03-30T06:12:05.348+0000] {processor.py:830} INFO - Processing file /home/airflow/.local/lib/python3.12/site-packages/airflow/example_dags/example_latest_only_with_trigger.py for tasks to queue
[2026-03-30T06:12:05.354+0000] {logging_mixin.py:188} INFO - [2026-03-30T06:12:05.353+0000] {dagbag.py:545} INFO - Filling up the DagBag from /home/airflow/.local/lib/python3.12/site-packages/airflow/example_dags/example_latest_only_with_trigger.py
[2026-03-30T06:12:05.366+0000] {processor.py:840} INFO - DAG(s) 'latest_only_with_trigger' retrieved from /home/airflow/.local/lib/python3.12/site-packages/airflow/example_dags/example_latest_only_with_trigger.py
[2026-03-30T06:12:05.642+0000] {logging_mixin.py:188} INFO - [2026-03-30T06:12:05.641+0000] {dag.py:3089} INFO - Sync 1 DAGs
[2026-03-30T06:12:05.710+0000] {logging_mixin.py:188} INFO - [2026-03-30T06:12:05.709+0000] {dag.py:3947} INFO - Setting next_dagrun for latest_only_with_trigger to 2026-03-30 00:00:00+00:00, run_after=2026-03-30 04:00:00+00:00
[2026-03-30T06:12:05.776+0000] {processor.py:183} INFO - Processing /home/airflow/.local/lib/python3.12/site-packages/airflow/example_dags/example_latest_only_with_trigger.py took 0.451 seconds
