[2026-03-30T05:35:58.057+0000] {processor.py:161} INFO - Started process (PID=103) to work on /home/airflow/.local/lib/python3.12/site-packages/airflow/example_dags/example_branch_datetime_operator.py
[2026-03-30T05:35:58.070+0000] {processor.py:830} INFO - Processing file /home/airflow/.local/lib/python3.12/site-packages/airflow/example_dags/example_branch_datetime_operator.py for tasks to queue
[2026-03-30T05:35:58.084+0000] {logging_mixin.py:188} INFO - [2026-03-30T05:35:58.082+0000] {dagbag.py:545} INFO - Filling up the DagBag from /home/airflow/.local/lib/python3.12/site-packages/airflow/example_dags/example_branch_datetime_operator.py
[2026-03-30T05:35:58.441+0000] {processor.py:840} INFO - DAG(s) 'example_branch_datetime_operator', 'example_branch_datetime_operator_2', 'example_branch_datetime_operator_3' retrieved from /home/airflow/.local/lib/python3.12/site-packages/airflow/example_dags/example_branch_datetime_operator.py
[2026-03-30T05:36:01.550+0000] {logging_mixin.py:188} INFO - [2026-03-30T05:36:01.549+0000] {dag.py:3089} INFO - Sync 3 DAGs
[2026-03-30T05:36:01.963+0000] {logging_mixin.py:188} INFO - [2026-03-30T05:36:01.960+0000] {dag.py:3947} INFO - Setting next_dagrun for example_branch_datetime_operator to 2026-03-29 00:00:00+00:00, run_after=2026-03-30 00:00:00+00:00
[2026-03-30T05:36:01.992+0000] {logging_mixin.py:188} INFO - [2026-03-30T05:36:01.991+0000] {dag.py:3947} INFO - Setting next_dagrun for example_branch_datetime_operator_2 to 2026-03-29 00:00:00+00:00, run_after=2026-03-30 00:00:00+00:00
[2026-03-30T05:36:02.026+0000] {logging_mixin.py:188} INFO - [2026-03-30T05:36:02.026+0000] {dag.py:3947} INFO - Setting next_dagrun for example_branch_datetime_operator_3 to 2026-03-29 00:00:00+00:00, run_after=2026-03-30 00:00:00+00:00
[2026-03-30T05:36:02.281+0000] {processor.py:183} INFO - Processing /home/airflow/.local/lib/python3.12/site-packages/airflow/example_dags/example_branch_datetime_operator.py took 4.272 seconds
[2026-03-30T05:37:29.793+0000] {processor.py:161} INFO - Started process (PID=167) to work on /home/airflow/.local/lib/python3.12/site-packages/airflow/example_dags/example_branch_datetime_operator.py
[2026-03-30T05:37:29.797+0000] {processor.py:830} INFO - Processing file /home/airflow/.local/lib/python3.12/site-packages/airflow/example_dags/example_branch_datetime_operator.py for tasks to queue
[2026-03-30T05:37:29.825+0000] {logging_mixin.py:188} INFO - [2026-03-30T05:37:29.811+0000] {dagbag.py:545} INFO - Filling up the DagBag from /home/airflow/.local/lib/python3.12/site-packages/airflow/example_dags/example_branch_datetime_operator.py
[2026-03-30T05:37:29.899+0000] {processor.py:840} INFO - DAG(s) 'example_branch_datetime_operator', 'example_branch_datetime_operator_3', 'example_branch_datetime_operator_2' retrieved from /home/airflow/.local/lib/python3.12/site-packages/airflow/example_dags/example_branch_datetime_operator.py
[2026-03-30T05:37:30.078+0000] {logging_mixin.py:188} INFO - [2026-03-30T05:37:30.074+0000] {dag.py:3089} INFO - Sync 3 DAGs
[2026-03-30T05:37:30.266+0000] {logging_mixin.py:188} INFO - [2026-03-30T05:37:30.262+0000] {dag.py:3947} INFO - Setting next_dagrun for example_branch_datetime_operator to 2026-03-29 00:00:00+00:00, run_after=2026-03-30 00:00:00+00:00
[2026-03-30T05:37:30.361+0000] {logging_mixin.py:188} INFO - [2026-03-30T05:37:30.360+0000] {dag.py:3947} INFO - Setting next_dagrun for example_branch_datetime_operator_2 to 2026-03-29 00:00:00+00:00, run_after=2026-03-30 00:00:00+00:00
[2026-03-30T05:37:30.394+0000] {logging_mixin.py:188} INFO - [2026-03-30T05:37:30.389+0000] {dag.py:3947} INFO - Setting next_dagrun for example_branch_datetime_operator_3 to 2026-03-29 00:00:00+00:00, run_after=2026-03-30 00:00:00+00:00
[2026-03-30T05:37:31.144+0000] {processor.py:183} INFO - Processing /home/airflow/.local/lib/python3.12/site-packages/airflow/example_dags/example_branch_datetime_operator.py took 1.368 seconds
[2026-03-30T05:38:06.008+0000] {processor.py:161} INFO - Started process (PID=231) to work on /home/airflow/.local/lib/python3.12/site-packages/airflow/example_dags/example_branch_datetime_operator.py
[2026-03-30T05:38:06.018+0000] {processor.py:830} INFO - Processing file /home/airflow/.local/lib/python3.12/site-packages/airflow/example_dags/example_branch_datetime_operator.py for tasks to queue
[2026-03-30T05:38:06.030+0000] {logging_mixin.py:188} INFO - [2026-03-30T05:38:06.028+0000] {dagbag.py:545} INFO - Filling up the DagBag from /home/airflow/.local/lib/python3.12/site-packages/airflow/example_dags/example_branch_datetime_operator.py
[2026-03-30T05:38:06.061+0000] {processor.py:840} INFO - DAG(s) 'example_branch_datetime_operator_3', 'example_branch_datetime_operator', 'example_branch_datetime_operator_2' retrieved from /home/airflow/.local/lib/python3.12/site-packages/airflow/example_dags/example_branch_datetime_operator.py
[2026-03-30T05:38:06.221+0000] {logging_mixin.py:188} INFO - [2026-03-30T05:38:06.221+0000] {dag.py:3089} INFO - Sync 3 DAGs
[2026-03-30T05:38:06.289+0000] {logging_mixin.py:188} INFO - [2026-03-30T05:38:06.289+0000] {dag.py:3947} INFO - Setting next_dagrun for example_branch_datetime_operator to 2026-03-29 00:00:00+00:00, run_after=2026-03-30 00:00:00+00:00
[2026-03-30T05:38:06.307+0000] {logging_mixin.py:188} INFO - [2026-03-30T05:38:06.306+0000] {dag.py:3947} INFO - Setting next_dagrun for example_branch_datetime_operator_2 to 2026-03-29 00:00:00+00:00, run_after=2026-03-30 00:00:00+00:00
[2026-03-30T05:38:06.324+0000] {logging_mixin.py:188} INFO - [2026-03-30T05:38:06.323+0000] {dag.py:3947} INFO - Setting next_dagrun for example_branch_datetime_operator_3 to 2026-03-29 00:00:00+00:00, run_after=2026-03-30 00:00:00+00:00
[2026-03-30T05:38:06.579+0000] {processor.py:183} INFO - Processing /home/airflow/.local/lib/python3.12/site-packages/airflow/example_dags/example_branch_datetime_operator.py took 0.611 seconds
[2026-03-30T05:38:38.696+0000] {processor.py:161} INFO - Started process (PID=286) to work on /home/airflow/.local/lib/python3.12/site-packages/airflow/example_dags/example_branch_datetime_operator.py
[2026-03-30T05:38:38.700+0000] {processor.py:830} INFO - Processing file /home/airflow/.local/lib/python3.12/site-packages/airflow/example_dags/example_branch_datetime_operator.py for tasks to queue
[2026-03-30T05:38:38.765+0000] {logging_mixin.py:188} INFO - [2026-03-30T05:38:38.764+0000] {dagbag.py:545} INFO - Filling up the DagBag from /home/airflow/.local/lib/python3.12/site-packages/airflow/example_dags/example_branch_datetime_operator.py
[2026-03-30T05:38:38.824+0000] {processor.py:840} INFO - DAG(s) 'example_branch_datetime_operator_3', 'example_branch_datetime_operator_2', 'example_branch_datetime_operator' retrieved from /home/airflow/.local/lib/python3.12/site-packages/airflow/example_dags/example_branch_datetime_operator.py
[2026-03-30T05:38:39.082+0000] {logging_mixin.py:188} INFO - [2026-03-30T05:38:39.080+0000] {dag.py:3089} INFO - Sync 3 DAGs
[2026-03-30T05:38:39.246+0000] {logging_mixin.py:188} INFO - [2026-03-30T05:38:39.246+0000] {dag.py:3947} INFO - Setting next_dagrun for example_branch_datetime_operator to 2026-03-29 00:00:00+00:00, run_after=2026-03-30 00:00:00+00:00
[2026-03-30T05:38:39.289+0000] {logging_mixin.py:188} INFO - [2026-03-30T05:38:39.289+0000] {dag.py:3947} INFO - Setting next_dagrun for example_branch_datetime_operator_2 to 2026-03-29 00:00:00+00:00, run_after=2026-03-30 00:00:00+00:00
[2026-03-30T05:38:39.294+0000] {logging_mixin.py:188} INFO - [2026-03-30T05:38:39.294+0000] {dag.py:3947} INFO - Setting next_dagrun for example_branch_datetime_operator_3 to 2026-03-29 00:00:00+00:00, run_after=2026-03-30 00:00:00+00:00
[2026-03-30T05:38:39.458+0000] {processor.py:183} INFO - Processing /home/airflow/.local/lib/python3.12/site-packages/airflow/example_dags/example_branch_datetime_operator.py took 0.806 seconds
[2026-03-30T05:43:21.762+0000] {processor.py:161} INFO - Started process (PID=392) to work on /home/airflow/.local/lib/python3.12/site-packages/airflow/example_dags/example_branch_datetime_operator.py
[2026-03-30T05:43:21.793+0000] {processor.py:830} INFO - Processing file /home/airflow/.local/lib/python3.12/site-packages/airflow/example_dags/example_branch_datetime_operator.py for tasks to queue
[2026-03-30T05:43:22.170+0000] {logging_mixin.py:188} INFO - [2026-03-30T05:43:22.164+0000] {dagbag.py:545} INFO - Filling up the DagBag from /home/airflow/.local/lib/python3.12/site-packages/airflow/example_dags/example_branch_datetime_operator.py
[2026-03-30T05:43:24.347+0000] {processor.py:840} INFO - DAG(s) 'example_branch_datetime_operator', 'example_branch_datetime_operator_2', 'example_branch_datetime_operator_3' retrieved from /home/airflow/.local/lib/python3.12/site-packages/airflow/example_dags/example_branch_datetime_operator.py
[2026-03-30T05:43:26.986+0000] {logging_mixin.py:188} INFO - [2026-03-30T05:43:26.985+0000] {dag.py:3089} INFO - Sync 3 DAGs
[2026-03-30T05:43:31.418+0000] {logging_mixin.py:188} INFO - [2026-03-30T05:43:31.392+0000] {dag.py:3947} INFO - Setting next_dagrun for example_branch_datetime_operator to 2026-03-29 00:00:00+00:00, run_after=2026-03-30 00:00:00+00:00
[2026-03-30T05:43:31.681+0000] {logging_mixin.py:188} INFO - [2026-03-30T05:43:31.680+0000] {dag.py:3947} INFO - Setting next_dagrun for example_branch_datetime_operator_2 to 2026-03-29 00:00:00+00:00, run_after=2026-03-30 00:00:00+00:00
[2026-03-30T05:43:31.693+0000] {logging_mixin.py:188} INFO - [2026-03-30T05:43:31.692+0000] {dag.py:3947} INFO - Setting next_dagrun for example_branch_datetime_operator_3 to 2026-03-29 00:00:00+00:00, run_after=2026-03-30 00:00:00+00:00
[2026-03-30T05:43:32.284+0000] {processor.py:183} INFO - Processing /home/airflow/.local/lib/python3.12/site-packages/airflow/example_dags/example_branch_datetime_operator.py took 10.896 seconds
[2026-03-30T05:49:53.238+0000] {processor.py:161} INFO - Started process (PID=502) to work on /home/airflow/.local/lib/python3.12/site-packages/airflow/example_dags/example_branch_datetime_operator.py
[2026-03-30T05:49:53.263+0000] {processor.py:830} INFO - Processing file /home/airflow/.local/lib/python3.12/site-packages/airflow/example_dags/example_branch_datetime_operator.py for tasks to queue
[2026-03-30T05:49:53.564+0000] {logging_mixin.py:188} INFO - [2026-03-30T05:49:53.560+0000] {dagbag.py:545} INFO - Filling up the DagBag from /home/airflow/.local/lib/python3.12/site-packages/airflow/example_dags/example_branch_datetime_operator.py
[2026-03-30T05:49:55.697+0000] {processor.py:840} INFO - DAG(s) 'example_branch_datetime_operator_2', 'example_branch_datetime_operator_3', 'example_branch_datetime_operator' retrieved from /home/airflow/.local/lib/python3.12/site-packages/airflow/example_dags/example_branch_datetime_operator.py
[2026-03-30T05:50:03.833+0000] {logging_mixin.py:188} INFO - [2026-03-30T05:50:03.758+0000] {dag.py:3089} INFO - Sync 3 DAGs
[2026-03-30T05:50:08.908+0000] {logging_mixin.py:188} INFO - [2026-03-30T05:50:08.864+0000] {dag.py:3947} INFO - Setting next_dagrun for example_branch_datetime_operator to 2026-03-29 00:00:00+00:00, run_after=2026-03-30 00:00:00+00:00
[2026-03-30T05:50:09.480+0000] {logging_mixin.py:188} INFO - [2026-03-30T05:50:09.479+0000] {dag.py:3947} INFO - Setting next_dagrun for example_branch_datetime_operator_2 to 2026-03-29 00:00:00+00:00, run_after=2026-03-30 00:00:00+00:00
[2026-03-30T05:50:09.490+0000] {logging_mixin.py:188} INFO - [2026-03-30T05:50:09.490+0000] {dag.py:3947} INFO - Setting next_dagrun for example_branch_datetime_operator_3 to 2026-03-29 00:00:00+00:00, run_after=2026-03-30 00:00:00+00:00
[2026-03-30T05:50:12.090+0000] {processor.py:183} INFO - Processing /home/airflow/.local/lib/python3.12/site-packages/airflow/example_dags/example_branch_datetime_operator.py took 20.336 seconds
[2026-03-30T06:03:01.310+0000] {processor.py:161} INFO - Started process (PID=630) to work on /home/airflow/.local/lib/python3.12/site-packages/airflow/example_dags/example_branch_datetime_operator.py
[2026-03-30T06:03:01.429+0000] {processor.py:830} INFO - Processing file /home/airflow/.local/lib/python3.12/site-packages/airflow/example_dags/example_branch_datetime_operator.py for tasks to queue
[2026-03-30T06:03:01.603+0000] {logging_mixin.py:188} INFO - [2026-03-30T06:03:01.549+0000] {dagbag.py:545} INFO - Filling up the DagBag from /home/airflow/.local/lib/python3.12/site-packages/airflow/example_dags/example_branch_datetime_operator.py
[2026-03-30T06:03:05.045+0000] {processor.py:840} INFO - DAG(s) 'example_branch_datetime_operator_2', 'example_branch_datetime_operator_3', 'example_branch_datetime_operator' retrieved from /home/airflow/.local/lib/python3.12/site-packages/airflow/example_dags/example_branch_datetime_operator.py
[2026-03-30T06:08:19.380+0000] {processor.py:161} INFO - Started process (PID=733) to work on /home/airflow/.local/lib/python3.12/site-packages/airflow/example_dags/example_branch_datetime_operator.py
[2026-03-30T06:08:19.614+0000] {processor.py:830} INFO - Processing file /home/airflow/.local/lib/python3.12/site-packages/airflow/example_dags/example_branch_datetime_operator.py for tasks to queue
[2026-03-30T06:08:19.836+0000] {logging_mixin.py:188} INFO - [2026-03-30T06:08:19.755+0000] {dagbag.py:545} INFO - Filling up the DagBag from /home/airflow/.local/lib/python3.12/site-packages/airflow/example_dags/example_branch_datetime_operator.py
[2026-03-30T06:08:22.235+0000] {processor.py:840} INFO - DAG(s) 'example_branch_datetime_operator_2', 'example_branch_datetime_operator', 'example_branch_datetime_operator_3' retrieved from /home/airflow/.local/lib/python3.12/site-packages/airflow/example_dags/example_branch_datetime_operator.py
[2026-03-30T06:08:31.195+0000] {logging_mixin.py:188} INFO - [2026-03-30T06:08:31.161+0000] {dag.py:3089} INFO - Sync 3 DAGs
[2026-03-30T06:08:32.580+0000] {logging_mixin.py:188} INFO - [2026-03-30T06:08:32.494+0000] {dag.py:3947} INFO - Setting next_dagrun for example_branch_datetime_operator to 2026-03-29 00:00:00+00:00, run_after=2026-03-30 00:00:00+00:00
[2026-03-30T06:08:33.379+0000] {logging_mixin.py:188} INFO - [2026-03-30T06:08:33.350+0000] {dag.py:3947} INFO - Setting next_dagrun for example_branch_datetime_operator_2 to 2026-03-29 00:00:00+00:00, run_after=2026-03-30 00:00:00+00:00
[2026-03-30T06:08:33.483+0000] {logging_mixin.py:188} INFO - [2026-03-30T06:08:33.479+0000] {dag.py:3947} INFO - Setting next_dagrun for example_branch_datetime_operator_3 to 2026-03-29 00:00:00+00:00, run_after=2026-03-30 00:00:00+00:00
[2026-03-30T06:08:34.871+0000] {processor.py:183} INFO - Processing /home/airflow/.local/lib/python3.12/site-packages/airflow/example_dags/example_branch_datetime_operator.py took 15.910 seconds
[2026-03-30T06:12:03.435+0000] {processor.py:161} INFO - Started process (PID=86) to work on /home/airflow/.local/lib/python3.12/site-packages/airflow/example_dags/example_branch_datetime_operator.py
[2026-03-30T06:12:03.462+0000] {processor.py:830} INFO - Processing file /home/airflow/.local/lib/python3.12/site-packages/airflow/example_dags/example_branch_datetime_operator.py for tasks to queue
[2026-03-30T06:12:03.509+0000] {logging_mixin.py:188} INFO - [2026-03-30T06:12:03.501+0000] {dagbag.py:545} INFO - Filling up the DagBag from /home/airflow/.local/lib/python3.12/site-packages/airflow/example_dags/example_branch_datetime_operator.py
[2026-03-30T06:12:03.736+0000] {processor.py:840} INFO - DAG(s) 'example_branch_datetime_operator_2', 'example_branch_datetime_operator', 'example_branch_datetime_operator_3' retrieved from /home/airflow/.local/lib/python3.12/site-packages/airflow/example_dags/example_branch_datetime_operator.py
[2026-03-30T06:12:04.037+0000] {logging_mixin.py:188} INFO - [2026-03-30T06:12:04.035+0000] {dag.py:3089} INFO - Sync 3 DAGs
[2026-03-30T06:12:04.158+0000] {logging_mixin.py:188} INFO - [2026-03-30T06:12:04.157+0000] {dag.py:3947} INFO - Setting next_dagrun for example_branch_datetime_operator to 2026-03-29 00:00:00+00:00, run_after=2026-03-30 00:00:00+00:00
[2026-03-30T06:12:04.178+0000] {logging_mixin.py:188} INFO - [2026-03-30T06:12:04.177+0000] {dag.py:3947} INFO - Setting next_dagrun for example_branch_datetime_operator_2 to 2026-03-29 00:00:00+00:00, run_after=2026-03-30 00:00:00+00:00
[2026-03-30T06:12:04.184+0000] {logging_mixin.py:188} INFO - [2026-03-30T06:12:04.183+0000] {dag.py:3947} INFO - Setting next_dagrun for example_branch_datetime_operator_3 to 2026-03-29 00:00:00+00:00, run_after=2026-03-30 00:00:00+00:00
[2026-03-30T06:12:04.229+0000] {processor.py:183} INFO - Processing /home/airflow/.local/lib/python3.12/site-packages/airflow/example_dags/example_branch_datetime_operator.py took 0.914 seconds
