[2026-03-30T05:35:37.174+0000] {processor.py:161} INFO - Started process (PID=88) to work on /home/airflow/.local/lib/python3.12/site-packages/airflow/example_dags/example_display_name.py
[2026-03-30T05:35:37.192+0000] {processor.py:830} INFO - Processing file /home/airflow/.local/lib/python3.12/site-packages/airflow/example_dags/example_display_name.py for tasks to queue
[2026-03-30T05:35:37.230+0000] {logging_mixin.py:188} INFO - [2026-03-30T05:35:37.228+0000] {dagbag.py:545} INFO - Filling up the DagBag from /home/airflow/.local/lib/python3.12/site-packages/airflow/example_dags/example_display_name.py
[2026-03-30T05:35:37.484+0000] {processor.py:840} INFO - DAG(s) 'example_display_name' retrieved from /home/airflow/.local/lib/python3.12/site-packages/airflow/example_dags/example_display_name.py
[2026-03-30T05:35:38.430+0000] {logging_mixin.py:188} INFO - [2026-03-30T05:35:38.430+0000] {dag.py:3089} INFO - Sync 1 DAGs
[2026-03-30T05:35:38.482+0000] {logging_mixin.py:188} INFO - [2026-03-30T05:35:38.480+0000] {dag.py:3947} INFO - Setting next_dagrun for example_display_name to None, run_after=None
[2026-03-30T05:35:38.697+0000] {processor.py:183} INFO - Processing /home/airflow/.local/lib/python3.12/site-packages/airflow/example_dags/example_display_name.py took 1.605 seconds
[2026-03-30T05:37:23.173+0000] {processor.py:161} INFO - Started process (PID=157) to work on /home/airflow/.local/lib/python3.12/site-packages/airflow/example_dags/example_display_name.py
[2026-03-30T05:37:23.198+0000] {processor.py:830} INFO - Processing file /home/airflow/.local/lib/python3.12/site-packages/airflow/example_dags/example_display_name.py for tasks to queue
[2026-03-30T05:37:23.286+0000] {logging_mixin.py:188} INFO - [2026-03-30T05:37:23.285+0000] {dagbag.py:545} INFO - Filling up the DagBag from /home/airflow/.local/lib/python3.12/site-packages/airflow/example_dags/example_display_name.py
[2026-03-30T05:37:23.602+0000] {processor.py:840} INFO - DAG(s) 'example_display_name' retrieved from /home/airflow/.local/lib/python3.12/site-packages/airflow/example_dags/example_display_name.py
[2026-03-30T05:37:24.145+0000] {logging_mixin.py:188} INFO - [2026-03-30T05:37:24.144+0000] {dag.py:3089} INFO - Sync 1 DAGs
[2026-03-30T05:37:24.254+0000] {logging_mixin.py:188} INFO - [2026-03-30T05:37:24.254+0000] {dag.py:3947} INFO - Setting next_dagrun for example_display_name to None, run_after=None
[2026-03-30T05:37:24.352+0000] {processor.py:183} INFO - Processing /home/airflow/.local/lib/python3.12/site-packages/airflow/example_dags/example_display_name.py took 1.352 seconds
[2026-03-30T05:37:54.654+0000] {processor.py:161} INFO - Started process (PID=213) to work on /home/airflow/.local/lib/python3.12/site-packages/airflow/example_dags/example_display_name.py
[2026-03-30T05:37:54.670+0000] {processor.py:830} INFO - Processing file /home/airflow/.local/lib/python3.12/site-packages/airflow/example_dags/example_display_name.py for tasks to queue
[2026-03-30T05:37:54.684+0000] {logging_mixin.py:188} INFO - [2026-03-30T05:37:54.683+0000] {dagbag.py:545} INFO - Filling up the DagBag from /home/airflow/.local/lib/python3.12/site-packages/airflow/example_dags/example_display_name.py
[2026-03-30T05:37:54.719+0000] {processor.py:840} INFO - DAG(s) 'example_display_name' retrieved from /home/airflow/.local/lib/python3.12/site-packages/airflow/example_dags/example_display_name.py
[2026-03-30T05:37:54.987+0000] {logging_mixin.py:188} INFO - [2026-03-30T05:37:54.984+0000] {dag.py:3089} INFO - Sync 1 DAGs
[2026-03-30T05:37:55.506+0000] {logging_mixin.py:188} INFO - [2026-03-30T05:37:55.505+0000] {dag.py:3947} INFO - Setting next_dagrun for example_display_name to None, run_after=None
[2026-03-30T05:37:56.702+0000] {processor.py:183} INFO - Processing /home/airflow/.local/lib/python3.12/site-packages/airflow/example_dags/example_display_name.py took 2.117 seconds
[2026-03-30T05:38:27.222+0000] {processor.py:161} INFO - Started process (PID=271) to work on /home/airflow/.local/lib/python3.12/site-packages/airflow/example_dags/example_display_name.py
[2026-03-30T05:38:27.229+0000] {processor.py:830} INFO - Processing file /home/airflow/.local/lib/python3.12/site-packages/airflow/example_dags/example_display_name.py for tasks to queue
[2026-03-30T05:38:27.233+0000] {logging_mixin.py:188} INFO - [2026-03-30T05:38:27.232+0000] {dagbag.py:545} INFO - Filling up the DagBag from /home/airflow/.local/lib/python3.12/site-packages/airflow/example_dags/example_display_name.py
[2026-03-30T05:38:27.251+0000] {processor.py:840} INFO - DAG(s) 'example_display_name' retrieved from /home/airflow/.local/lib/python3.12/site-packages/airflow/example_dags/example_display_name.py
[2026-03-30T05:38:27.303+0000] {logging_mixin.py:188} INFO - [2026-03-30T05:38:27.303+0000] {dag.py:3089} INFO - Sync 1 DAGs
[2026-03-30T05:38:27.336+0000] {logging_mixin.py:188} INFO - [2026-03-30T05:38:27.336+0000] {dag.py:3947} INFO - Setting next_dagrun for example_display_name to None, run_after=None
[2026-03-30T05:38:27.377+0000] {processor.py:183} INFO - Processing /home/airflow/.local/lib/python3.12/site-packages/airflow/example_dags/example_display_name.py took 0.190 seconds
[2026-03-30T05:39:41.243+0000] {processor.py:161} INFO - Started process (PID=315) to work on /home/airflow/.local/lib/python3.12/site-packages/airflow/example_dags/example_display_name.py
[2026-03-30T05:39:41.414+0000] {processor.py:830} INFO - Processing file /home/airflow/.local/lib/python3.12/site-packages/airflow/example_dags/example_display_name.py for tasks to queue
[2026-03-30T05:39:41.844+0000] {logging_mixin.py:188} INFO - [2026-03-30T05:39:41.827+0000] {dagbag.py:545} INFO - Filling up the DagBag from /home/airflow/.local/lib/python3.12/site-packages/airflow/example_dags/example_display_name.py
[2026-03-30T05:39:42.424+0000] {processor.py:840} INFO - DAG(s) 'example_display_name' retrieved from /home/airflow/.local/lib/python3.12/site-packages/airflow/example_dags/example_display_name.py
[2026-03-30T05:39:43.843+0000] {logging_mixin.py:188} INFO - [2026-03-30T05:39:43.833+0000] {dag.py:3089} INFO - Sync 1 DAGs
[2026-03-30T05:39:43.935+0000] {logging_mixin.py:188} INFO - [2026-03-30T05:39:43.934+0000] {dag.py:3947} INFO - Setting next_dagrun for example_display_name to None, run_after=None
[2026-03-30T05:39:44.059+0000] {processor.py:183} INFO - Processing /home/airflow/.local/lib/python3.12/site-packages/airflow/example_dags/example_display_name.py took 3.404 seconds
[2026-03-30T05:42:27.075+0000] {processor.py:161} INFO - Started process (PID=377) to work on /home/airflow/.local/lib/python3.12/site-packages/airflow/example_dags/example_display_name.py
[2026-03-30T05:42:27.096+0000] {processor.py:830} INFO - Processing file /home/airflow/.local/lib/python3.12/site-packages/airflow/example_dags/example_display_name.py for tasks to queue
[2026-03-30T05:42:27.147+0000] {logging_mixin.py:188} INFO - [2026-03-30T05:42:27.145+0000] {dagbag.py:545} INFO - Filling up the DagBag from /home/airflow/.local/lib/python3.12/site-packages/airflow/example_dags/example_display_name.py
[2026-03-30T05:42:28.680+0000] {processor.py:840} INFO - DAG(s) 'example_display_name' retrieved from /home/airflow/.local/lib/python3.12/site-packages/airflow/example_dags/example_display_name.py
[2026-03-30T05:42:31.967+0000] {logging_mixin.py:188} INFO - [2026-03-30T05:42:31.966+0000] {dag.py:3089} INFO - Sync 1 DAGs
[2026-03-30T05:42:32.895+0000] {logging_mixin.py:188} INFO - [2026-03-30T05:42:32.894+0000] {dag.py:3947} INFO - Setting next_dagrun for example_display_name to None, run_after=None
[2026-03-30T05:42:33.502+0000] {processor.py:183} INFO - Processing /home/airflow/.local/lib/python3.12/site-packages/airflow/example_dags/example_display_name.py took 6.548 seconds
[2026-03-30T05:48:23.743+0000] {processor.py:161} INFO - Started process (PID=475) to work on /home/airflow/.local/lib/python3.12/site-packages/airflow/example_dags/example_display_name.py
[2026-03-30T05:48:23.894+0000] {processor.py:830} INFO - Processing file /home/airflow/.local/lib/python3.12/site-packages/airflow/example_dags/example_display_name.py for tasks to queue
[2026-03-30T05:48:23.937+0000] {logging_mixin.py:188} INFO - [2026-03-30T05:48:23.927+0000] {dagbag.py:545} INFO - Filling up the DagBag from /home/airflow/.local/lib/python3.12/site-packages/airflow/example_dags/example_display_name.py
[2026-03-30T05:48:24.678+0000] {processor.py:840} INFO - DAG(s) 'example_display_name' retrieved from /home/airflow/.local/lib/python3.12/site-packages/airflow/example_dags/example_display_name.py
[2026-03-30T05:48:28.619+0000] {logging_mixin.py:188} INFO - [2026-03-30T05:48:28.339+0000] {dag.py:3089} INFO - Sync 1 DAGs
[2026-03-30T05:48:31.649+0000] {logging_mixin.py:188} INFO - [2026-03-30T05:48:31.545+0000] {dag.py:3947} INFO - Setting next_dagrun for example_display_name to None, run_after=None
[2026-03-30T05:48:35.593+0000] {processor.py:183} INFO - Processing /home/airflow/.local/lib/python3.12/site-packages/airflow/example_dags/example_display_name.py took 11.660 seconds
[2026-03-30T06:00:03.307+0000] {processor.py:161} INFO - Started process (PID=602) to work on /home/airflow/.local/lib/python3.12/site-packages/airflow/example_dags/example_display_name.py
[2026-03-30T06:00:04.063+0000] {processor.py:830} INFO - Processing file /home/airflow/.local/lib/python3.12/site-packages/airflow/example_dags/example_display_name.py for tasks to queue
[2026-03-30T06:00:04.485+0000] {logging_mixin.py:188} INFO - [2026-03-30T06:00:04.336+0000] {dagbag.py:545} INFO - Filling up the DagBag from /home/airflow/.local/lib/python3.12/site-packages/airflow/example_dags/example_display_name.py
[2026-03-30T06:00:08.222+0000] {processor.py:840} INFO - DAG(s) 'example_display_name' retrieved from /home/airflow/.local/lib/python3.12/site-packages/airflow/example_dags/example_display_name.py
[2026-03-30T06:00:46.456+0000] {logging_mixin.py:188} INFO - [2026-03-30T06:00:46.231+0000] {dag.py:3089} INFO - Sync 1 DAGs
[2026-03-30T06:07:17.869+0000] {processor.py:161} INFO - Started process (PID=709) to work on /home/airflow/.local/lib/python3.12/site-packages/airflow/example_dags/example_display_name.py
[2026-03-30T06:07:19.240+0000] {processor.py:830} INFO - Processing file /home/airflow/.local/lib/python3.12/site-packages/airflow/example_dags/example_display_name.py for tasks to queue
[2026-03-30T06:07:19.523+0000] {logging_mixin.py:188} INFO - [2026-03-30T06:07:19.496+0000] {dagbag.py:545} INFO - Filling up the DagBag from /home/airflow/.local/lib/python3.12/site-packages/airflow/example_dags/example_display_name.py
[2026-03-30T06:07:20.094+0000] {processor.py:840} INFO - DAG(s) 'example_display_name' retrieved from /home/airflow/.local/lib/python3.12/site-packages/airflow/example_dags/example_display_name.py
[2026-03-30T06:07:26.358+0000] {logging_mixin.py:188} INFO - [2026-03-30T06:07:26.322+0000] {dag.py:3089} INFO - Sync 1 DAGs
[2026-03-30T06:07:27.194+0000] {logging_mixin.py:188} INFO - [2026-03-30T06:07:27.158+0000] {dag.py:3947} INFO - Setting next_dagrun for example_display_name to None, run_after=None
[2026-03-30T06:07:29.372+0000] {processor.py:183} INFO - Processing /home/airflow/.local/lib/python3.12/site-packages/airflow/example_dags/example_display_name.py took 11.646 seconds
[2026-03-30T06:11:58.754+0000] {processor.py:161} INFO - Started process (PID=76) to work on /home/airflow/.local/lib/python3.12/site-packages/airflow/example_dags/example_display_name.py
[2026-03-30T06:11:58.762+0000] {processor.py:830} INFO - Processing file /home/airflow/.local/lib/python3.12/site-packages/airflow/example_dags/example_display_name.py for tasks to queue
[2026-03-30T06:11:58.785+0000] {logging_mixin.py:188} INFO - [2026-03-30T06:11:58.784+0000] {dagbag.py:545} INFO - Filling up the DagBag from /home/airflow/.local/lib/python3.12/site-packages/airflow/example_dags/example_display_name.py
[2026-03-30T06:11:58.844+0000] {processor.py:840} INFO - DAG(s) 'example_display_name' retrieved from /home/airflow/.local/lib/python3.12/site-packages/airflow/example_dags/example_display_name.py
[2026-03-30T06:11:59.365+0000] {logging_mixin.py:188} INFO - [2026-03-30T06:11:59.361+0000] {dag.py:3089} INFO - Sync 1 DAGs
[2026-03-30T06:11:59.428+0000] {logging_mixin.py:188} INFO - [2026-03-30T06:11:59.428+0000] {dag.py:3947} INFO - Setting next_dagrun for example_display_name to None, run_after=None
[2026-03-30T06:11:59.481+0000] {processor.py:183} INFO - Processing /home/airflow/.local/lib/python3.12/site-packages/airflow/example_dags/example_display_name.py took 0.752 seconds
