[2026-03-30T05:36:19.950+0000] {processor.py:161} INFO - Started process (PID=111) to work on /home/airflow/.local/lib/python3.12/site-packages/airflow/example_dags/example_params_trigger_ui.py
[2026-03-30T05:36:19.961+0000] {processor.py:830} INFO - Processing file /home/airflow/.local/lib/python3.12/site-packages/airflow/example_dags/example_params_trigger_ui.py for tasks to queue
[2026-03-30T05:36:20.042+0000] {logging_mixin.py:188} INFO - [2026-03-30T05:36:20.026+0000] {dagbag.py:545} INFO - Filling up the DagBag from /home/airflow/.local/lib/python3.12/site-packages/airflow/example_dags/example_params_trigger_ui.py
[2026-03-30T05:36:20.216+0000] {processor.py:840} INFO - DAG(s) 'example_params_trigger_ui' retrieved from /home/airflow/.local/lib/python3.12/site-packages/airflow/example_dags/example_params_trigger_ui.py
[2026-03-30T05:36:30.437+0000] {logging_mixin.py:188} INFO - [2026-03-30T05:36:30.410+0000] {dag.py:3089} INFO - Sync 1 DAGs
[2026-03-30T05:36:30.909+0000] {logging_mixin.py:188} INFO - [2026-03-30T05:36:30.908+0000] {dag.py:3947} INFO - Setting next_dagrun for example_params_trigger_ui to None, run_after=None
[2026-03-30T05:36:31.930+0000] {processor.py:183} INFO - Processing /home/airflow/.local/lib/python3.12/site-packages/airflow/example_dags/example_params_trigger_ui.py took 12.287 seconds
[2026-03-30T05:37:36.141+0000] {processor.py:161} INFO - Started process (PID=183) to work on /home/airflow/.local/lib/python3.12/site-packages/airflow/example_dags/example_params_trigger_ui.py
[2026-03-30T05:37:36.149+0000] {processor.py:830} INFO - Processing file /home/airflow/.local/lib/python3.12/site-packages/airflow/example_dags/example_params_trigger_ui.py for tasks to queue
[2026-03-30T05:37:36.159+0000] {logging_mixin.py:188} INFO - [2026-03-30T05:37:36.158+0000] {dagbag.py:545} INFO - Filling up the DagBag from /home/airflow/.local/lib/python3.12/site-packages/airflow/example_dags/example_params_trigger_ui.py
[2026-03-30T05:37:36.187+0000] {processor.py:840} INFO - DAG(s) 'example_params_trigger_ui' retrieved from /home/airflow/.local/lib/python3.12/site-packages/airflow/example_dags/example_params_trigger_ui.py
[2026-03-30T05:37:36.318+0000] {logging_mixin.py:188} INFO - [2026-03-30T05:37:36.318+0000] {dag.py:3089} INFO - Sync 1 DAGs
[2026-03-30T05:37:36.365+0000] {logging_mixin.py:188} INFO - [2026-03-30T05:37:36.364+0000] {dag.py:3947} INFO - Setting next_dagrun for example_params_trigger_ui to None, run_after=None
[2026-03-30T05:37:36.430+0000] {processor.py:183} INFO - Processing /home/airflow/.local/lib/python3.12/site-packages/airflow/example_dags/example_params_trigger_ui.py took 0.303 seconds
[2026-03-30T05:38:14.035+0000] {processor.py:161} INFO - Started process (PID=241) to work on /home/airflow/.local/lib/python3.12/site-packages/airflow/example_dags/example_params_trigger_ui.py
[2026-03-30T05:38:14.037+0000] {processor.py:830} INFO - Processing file /home/airflow/.local/lib/python3.12/site-packages/airflow/example_dags/example_params_trigger_ui.py for tasks to queue
[2026-03-30T05:38:14.041+0000] {logging_mixin.py:188} INFO - [2026-03-30T05:38:14.040+0000] {dagbag.py:545} INFO - Filling up the DagBag from /home/airflow/.local/lib/python3.12/site-packages/airflow/example_dags/example_params_trigger_ui.py
[2026-03-30T05:38:14.122+0000] {processor.py:840} INFO - DAG(s) 'example_params_trigger_ui' retrieved from /home/airflow/.local/lib/python3.12/site-packages/airflow/example_dags/example_params_trigger_ui.py
[2026-03-30T05:38:14.475+0000] {logging_mixin.py:188} INFO - [2026-03-30T05:38:14.474+0000] {dag.py:3089} INFO - Sync 1 DAGs
[2026-03-30T05:38:14.517+0000] {logging_mixin.py:188} INFO - [2026-03-30T05:38:14.516+0000] {dag.py:3947} INFO - Setting next_dagrun for example_params_trigger_ui to None, run_after=None
[2026-03-30T05:38:14.669+0000] {processor.py:183} INFO - Processing /home/airflow/.local/lib/python3.12/site-packages/airflow/example_dags/example_params_trigger_ui.py took 0.663 seconds
[2026-03-30T05:38:59.257+0000] {processor.py:161} INFO - Started process (PID=298) to work on /home/airflow/.local/lib/python3.12/site-packages/airflow/example_dags/example_params_trigger_ui.py
[2026-03-30T05:38:59.314+0000] {processor.py:830} INFO - Processing file /home/airflow/.local/lib/python3.12/site-packages/airflow/example_dags/example_params_trigger_ui.py for tasks to queue
[2026-03-30T05:38:59.345+0000] {logging_mixin.py:188} INFO - [2026-03-30T05:38:59.343+0000] {dagbag.py:545} INFO - Filling up the DagBag from /home/airflow/.local/lib/python3.12/site-packages/airflow/example_dags/example_params_trigger_ui.py
[2026-03-30T05:39:00.187+0000] {processor.py:840} INFO - DAG(s) 'example_params_trigger_ui' retrieved from /home/airflow/.local/lib/python3.12/site-packages/airflow/example_dags/example_params_trigger_ui.py
[2026-03-30T05:39:04.570+0000] {logging_mixin.py:188} INFO - [2026-03-30T05:39:04.345+0000] {dag.py:3089} INFO - Sync 1 DAGs
[2026-03-30T05:39:12.558+0000] {logging_mixin.py:188} INFO - [2026-03-30T05:39:12.545+0000] {dag.py:3947} INFO - Setting next_dagrun for example_params_trigger_ui to None, run_after=None
[2026-03-30T05:39:16.580+0000] {processor.py:183} INFO - Processing /home/airflow/.local/lib/python3.12/site-packages/airflow/example_dags/example_params_trigger_ui.py took 17.354 seconds
[2026-03-30T05:44:34.958+0000] {processor.py:161} INFO - Started process (PID=412) to work on /home/airflow/.local/lib/python3.12/site-packages/airflow/example_dags/example_params_trigger_ui.py
[2026-03-30T05:44:35.043+0000] {processor.py:830} INFO - Processing file /home/airflow/.local/lib/python3.12/site-packages/airflow/example_dags/example_params_trigger_ui.py for tasks to queue
[2026-03-30T05:44:35.314+0000] {logging_mixin.py:188} INFO - [2026-03-30T05:44:35.277+0000] {dagbag.py:545} INFO - Filling up the DagBag from /home/airflow/.local/lib/python3.12/site-packages/airflow/example_dags/example_params_trigger_ui.py
[2026-03-30T05:44:36.232+0000] {processor.py:840} INFO - DAG(s) 'example_params_trigger_ui' retrieved from /home/airflow/.local/lib/python3.12/site-packages/airflow/example_dags/example_params_trigger_ui.py
[2026-03-30T05:44:44.974+0000] {logging_mixin.py:188} INFO - [2026-03-30T05:44:44.936+0000] {dag.py:3089} INFO - Sync 1 DAGs
[2026-03-30T05:44:49.011+0000] {logging_mixin.py:188} INFO - [2026-03-30T05:44:48.858+0000] {dag.py:3947} INFO - Setting next_dagrun for example_params_trigger_ui to None, run_after=None
[2026-03-30T05:44:51.798+0000] {processor.py:183} INFO - Processing /home/airflow/.local/lib/python3.12/site-packages/airflow/example_dags/example_params_trigger_ui.py took 17.483 seconds
[2026-03-30T05:51:56.406+0000] {processor.py:161} INFO - Started process (PID=521) to work on /home/airflow/.local/lib/python3.12/site-packages/airflow/example_dags/example_params_trigger_ui.py
[2026-03-30T05:51:56.753+0000] {processor.py:830} INFO - Processing file /home/airflow/.local/lib/python3.12/site-packages/airflow/example_dags/example_params_trigger_ui.py for tasks to queue
[2026-03-30T05:51:57.111+0000] {logging_mixin.py:188} INFO - [2026-03-30T05:51:57.087+0000] {dagbag.py:545} INFO - Filling up the DagBag from /home/airflow/.local/lib/python3.12/site-packages/airflow/example_dags/example_params_trigger_ui.py
[2026-03-30T05:51:58.275+0000] {processor.py:840} INFO - DAG(s) 'example_params_trigger_ui' retrieved from /home/airflow/.local/lib/python3.12/site-packages/airflow/example_dags/example_params_trigger_ui.py
[2026-03-30T05:52:09.435+0000] {logging_mixin.py:188} INFO - [2026-03-30T05:52:08.716+0000] {dag.py:3089} INFO - Sync 1 DAGs
[2026-03-30T05:52:13.437+0000] {logging_mixin.py:188} INFO - [2026-03-30T05:52:13.054+0000] {dag.py:3947} INFO - Setting next_dagrun for example_params_trigger_ui to None, run_after=None
[2026-03-30T05:52:20.199+0000] {processor.py:183} INFO - Processing /home/airflow/.local/lib/python3.12/site-packages/airflow/example_dags/example_params_trigger_ui.py took 27.783 seconds
[2026-03-30T06:04:37.905+0000] {processor.py:161} INFO - Started process (PID=650) to work on /home/airflow/.local/lib/python3.12/site-packages/airflow/example_dags/example_params_trigger_ui.py
[2026-03-30T06:04:37.968+0000] {processor.py:830} INFO - Processing file /home/airflow/.local/lib/python3.12/site-packages/airflow/example_dags/example_params_trigger_ui.py for tasks to queue
[2026-03-30T06:04:38.010+0000] {logging_mixin.py:188} INFO - [2026-03-30T06:04:38.006+0000] {dagbag.py:545} INFO - Filling up the DagBag from /home/airflow/.local/lib/python3.12/site-packages/airflow/example_dags/example_params_trigger_ui.py
[2026-03-30T06:04:39.246+0000] {processor.py:840} INFO - DAG(s) 'example_params_trigger_ui' retrieved from /home/airflow/.local/lib/python3.12/site-packages/airflow/example_dags/example_params_trigger_ui.py
[2026-03-30T06:04:41.456+0000] {logging_mixin.py:188} INFO - [2026-03-30T06:04:41.407+0000] {dag.py:3089} INFO - Sync 1 DAGs
[2026-03-30T06:04:41.797+0000] {logging_mixin.py:188} INFO - [2026-03-30T06:04:41.796+0000] {dag.py:3947} INFO - Setting next_dagrun for example_params_trigger_ui to None, run_after=None
[2026-03-30T06:04:42.286+0000] {processor.py:183} INFO - Processing /home/airflow/.local/lib/python3.12/site-packages/airflow/example_dags/example_params_trigger_ui.py took 4.927 seconds
[2026-03-30T06:12:06.200+0000] {processor.py:161} INFO - Started process (PID=94) to work on /home/airflow/.local/lib/python3.12/site-packages/airflow/example_dags/example_params_trigger_ui.py
[2026-03-30T06:12:06.202+0000] {processor.py:830} INFO - Processing file /home/airflow/.local/lib/python3.12/site-packages/airflow/example_dags/example_params_trigger_ui.py for tasks to queue
[2026-03-30T06:12:06.204+0000] {logging_mixin.py:188} INFO - [2026-03-30T06:12:06.203+0000] {dagbag.py:545} INFO - Filling up the DagBag from /home/airflow/.local/lib/python3.12/site-packages/airflow/example_dags/example_params_trigger_ui.py
[2026-03-30T06:12:06.222+0000] {processor.py:840} INFO - DAG(s) 'example_params_trigger_ui' retrieved from /home/airflow/.local/lib/python3.12/site-packages/airflow/example_dags/example_params_trigger_ui.py
[2026-03-30T06:12:06.412+0000] {logging_mixin.py:188} INFO - [2026-03-30T06:12:06.412+0000] {dag.py:3089} INFO - Sync 1 DAGs
[2026-03-30T06:12:06.431+0000] {logging_mixin.py:188} INFO - [2026-03-30T06:12:06.430+0000] {dag.py:3947} INFO - Setting next_dagrun for example_params_trigger_ui to None, run_after=None
[2026-03-30T06:12:06.461+0000] {processor.py:183} INFO - Processing /home/airflow/.local/lib/python3.12/site-packages/airflow/example_dags/example_params_trigger_ui.py took 0.273 seconds
