[2026-03-30T05:36:42.617+0000] {processor.py:161} INFO - Started process (PID=125) to work on /home/airflow/.local/lib/python3.12/site-packages/airflow/example_dags/example_branch_operator.py
[2026-03-30T05:36:42.627+0000] {processor.py:830} INFO - Processing file /home/airflow/.local/lib/python3.12/site-packages/airflow/example_dags/example_branch_operator.py for tasks to queue
[2026-03-30T05:36:42.672+0000] {logging_mixin.py:188} INFO - [2026-03-30T05:36:42.671+0000] {dagbag.py:545} INFO - Filling up the DagBag from /home/airflow/.local/lib/python3.12/site-packages/airflow/example_dags/example_branch_operator.py
[2026-03-30T05:36:42.756+0000] {processor.py:840} INFO - DAG(s) 'example_branch_operator' retrieved from /home/airflow/.local/lib/python3.12/site-packages/airflow/example_dags/example_branch_operator.py
[2026-03-30T05:36:45.493+0000] {logging_mixin.py:188} INFO - [2026-03-30T05:36:45.437+0000] {dag.py:3089} INFO - Sync 1 DAGs
[2026-03-30T05:36:45.817+0000] {logging_mixin.py:188} INFO - [2026-03-30T05:36:45.814+0000] {dag.py:3947} INFO - Setting next_dagrun for example_branch_operator to 2026-03-29 00:00:00+00:00, run_after=2026-03-30 00:00:00+00:00
[2026-03-30T05:36:46.091+0000] {processor.py:183} INFO - Processing /home/airflow/.local/lib/python3.12/site-packages/airflow/example_dags/example_branch_operator.py took 3.532 seconds
[2026-03-30T05:37:37.939+0000] {processor.py:161} INFO - Started process (PID=191) to work on /home/airflow/.local/lib/python3.12/site-packages/airflow/example_dags/example_branch_operator.py
[2026-03-30T05:37:37.943+0000] {processor.py:830} INFO - Processing file /home/airflow/.local/lib/python3.12/site-packages/airflow/example_dags/example_branch_operator.py for tasks to queue
[2026-03-30T05:37:37.952+0000] {logging_mixin.py:188} INFO - [2026-03-30T05:37:37.949+0000] {dagbag.py:545} INFO - Filling up the DagBag from /home/airflow/.local/lib/python3.12/site-packages/airflow/example_dags/example_branch_operator.py
[2026-03-30T05:37:38.014+0000] {processor.py:840} INFO - DAG(s) 'example_branch_operator' retrieved from /home/airflow/.local/lib/python3.12/site-packages/airflow/example_dags/example_branch_operator.py
[2026-03-30T05:37:38.152+0000] {logging_mixin.py:188} INFO - [2026-03-30T05:37:38.151+0000] {dag.py:3089} INFO - Sync 1 DAGs
[2026-03-30T05:37:38.240+0000] {logging_mixin.py:188} INFO - [2026-03-30T05:37:38.236+0000] {dag.py:3947} INFO - Setting next_dagrun for example_branch_operator to 2026-03-29 00:00:00+00:00, run_after=2026-03-30 00:00:00+00:00
[2026-03-30T05:37:38.325+0000] {processor.py:183} INFO - Processing /home/airflow/.local/lib/python3.12/site-packages/airflow/example_dags/example_branch_operator.py took 0.436 seconds
[2026-03-30T05:38:18.701+0000] {processor.py:161} INFO - Started process (PID=249) to work on /home/airflow/.local/lib/python3.12/site-packages/airflow/example_dags/example_branch_operator.py
[2026-03-30T05:38:18.712+0000] {processor.py:830} INFO - Processing file /home/airflow/.local/lib/python3.12/site-packages/airflow/example_dags/example_branch_operator.py for tasks to queue
[2026-03-30T05:38:18.805+0000] {logging_mixin.py:188} INFO - [2026-03-30T05:38:18.804+0000] {dagbag.py:545} INFO - Filling up the DagBag from /home/airflow/.local/lib/python3.12/site-packages/airflow/example_dags/example_branch_operator.py
[2026-03-30T05:38:19.189+0000] {processor.py:840} INFO - DAG(s) 'example_branch_operator' retrieved from /home/airflow/.local/lib/python3.12/site-packages/airflow/example_dags/example_branch_operator.py
[2026-03-30T05:38:19.355+0000] {logging_mixin.py:188} INFO - [2026-03-30T05:38:19.354+0000] {dag.py:3089} INFO - Sync 1 DAGs
[2026-03-30T05:38:19.463+0000] {logging_mixin.py:188} INFO - [2026-03-30T05:38:19.456+0000] {dag.py:3947} INFO - Setting next_dagrun for example_branch_operator to 2026-03-29 00:00:00+00:00, run_after=2026-03-30 00:00:00+00:00
[2026-03-30T05:38:19.635+0000] {processor.py:183} INFO - Processing /home/airflow/.local/lib/python3.12/site-packages/airflow/example_dags/example_branch_operator.py took 1.007 seconds
[2026-03-30T05:39:56.983+0000] {processor.py:161} INFO - Started process (PID=330) to work on /home/airflow/.local/lib/python3.12/site-packages/airflow/example_dags/example_branch_operator.py
[2026-03-30T05:39:57.033+0000] {processor.py:830} INFO - Processing file /home/airflow/.local/lib/python3.12/site-packages/airflow/example_dags/example_branch_operator.py for tasks to queue
[2026-03-30T05:39:57.072+0000] {logging_mixin.py:188} INFO - [2026-03-30T05:39:57.071+0000] {dagbag.py:545} INFO - Filling up the DagBag from /home/airflow/.local/lib/python3.12/site-packages/airflow/example_dags/example_branch_operator.py
[2026-03-30T05:39:57.274+0000] {processor.py:840} INFO - DAG(s) 'example_branch_operator' retrieved from /home/airflow/.local/lib/python3.12/site-packages/airflow/example_dags/example_branch_operator.py
[2026-03-30T05:39:58.192+0000] {logging_mixin.py:188} INFO - [2026-03-30T05:39:58.191+0000] {dag.py:3089} INFO - Sync 1 DAGs
[2026-03-30T05:39:58.448+0000] {logging_mixin.py:188} INFO - [2026-03-30T05:39:58.447+0000] {dag.py:3947} INFO - Setting next_dagrun for example_branch_operator to 2026-03-29 00:00:00+00:00, run_after=2026-03-30 00:00:00+00:00
[2026-03-30T05:39:58.753+0000] {processor.py:183} INFO - Processing /home/airflow/.local/lib/python3.12/site-packages/airflow/example_dags/example_branch_operator.py took 1.877 seconds
[2026-03-30T05:45:30.655+0000] {processor.py:161} INFO - Started process (PID=432) to work on /home/airflow/.local/lib/python3.12/site-packages/airflow/example_dags/example_branch_operator.py
[2026-03-30T05:45:30.684+0000] {processor.py:830} INFO - Processing file /home/airflow/.local/lib/python3.12/site-packages/airflow/example_dags/example_branch_operator.py for tasks to queue
[2026-03-30T05:45:30.862+0000] {logging_mixin.py:188} INFO - [2026-03-30T05:45:30.859+0000] {dagbag.py:545} INFO - Filling up the DagBag from /home/airflow/.local/lib/python3.12/site-packages/airflow/example_dags/example_branch_operator.py
[2026-03-30T05:45:31.196+0000] {processor.py:840} INFO - DAG(s) 'example_branch_operator' retrieved from /home/airflow/.local/lib/python3.12/site-packages/airflow/example_dags/example_branch_operator.py
[2026-03-30T05:45:36.244+0000] {logging_mixin.py:188} INFO - [2026-03-30T05:45:36.123+0000] {dag.py:3089} INFO - Sync 1 DAGs
[2026-03-30T05:45:39.902+0000] {logging_mixin.py:188} INFO - [2026-03-30T05:45:39.872+0000] {dag.py:3947} INFO - Setting next_dagrun for example_branch_operator to 2026-03-29 00:00:00+00:00, run_after=2026-03-30 00:00:00+00:00
[2026-03-30T05:45:42.959+0000] {processor.py:183} INFO - Processing /home/airflow/.local/lib/python3.12/site-packages/airflow/example_dags/example_branch_operator.py took 13.405 seconds
[2026-03-30T06:05:05.052+0000] {processor.py:161} INFO - Started process (PID=664) to work on /home/airflow/.local/lib/python3.12/site-packages/airflow/example_dags/example_branch_operator.py
[2026-03-30T06:05:05.078+0000] {processor.py:830} INFO - Processing file /home/airflow/.local/lib/python3.12/site-packages/airflow/example_dags/example_branch_operator.py for tasks to queue
[2026-03-30T06:05:05.157+0000] {logging_mixin.py:188} INFO - [2026-03-30T06:05:05.111+0000] {dagbag.py:545} INFO - Filling up the DagBag from /home/airflow/.local/lib/python3.12/site-packages/airflow/example_dags/example_branch_operator.py
[2026-03-30T06:05:05.629+0000] {processor.py:840} INFO - DAG(s) 'example_branch_operator' retrieved from /home/airflow/.local/lib/python3.12/site-packages/airflow/example_dags/example_branch_operator.py
[2026-03-30T06:05:06.973+0000] {logging_mixin.py:188} INFO - [2026-03-30T06:05:06.968+0000] {dag.py:3089} INFO - Sync 1 DAGs
[2026-03-30T06:05:07.565+0000] {logging_mixin.py:188} INFO - [2026-03-30T06:05:07.527+0000] {dag.py:3947} INFO - Setting next_dagrun for example_branch_operator to 2026-03-29 00:00:00+00:00, run_after=2026-03-30 00:00:00+00:00
[2026-03-30T06:05:07.904+0000] {processor.py:183} INFO - Processing /home/airflow/.local/lib/python3.12/site-packages/airflow/example_dags/example_branch_operator.py took 2.933 seconds
[2026-03-30T06:12:07.705+0000] {processor.py:161} INFO - Started process (PID=102) to work on /home/airflow/.local/lib/python3.12/site-packages/airflow/example_dags/example_branch_operator.py
[2026-03-30T06:12:07.709+0000] {processor.py:830} INFO - Processing file /home/airflow/.local/lib/python3.12/site-packages/airflow/example_dags/example_branch_operator.py for tasks to queue
[2026-03-30T06:12:07.718+0000] {logging_mixin.py:188} INFO - [2026-03-30T06:12:07.714+0000] {dagbag.py:545} INFO - Filling up the DagBag from /home/airflow/.local/lib/python3.12/site-packages/airflow/example_dags/example_branch_operator.py
[2026-03-30T06:12:07.786+0000] {processor.py:840} INFO - DAG(s) 'example_branch_operator' retrieved from /home/airflow/.local/lib/python3.12/site-packages/airflow/example_dags/example_branch_operator.py
[2026-03-30T06:12:08.045+0000] {logging_mixin.py:188} INFO - [2026-03-30T06:12:08.044+0000] {dag.py:3089} INFO - Sync 1 DAGs
[2026-03-30T06:12:08.101+0000] {logging_mixin.py:188} INFO - [2026-03-30T06:12:08.101+0000] {dag.py:3947} INFO - Setting next_dagrun for example_branch_operator to 2026-03-29 00:00:00+00:00, run_after=2026-03-30 00:00:00+00:00
[2026-03-30T06:12:08.150+0000] {processor.py:183} INFO - Processing /home/airflow/.local/lib/python3.12/site-packages/airflow/example_dags/example_branch_operator.py took 0.484 seconds
