[2026-03-30T05:35:27.581+0000] {processor.py:161} INFO - Started process (PID=81) to work on /home/airflow/.local/lib/python3.12/site-packages/airflow/example_dags/example_task_group.py
[2026-03-30T05:35:27.586+0000] {processor.py:830} INFO - Processing file /home/airflow/.local/lib/python3.12/site-packages/airflow/example_dags/example_task_group.py for tasks to queue
[2026-03-30T05:35:27.612+0000] {logging_mixin.py:188} INFO - [2026-03-30T05:35:27.611+0000] {dagbag.py:545} INFO - Filling up the DagBag from /home/airflow/.local/lib/python3.12/site-packages/airflow/example_dags/example_task_group.py
[2026-03-30T05:35:27.847+0000] {processor.py:840} INFO - DAG(s) 'example_task_group' retrieved from /home/airflow/.local/lib/python3.12/site-packages/airflow/example_dags/example_task_group.py
[2026-03-30T05:35:28.665+0000] {logging_mixin.py:188} INFO - [2026-03-30T05:35:28.664+0000] {dag.py:3089} INFO - Sync 1 DAGs
[2026-03-30T05:35:28.861+0000] {logging_mixin.py:188} INFO - [2026-03-30T05:35:28.858+0000] {dag.py:3947} INFO - Setting next_dagrun for example_task_group to 2026-03-29 00:00:00+00:00, run_after=2026-03-30 00:00:00+00:00
[2026-03-30T05:35:29.131+0000] {processor.py:183} INFO - Processing /home/airflow/.local/lib/python3.12/site-packages/airflow/example_dags/example_task_group.py took 1.577 seconds
[2026-03-30T05:37:09.262+0000] {processor.py:161} INFO - Started process (PID=150) to work on /home/airflow/.local/lib/python3.12/site-packages/airflow/example_dags/example_task_group.py
[2026-03-30T05:37:09.267+0000] {processor.py:830} INFO - Processing file /home/airflow/.local/lib/python3.12/site-packages/airflow/example_dags/example_task_group.py for tasks to queue
[2026-03-30T05:37:09.300+0000] {logging_mixin.py:188} INFO - [2026-03-30T05:37:09.295+0000] {dagbag.py:545} INFO - Filling up the DagBag from /home/airflow/.local/lib/python3.12/site-packages/airflow/example_dags/example_task_group.py
[2026-03-30T05:37:09.366+0000] {processor.py:840} INFO - DAG(s) 'example_task_group' retrieved from /home/airflow/.local/lib/python3.12/site-packages/airflow/example_dags/example_task_group.py
[2026-03-30T05:37:09.636+0000] {logging_mixin.py:188} INFO - [2026-03-30T05:37:09.634+0000] {dag.py:3089} INFO - Sync 1 DAGs
[2026-03-30T05:37:09.776+0000] {logging_mixin.py:188} INFO - [2026-03-30T05:37:09.776+0000] {dag.py:3947} INFO - Setting next_dagrun for example_task_group to 2026-03-29 00:00:00+00:00, run_after=2026-03-30 00:00:00+00:00
[2026-03-30T05:37:09.977+0000] {processor.py:183} INFO - Processing /home/airflow/.local/lib/python3.12/site-packages/airflow/example_dags/example_task_group.py took 0.767 seconds
[2026-03-30T05:37:41.790+0000] {processor.py:161} INFO - Started process (PID=206) to work on /home/airflow/.local/lib/python3.12/site-packages/airflow/example_dags/example_task_group.py
[2026-03-30T05:37:41.793+0000] {processor.py:830} INFO - Processing file /home/airflow/.local/lib/python3.12/site-packages/airflow/example_dags/example_task_group.py for tasks to queue
[2026-03-30T05:37:41.805+0000] {logging_mixin.py:188} INFO - [2026-03-30T05:37:41.804+0000] {dagbag.py:545} INFO - Filling up the DagBag from /home/airflow/.local/lib/python3.12/site-packages/airflow/example_dags/example_task_group.py
[2026-03-30T05:37:41.837+0000] {processor.py:840} INFO - DAG(s) 'example_task_group' retrieved from /home/airflow/.local/lib/python3.12/site-packages/airflow/example_dags/example_task_group.py
[2026-03-30T05:37:42.227+0000] {logging_mixin.py:188} INFO - [2026-03-30T05:37:42.225+0000] {dag.py:3089} INFO - Sync 1 DAGs
[2026-03-30T05:37:42.484+0000] {logging_mixin.py:188} INFO - [2026-03-30T05:37:42.483+0000] {dag.py:3947} INFO - Setting next_dagrun for example_task_group to 2026-03-29 00:00:00+00:00, run_after=2026-03-30 00:00:00+00:00
[2026-03-30T05:37:42.807+0000] {processor.py:183} INFO - Processing /home/airflow/.local/lib/python3.12/site-packages/airflow/example_dags/example_task_group.py took 1.100 seconds
[2026-03-30T05:38:21.000+0000] {processor.py:161} INFO - Started process (PID=257) to work on /home/airflow/.local/lib/python3.12/site-packages/airflow/example_dags/example_task_group.py
[2026-03-30T05:38:21.005+0000] {processor.py:830} INFO - Processing file /home/airflow/.local/lib/python3.12/site-packages/airflow/example_dags/example_task_group.py for tasks to queue
[2026-03-30T05:38:21.018+0000] {logging_mixin.py:188} INFO - [2026-03-30T05:38:21.018+0000] {dagbag.py:545} INFO - Filling up the DagBag from /home/airflow/.local/lib/python3.12/site-packages/airflow/example_dags/example_task_group.py
[2026-03-30T05:38:21.039+0000] {processor.py:840} INFO - DAG(s) 'example_task_group' retrieved from /home/airflow/.local/lib/python3.12/site-packages/airflow/example_dags/example_task_group.py
[2026-03-30T05:38:21.126+0000] {logging_mixin.py:188} INFO - [2026-03-30T05:38:21.125+0000] {dag.py:3089} INFO - Sync 1 DAGs
[2026-03-30T05:38:21.174+0000] {logging_mixin.py:188} INFO - [2026-03-30T05:38:21.174+0000] {dag.py:3947} INFO - Setting next_dagrun for example_task_group to 2026-03-29 00:00:00+00:00, run_after=2026-03-30 00:00:00+00:00
[2026-03-30T05:38:21.236+0000] {processor.py:183} INFO - Processing /home/airflow/.local/lib/python3.12/site-packages/airflow/example_dags/example_task_group.py took 0.245 seconds
[2026-03-30T05:39:25.645+0000] {processor.py:161} INFO - Started process (PID=308) to work on /home/airflow/.local/lib/python3.12/site-packages/airflow/example_dags/example_task_group.py
[2026-03-30T05:39:25.784+0000] {processor.py:830} INFO - Processing file /home/airflow/.local/lib/python3.12/site-packages/airflow/example_dags/example_task_group.py for tasks to queue
[2026-03-30T05:39:26.063+0000] {logging_mixin.py:188} INFO - [2026-03-30T05:39:26.061+0000] {dagbag.py:545} INFO - Filling up the DagBag from /home/airflow/.local/lib/python3.12/site-packages/airflow/example_dags/example_task_group.py
[2026-03-30T05:39:26.414+0000] {processor.py:840} INFO - DAG(s) 'example_task_group' retrieved from /home/airflow/.local/lib/python3.12/site-packages/airflow/example_dags/example_task_group.py
[2026-03-30T05:39:26.957+0000] {logging_mixin.py:188} INFO - [2026-03-30T05:39:26.956+0000] {dag.py:3089} INFO - Sync 1 DAGs
[2026-03-30T05:39:27.936+0000] {logging_mixin.py:188} INFO - [2026-03-30T05:39:27.934+0000] {dag.py:3947} INFO - Setting next_dagrun for example_task_group to 2026-03-29 00:00:00+00:00, run_after=2026-03-30 00:00:00+00:00
[2026-03-30T05:39:29.443+0000] {processor.py:183} INFO - Processing /home/airflow/.local/lib/python3.12/site-packages/airflow/example_dags/example_task_group.py took 3.818 seconds
[2026-03-30T05:41:42.734+0000] {processor.py:161} INFO - Started process (PID=364) to work on /home/airflow/.local/lib/python3.12/site-packages/airflow/example_dags/example_task_group.py
[2026-03-30T05:41:42.761+0000] {processor.py:830} INFO - Processing file /home/airflow/.local/lib/python3.12/site-packages/airflow/example_dags/example_task_group.py for tasks to queue
[2026-03-30T05:41:43.031+0000] {logging_mixin.py:188} INFO - [2026-03-30T05:41:43.024+0000] {dagbag.py:545} INFO - Filling up the DagBag from /home/airflow/.local/lib/python3.12/site-packages/airflow/example_dags/example_task_group.py
[2026-03-30T05:41:43.615+0000] {processor.py:840} INFO - DAG(s) 'example_task_group' retrieved from /home/airflow/.local/lib/python3.12/site-packages/airflow/example_dags/example_task_group.py
[2026-03-30T05:41:45.060+0000] {logging_mixin.py:188} INFO - [2026-03-30T05:41:44.923+0000] {dag.py:3089} INFO - Sync 1 DAGs
[2026-03-30T05:41:46.527+0000] {logging_mixin.py:188} INFO - [2026-03-30T05:41:46.513+0000] {dag.py:3947} INFO - Setting next_dagrun for example_task_group to 2026-03-29 00:00:00+00:00, run_after=2026-03-30 00:00:00+00:00
[2026-03-30T05:41:48.847+0000] {processor.py:183} INFO - Processing /home/airflow/.local/lib/python3.12/site-packages/airflow/example_dags/example_task_group.py took 6.269 seconds
[2026-03-30T05:46:56.869+0000] {processor.py:161} INFO - Started process (PID=456) to work on /home/airflow/.local/lib/python3.12/site-packages/airflow/example_dags/example_task_group.py
[2026-03-30T05:46:56.961+0000] {processor.py:830} INFO - Processing file /home/airflow/.local/lib/python3.12/site-packages/airflow/example_dags/example_task_group.py for tasks to queue
[2026-03-30T05:46:57.323+0000] {logging_mixin.py:188} INFO - [2026-03-30T05:46:57.175+0000] {dagbag.py:545} INFO - Filling up the DagBag from /home/airflow/.local/lib/python3.12/site-packages/airflow/example_dags/example_task_group.py
[2026-03-30T05:47:00.211+0000] {processor.py:840} INFO - DAG(s) 'example_task_group' retrieved from /home/airflow/.local/lib/python3.12/site-packages/airflow/example_dags/example_task_group.py
[2026-03-30T05:47:11.422+0000] {logging_mixin.py:188} INFO - [2026-03-30T05:47:11.418+0000] {dag.py:3089} INFO - Sync 1 DAGs
[2026-03-30T05:47:16.788+0000] {logging_mixin.py:188} INFO - [2026-03-30T05:47:16.759+0000] {dag.py:3947} INFO - Setting next_dagrun for example_task_group to 2026-03-29 00:00:00+00:00, run_after=2026-03-30 00:00:00+00:00
[2026-03-30T05:47:19.018+0000] {processor.py:183} INFO - Processing /home/airflow/.local/lib/python3.12/site-packages/airflow/example_dags/example_task_group.py took 22.098 seconds
[2026-03-30T05:57:23.705+0000] {processor.py:161} INFO - Started process (PID=575) to work on /home/airflow/.local/lib/python3.12/site-packages/airflow/example_dags/example_task_group.py
[2026-03-30T05:57:23.834+0000] {processor.py:830} INFO - Processing file /home/airflow/.local/lib/python3.12/site-packages/airflow/example_dags/example_task_group.py for tasks to queue
[2026-03-30T05:57:23.966+0000] {logging_mixin.py:188} INFO - [2026-03-30T05:57:23.870+0000] {dagbag.py:545} INFO - Filling up the DagBag from /home/airflow/.local/lib/python3.12/site-packages/airflow/example_dags/example_task_group.py
[2026-03-30T05:57:26.262+0000] {processor.py:840} INFO - DAG(s) 'example_task_group' retrieved from /home/airflow/.local/lib/python3.12/site-packages/airflow/example_dags/example_task_group.py
[2026-03-30T05:57:45.500+0000] {logging_mixin.py:188} INFO - [2026-03-30T05:57:45.264+0000] {dag.py:3089} INFO - Sync 1 DAGs
[2026-03-30T06:06:13.835+0000] {processor.py:161} INFO - Started process (PID=690) to work on /home/airflow/.local/lib/python3.12/site-packages/airflow/example_dags/example_task_group.py
[2026-03-30T06:06:14.019+0000] {processor.py:830} INFO - Processing file /home/airflow/.local/lib/python3.12/site-packages/airflow/example_dags/example_task_group.py for tasks to queue
[2026-03-30T06:06:14.462+0000] {logging_mixin.py:188} INFO - [2026-03-30T06:06:14.172+0000] {dagbag.py:545} INFO - Filling up the DagBag from /home/airflow/.local/lib/python3.12/site-packages/airflow/example_dags/example_task_group.py
[2026-03-30T06:06:16.021+0000] {processor.py:840} INFO - DAG(s) 'example_task_group' retrieved from /home/airflow/.local/lib/python3.12/site-packages/airflow/example_dags/example_task_group.py
[2026-03-30T06:06:32.069+0000] {logging_mixin.py:188} INFO - [2026-03-30T06:06:31.950+0000] {dag.py:3089} INFO - Sync 1 DAGs
[2026-03-30T06:06:36.279+0000] {logging_mixin.py:188} INFO - [2026-03-30T06:06:36.251+0000] {dag.py:3947} INFO - Setting next_dagrun for example_task_group to 2026-03-29 00:00:00+00:00, run_after=2026-03-30 00:00:00+00:00
[2026-03-30T06:06:38.727+0000] {processor.py:183} INFO - Processing /home/airflow/.local/lib/python3.12/site-packages/airflow/example_dags/example_task_group.py took 25.608 seconds
[2026-03-30T06:11:55.826+0000] {processor.py:161} INFO - Started process (PID=69) to work on /home/airflow/.local/lib/python3.12/site-packages/airflow/example_dags/example_task_group.py
[2026-03-30T06:11:55.832+0000] {processor.py:830} INFO - Processing file /home/airflow/.local/lib/python3.12/site-packages/airflow/example_dags/example_task_group.py for tasks to queue
[2026-03-30T06:11:55.836+0000] {logging_mixin.py:188} INFO - [2026-03-30T06:11:55.835+0000] {dagbag.py:545} INFO - Filling up the DagBag from /home/airflow/.local/lib/python3.12/site-packages/airflow/example_dags/example_task_group.py
[2026-03-30T06:11:55.867+0000] {processor.py:840} INFO - DAG(s) 'example_task_group' retrieved from /home/airflow/.local/lib/python3.12/site-packages/airflow/example_dags/example_task_group.py
[2026-03-30T06:11:56.203+0000] {logging_mixin.py:188} INFO - [2026-03-30T06:11:56.202+0000] {dag.py:3089} INFO - Sync 1 DAGs
[2026-03-30T06:11:56.348+0000] {logging_mixin.py:188} INFO - [2026-03-30T06:11:56.348+0000] {dag.py:3947} INFO - Setting next_dagrun for example_task_group to 2026-03-29 00:00:00+00:00, run_after=2026-03-30 00:00:00+00:00
[2026-03-30T06:11:56.436+0000] {processor.py:183} INFO - Processing /home/airflow/.local/lib/python3.12/site-packages/airflow/example_dags/example_task_group.py took 0.646 seconds
