[2026-03-30T05:36:04.063+0000] {processor.py:161} INFO - Started process (PID=105) to work on /home/airflow/.local/lib/python3.12/site-packages/airflow/example_dags/tutorial_objectstorage.py
[2026-03-30T05:36:04.088+0000] {processor.py:830} INFO - Processing file /home/airflow/.local/lib/python3.12/site-packages/airflow/example_dags/tutorial_objectstorage.py for tasks to queue
[2026-03-30T05:36:04.108+0000] {logging_mixin.py:188} INFO - [2026-03-30T05:36:04.107+0000] {dagbag.py:545} INFO - Filling up the DagBag from /home/airflow/.local/lib/python3.12/site-packages/airflow/example_dags/tutorial_objectstorage.py
[2026-03-30T05:36:04.390+0000] {processor.py:840} INFO - DAG(s) 'tutorial_objectstorage' retrieved from /home/airflow/.local/lib/python3.12/site-packages/airflow/example_dags/tutorial_objectstorage.py
[2026-03-30T05:36:05.932+0000] {logging_mixin.py:188} INFO - [2026-03-30T05:36:05.923+0000] {dag.py:3089} INFO - Sync 1 DAGs
[2026-03-30T05:36:06.004+0000] {logging_mixin.py:188} INFO - [2026-03-30T05:36:06.003+0000] {dag.py:3947} INFO - Setting next_dagrun for tutorial_objectstorage to None, run_after=None
[2026-03-30T05:36:06.088+0000] {processor.py:183} INFO - Processing /home/airflow/.local/lib/python3.12/site-packages/airflow/example_dags/tutorial_objectstorage.py took 2.107 seconds
[2026-03-30T05:37:31.344+0000] {processor.py:161} INFO - Started process (PID=169) to work on /home/airflow/.local/lib/python3.12/site-packages/airflow/example_dags/tutorial_objectstorage.py
[2026-03-30T05:37:31.356+0000] {processor.py:830} INFO - Processing file /home/airflow/.local/lib/python3.12/site-packages/airflow/example_dags/tutorial_objectstorage.py for tasks to queue
[2026-03-30T05:37:31.387+0000] {logging_mixin.py:188} INFO - [2026-03-30T05:37:31.386+0000] {dagbag.py:545} INFO - Filling up the DagBag from /home/airflow/.local/lib/python3.12/site-packages/airflow/example_dags/tutorial_objectstorage.py
[2026-03-30T05:37:31.573+0000] {processor.py:840} INFO - DAG(s) 'tutorial_objectstorage' retrieved from /home/airflow/.local/lib/python3.12/site-packages/airflow/example_dags/tutorial_objectstorage.py
[2026-03-30T05:37:31.680+0000] {logging_mixin.py:188} INFO - [2026-03-30T05:37:31.678+0000] {dag.py:3089} INFO - Sync 1 DAGs
[2026-03-30T05:37:31.802+0000] {logging_mixin.py:188} INFO - [2026-03-30T05:37:31.800+0000] {dag.py:3947} INFO - Setting next_dagrun for tutorial_objectstorage to None, run_after=None
[2026-03-30T05:37:32.026+0000] {processor.py:183} INFO - Processing /home/airflow/.local/lib/python3.12/site-packages/airflow/example_dags/tutorial_objectstorage.py took 0.718 seconds
[2026-03-30T05:38:07.914+0000] {processor.py:161} INFO - Started process (PID=233) to work on /home/airflow/.local/lib/python3.12/site-packages/airflow/example_dags/tutorial_objectstorage.py
[2026-03-30T05:38:07.974+0000] {processor.py:830} INFO - Processing file /home/airflow/.local/lib/python3.12/site-packages/airflow/example_dags/tutorial_objectstorage.py for tasks to queue
[2026-03-30T05:38:08.065+0000] {logging_mixin.py:188} INFO - [2026-03-30T05:38:08.038+0000] {dagbag.py:545} INFO - Filling up the DagBag from /home/airflow/.local/lib/python3.12/site-packages/airflow/example_dags/tutorial_objectstorage.py
[2026-03-30T05:38:08.306+0000] {processor.py:840} INFO - DAG(s) 'tutorial_objectstorage' retrieved from /home/airflow/.local/lib/python3.12/site-packages/airflow/example_dags/tutorial_objectstorage.py
[2026-03-30T05:38:08.707+0000] {logging_mixin.py:188} INFO - [2026-03-30T05:38:08.707+0000] {dag.py:3089} INFO - Sync 1 DAGs
[2026-03-30T05:38:09.001+0000] {logging_mixin.py:188} INFO - [2026-03-30T05:38:09.001+0000] {dag.py:3947} INFO - Setting next_dagrun for tutorial_objectstorage to None, run_after=None
[2026-03-30T05:38:09.507+0000] {processor.py:183} INFO - Processing /home/airflow/.local/lib/python3.12/site-packages/airflow/example_dags/tutorial_objectstorage.py took 1.685 seconds
[2026-03-30T05:38:40.068+0000] {processor.py:161} INFO - Started process (PID=288) to work on /home/airflow/.local/lib/python3.12/site-packages/airflow/example_dags/tutorial_objectstorage.py
[2026-03-30T05:38:40.094+0000] {processor.py:830} INFO - Processing file /home/airflow/.local/lib/python3.12/site-packages/airflow/example_dags/tutorial_objectstorage.py for tasks to queue
[2026-03-30T05:38:40.254+0000] {logging_mixin.py:188} INFO - [2026-03-30T05:38:40.251+0000] {dagbag.py:545} INFO - Filling up the DagBag from /home/airflow/.local/lib/python3.12/site-packages/airflow/example_dags/tutorial_objectstorage.py
[2026-03-30T05:38:40.397+0000] {processor.py:840} INFO - DAG(s) 'tutorial_objectstorage' retrieved from /home/airflow/.local/lib/python3.12/site-packages/airflow/example_dags/tutorial_objectstorage.py
[2026-03-30T05:38:41.882+0000] {logging_mixin.py:188} INFO - [2026-03-30T05:38:41.880+0000] {dag.py:3089} INFO - Sync 1 DAGs
[2026-03-30T05:38:42.190+0000] {logging_mixin.py:188} INFO - [2026-03-30T05:38:42.189+0000] {dag.py:3947} INFO - Setting next_dagrun for tutorial_objectstorage to None, run_after=None
[2026-03-30T05:38:42.465+0000] {processor.py:183} INFO - Processing /home/airflow/.local/lib/python3.12/site-packages/airflow/example_dags/tutorial_objectstorage.py took 2.566 seconds
[2026-03-30T05:43:34.867+0000] {processor.py:161} INFO - Started process (PID=400) to work on /home/airflow/.local/lib/python3.12/site-packages/airflow/example_dags/tutorial_objectstorage.py
[2026-03-30T05:43:34.879+0000] {processor.py:830} INFO - Processing file /home/airflow/.local/lib/python3.12/site-packages/airflow/example_dags/tutorial_objectstorage.py for tasks to queue
[2026-03-30T05:43:35.321+0000] {logging_mixin.py:188} INFO - [2026-03-30T05:43:35.317+0000] {dagbag.py:545} INFO - Filling up the DagBag from /home/airflow/.local/lib/python3.12/site-packages/airflow/example_dags/tutorial_objectstorage.py
[2026-03-30T05:43:36.032+0000] {processor.py:840} INFO - DAG(s) 'tutorial_objectstorage' retrieved from /home/airflow/.local/lib/python3.12/site-packages/airflow/example_dags/tutorial_objectstorage.py
[2026-03-30T05:43:38.920+0000] {logging_mixin.py:188} INFO - [2026-03-30T05:43:38.873+0000] {dag.py:3089} INFO - Sync 1 DAGs
[2026-03-30T05:43:42.271+0000] {logging_mixin.py:188} INFO - [2026-03-30T05:43:42.242+0000] {dag.py:3947} INFO - Setting next_dagrun for tutorial_objectstorage to None, run_after=None
[2026-03-30T05:43:43.451+0000] {processor.py:183} INFO - Processing /home/airflow/.local/lib/python3.12/site-packages/airflow/example_dags/tutorial_objectstorage.py took 9.303 seconds
[2026-03-30T05:50:17.856+0000] {processor.py:161} INFO - Started process (PID=504) to work on /home/airflow/.local/lib/python3.12/site-packages/airflow/example_dags/tutorial_objectstorage.py
[2026-03-30T05:50:17.926+0000] {processor.py:830} INFO - Processing file /home/airflow/.local/lib/python3.12/site-packages/airflow/example_dags/tutorial_objectstorage.py for tasks to queue
[2026-03-30T05:50:18.694+0000] {logging_mixin.py:188} INFO - [2026-03-30T05:50:18.595+0000] {dagbag.py:545} INFO - Filling up the DagBag from /home/airflow/.local/lib/python3.12/site-packages/airflow/example_dags/tutorial_objectstorage.py
[2026-03-30T05:50:19.658+0000] {processor.py:840} INFO - DAG(s) 'tutorial_objectstorage' retrieved from /home/airflow/.local/lib/python3.12/site-packages/airflow/example_dags/tutorial_objectstorage.py
[2026-03-30T05:50:28.800+0000] {logging_mixin.py:188} INFO - [2026-03-30T05:50:28.484+0000] {dag.py:3089} INFO - Sync 1 DAGs
[2026-03-30T05:50:31.980+0000] {logging_mixin.py:188} INFO - [2026-03-30T05:50:31.963+0000] {dag.py:3947} INFO - Setting next_dagrun for tutorial_objectstorage to None, run_after=None
[2026-03-30T05:50:40.188+0000] {processor.py:183} INFO - Processing /home/airflow/.local/lib/python3.12/site-packages/airflow/example_dags/tutorial_objectstorage.py took 22.519 seconds
[2026-03-30T06:03:54.832+0000] {processor.py:161} INFO - Started process (PID=639) to work on /home/airflow/.local/lib/python3.12/site-packages/airflow/example_dags/tutorial_objectstorage.py
[2026-03-30T06:03:54.922+0000] {processor.py:830} INFO - Processing file /home/airflow/.local/lib/python3.12/site-packages/airflow/example_dags/tutorial_objectstorage.py for tasks to queue
[2026-03-30T06:03:55.147+0000] {logging_mixin.py:188} INFO - [2026-03-30T06:03:55.001+0000] {dagbag.py:545} INFO - Filling up the DagBag from /home/airflow/.local/lib/python3.12/site-packages/airflow/example_dags/tutorial_objectstorage.py
[2026-03-30T06:04:00.753+0000] {processor.py:840} INFO - DAG(s) 'tutorial_objectstorage' retrieved from /home/airflow/.local/lib/python3.12/site-packages/airflow/example_dags/tutorial_objectstorage.py
[2026-03-30T06:04:07.648+0000] {logging_mixin.py:188} INFO - [2026-03-30T06:04:07.552+0000] {dag.py:3089} INFO - Sync 1 DAGs
[2026-03-30T06:04:10.768+0000] {logging_mixin.py:188} INFO - [2026-03-30T06:04:10.728+0000] {dag.py:3947} INFO - Setting next_dagrun for tutorial_objectstorage to None, run_after=None
[2026-03-30T06:04:13.213+0000] {processor.py:183} INFO - Processing /home/airflow/.local/lib/python3.12/site-packages/airflow/example_dags/tutorial_objectstorage.py took 19.730 seconds
[2026-03-30T06:08:36.085+0000] {processor.py:161} INFO - Started process (PID=735) to work on /home/airflow/.local/lib/python3.12/site-packages/airflow/example_dags/tutorial_objectstorage.py
[2026-03-30T06:08:36.207+0000] {processor.py:830} INFO - Processing file /home/airflow/.local/lib/python3.12/site-packages/airflow/example_dags/tutorial_objectstorage.py for tasks to queue
[2026-03-30T06:08:36.248+0000] {logging_mixin.py:188} INFO - [2026-03-30T06:08:36.228+0000] {dagbag.py:545} INFO - Filling up the DagBag from /home/airflow/.local/lib/python3.12/site-packages/airflow/example_dags/tutorial_objectstorage.py
[2026-03-30T06:08:37.161+0000] {processor.py:840} INFO - DAG(s) 'tutorial_objectstorage' retrieved from /home/airflow/.local/lib/python3.12/site-packages/airflow/example_dags/tutorial_objectstorage.py
[2026-03-30T06:08:42.278+0000] {logging_mixin.py:188} INFO - [2026-03-30T06:08:42.234+0000] {dag.py:3089} INFO - Sync 1 DAGs
[2026-03-30T06:08:42.681+0000] {logging_mixin.py:188} INFO - [2026-03-30T06:08:42.677+0000] {dag.py:3947} INFO - Setting next_dagrun for tutorial_objectstorage to None, run_after=None
[2026-03-30T06:08:43.040+0000] {processor.py:183} INFO - Processing /home/airflow/.local/lib/python3.12/site-packages/airflow/example_dags/tutorial_objectstorage.py took 7.230 seconds
[2026-03-30T06:12:04.624+0000] {processor.py:161} INFO - Started process (PID=88) to work on /home/airflow/.local/lib/python3.12/site-packages/airflow/example_dags/tutorial_objectstorage.py
[2026-03-30T06:12:04.626+0000] {processor.py:830} INFO - Processing file /home/airflow/.local/lib/python3.12/site-packages/airflow/example_dags/tutorial_objectstorage.py for tasks to queue
[2026-03-30T06:12:04.630+0000] {logging_mixin.py:188} INFO - [2026-03-30T06:12:04.629+0000] {dagbag.py:545} INFO - Filling up the DagBag from /home/airflow/.local/lib/python3.12/site-packages/airflow/example_dags/tutorial_objectstorage.py
[2026-03-30T06:12:04.656+0000] {processor.py:840} INFO - DAG(s) 'tutorial_objectstorage' retrieved from /home/airflow/.local/lib/python3.12/site-packages/airflow/example_dags/tutorial_objectstorage.py
[2026-03-30T06:12:04.732+0000] {logging_mixin.py:188} INFO - [2026-03-30T06:12:04.731+0000] {dag.py:3089} INFO - Sync 1 DAGs
[2026-03-30T06:12:04.825+0000] {logging_mixin.py:188} INFO - [2026-03-30T06:12:04.824+0000] {dag.py:3947} INFO - Setting next_dagrun for tutorial_objectstorage to None, run_after=None
[2026-03-30T06:12:05.019+0000] {processor.py:183} INFO - Processing /home/airflow/.local/lib/python3.12/site-packages/airflow/example_dags/tutorial_objectstorage.py took 0.407 seconds
